ERROR - 2022-03-22 09:25:03 --> Error connecting to the database: No connection could be made because the target machine actively refused it
CRITICAL - 2022-03-22 09:25:03 --> Unable to connect to the database.
Main connection [MySQLi]: No connection could be made because the target machine actively refused it
#0 C:\xampp\htdocs\CI4-CRUD\system\Database\BaseConnection.php(577): CodeIgniter\Database\BaseConnection->initialize()
#1 C:\xampp\htdocs\CI4-CRUD\system\Database\BaseBuilder.php(1455): CodeIgniter\Database\BaseConnection->query('SELECT *\nFROM `...', Array, false)
#2 C:\xampp\htdocs\CI4-CRUD\app\Models\ModelMahasiswa.php(16): CodeIgniter\Database\BaseBuilder->get()
#3 C:\xampp\htdocs\CI4-CRUD\app\Controllers\Mahasiswa.php(19): App\Models\ModelMahasiswa->TampilData()
#4 C:\xampp\htdocs\CI4-CRUD\system\CodeIgniter.php(832): App\Controllers\Mahasiswa->index()
#5 C:\xampp\htdocs\CI4-CRUD\system\CodeIgniter.php(419): CodeIgniter\CodeIgniter->runController(Object(App\Controllers\Mahasiswa))
#6 C:\xampp\htdocs\CI4-CRUD\system\CodeIgniter.php(326): CodeIgniter\CodeIgniter->handleRequest(NULL, Object(Config\Cache), false)
#7 C:\xampp\htdocs\CI4-CRUD\public\index.php(37): CodeIgniter\CodeIgniter->run()
#8 C:\xampp\htdocs\CI4-CRUD\system\Commands\Server\rewrite.php(43): require_once('C:\\xampp\\htdocs...')
#9 {main}
CRITICAL - 2022-03-22 23:00:24 --> syntax error, unexpected token "=", expecting "]"
#0 C:\xampp\htdocs\CI4-CRUD\system\Autoloader\Autoloader.php(241): CodeIgniter\Autoloader\Autoloader->includeFile('C:\\xampp\\htdocs...')
#1 C:\xampp\htdocs\CI4-CRUD\system\Autoloader\Autoloader.php(219): CodeIgniter\Autoloader\Autoloader->loadInNamespace('App\\Controllers...')
#2 [internal function]: CodeIgniter\Autoloader\Autoloader->loadClass('App\\Controllers...')
#3 C:\xampp\htdocs\CI4-CRUD\system\CodeIgniter.php(797): class_exists('\\App\\Controller...', true)
#4 C:\xampp\htdocs\CI4-CRUD\system\CodeIgniter.php(406): CodeIgniter\CodeIgniter->startController()
#5 C:\xampp\htdocs\CI4-CRUD\system\CodeIgniter.php(326): CodeIgniter\CodeIgniter->handleRequest(NULL, Object(Config\Cache), false)
#6 C:\xampp\htdocs\CI4-CRUD\public\index.php(37): CodeIgniter\CodeIgniter->run()
#7 C:\xampp\htdocs\CI4-CRUD\system\Commands\Server\rewrite.php(43): require_once('C:\\xampp\\htdocs...')
#8 {main}
