CRITICAL - 2022-03-15 01:07:40 --> Undefined variable $nim_mhs
#0 C:\xampp\htdocs\CI4-CRUD\app\Views\ViewDataMahasiswa.php(135): CodeIgniter\Debug\Exceptions->errorHandler(2, 'Undefined varia...', 'C:\\xampp\\htdocs...', 135)
#1 C:\xampp\htdocs\CI4-CRUD\system\View\View.php(210): include('C:\\xampp\\htdocs...')
#2 C:\xampp\htdocs\CI4-CRUD\system\View\View.php(213): CodeIgniter\View\View->CodeIgniter\View\{closure}()
#3 C:\xampp\htdocs\CI4-CRUD\system\Common.php(1089): CodeIgniter\View\View->render('ViewDataMahasis...', Array, true)
#4 C:\xampp\htdocs\CI4-CRUD\app\Controllers\Mahasiswa.php(20): view('ViewDataMahasis...', Array)
#5 C:\xampp\htdocs\CI4-CRUD\system\CodeIgniter.php(832): App\Controllers\Mahasiswa->index()
#6 C:\xampp\htdocs\CI4-CRUD\system\CodeIgniter.php(419): CodeIgniter\CodeIgniter->runController(Object(App\Controllers\Mahasiswa))
#7 C:\xampp\htdocs\CI4-CRUD\system\CodeIgniter.php(326): CodeIgniter\CodeIgniter->handleRequest(NULL, Object(Config\Cache), false)
#8 C:\xampp\htdocs\CI4-CRUD\public\index.php(37): CodeIgniter\CodeIgniter->run()
#9 C:\xampp\htdocs\CI4-CRUD\system\Commands\Server\rewrite.php(43): require_once('C:\\xampp\\htdocs...')
#10 {main}
CRITICAL - 2022-03-15 02:14:32 --> Undefined variable $TampilData
#0 C:\xampp\htdocs\CI4-CRUD\app\Views\ViewDataMahasiswa.php(40): CodeIgniter\Debug\Exceptions->errorHandler(2, 'Undefined varia...', 'C:\\xampp\\htdocs...', 40)
#1 C:\xampp\htdocs\CI4-CRUD\system\View\View.php(210): include('C:\\xampp\\htdocs...')
#2 C:\xampp\htdocs\CI4-CRUD\system\View\View.php(213): CodeIgniter\View\View->CodeIgniter\View\{closure}()
#3 C:\xampp\htdocs\CI4-CRUD\system\Common.php(1089): CodeIgniter\View\View->render('ViewDataMahasis...', Array, true)
#4 C:\xampp\htdocs\CI4-CRUD\app\Controllers\Mahasiswa.php(25): view('ViewDataMahasis...', Array)
#5 C:\xampp\htdocs\CI4-CRUD\system\CodeIgniter.php(832): App\Controllers\Mahasiswa->index()
#6 C:\xampp\htdocs\CI4-CRUD\system\CodeIgniter.php(419): CodeIgniter\CodeIgniter->runController(Object(App\Controllers\Mahasiswa))
#7 C:\xampp\htdocs\CI4-CRUD\system\CodeIgniter.php(326): CodeIgniter\CodeIgniter->handleRequest(NULL, Object(Config\Cache), false)
#8 C:\xampp\htdocs\CI4-CRUD\public\index.php(37): CodeIgniter\CodeIgniter->run()
#9 C:\xampp\htdocs\CI4-CRUD\system\Commands\Server\rewrite.php(43): require_once('C:\\xampp\\htdocs...')
#10 {main}
CRITICAL - 2022-03-15 02:16:08 --> Undefined variable $data
#0 C:\xampp\htdocs\CI4-CRUD\app\Views\ViewDataMahasiswa.php(18): CodeIgniter\Debug\Exceptions->errorHandler(2, 'Undefined varia...', 'C:\\xampp\\htdocs...', 18)
#1 C:\xampp\htdocs\CI4-CRUD\system\View\View.php(210): include('C:\\xampp\\htdocs...')
#2 C:\xampp\htdocs\CI4-CRUD\system\View\View.php(213): CodeIgniter\View\View->CodeIgniter\View\{closure}()
#3 C:\xampp\htdocs\CI4-CRUD\system\Common.php(1089): CodeIgniter\View\View->render('ViewDataMahasis...', Array, true)
#4 C:\xampp\htdocs\CI4-CRUD\app\Controllers\Mahasiswa.php(25): view('ViewDataMahasis...', Array)
#5 C:\xampp\htdocs\CI4-CRUD\system\CodeIgniter.php(832): App\Controllers\Mahasiswa->index()
#6 C:\xampp\htdocs\CI4-CRUD\system\CodeIgniter.php(419): CodeIgniter\CodeIgniter->runController(Object(App\Controllers\Mahasiswa))
#7 C:\xampp\htdocs\CI4-CRUD\system\CodeIgniter.php(326): CodeIgniter\CodeIgniter->handleRequest(NULL, Object(Config\Cache), false)
#8 C:\xampp\htdocs\CI4-CRUD\public\index.php(37): CodeIgniter\CodeIgniter->run()
#9 C:\xampp\htdocs\CI4-CRUD\system\Commands\Server\rewrite.php(43): require_once('C:\\xampp\\htdocs...')
#10 {main}
CRITICAL - 2022-03-15 03:16:21 --> syntax error, unexpected single-quoted string "nama", expecting "]"
#0 C:\xampp\htdocs\CI4-CRUD\system\Router\Router.php(175): CodeIgniter\Router\Router->autoRoute('mahasiswa/index')
#1 C:\xampp\htdocs\CI4-CRUD\system\CodeIgniter.php(726): CodeIgniter\Router\Router->handle('mahasiswa/index')
#2 C:\xampp\htdocs\CI4-CRUD\system\CodeIgniter.php(368): CodeIgniter\CodeIgniter->tryToRouteIt(Object(CodeIgniter\Router\RouteCollection))
#3 C:\xampp\htdocs\CI4-CRUD\system\CodeIgniter.php(326): CodeIgniter\CodeIgniter->handleRequest(NULL, Object(Config\Cache), false)
#4 C:\xampp\htdocs\CI4-CRUD\public\index.php(37): CodeIgniter\CodeIgniter->run()
#5 C:\xampp\htdocs\CI4-CRUD\system\Commands\Server\rewrite.php(43): require_once('C:\\xampp\\htdocs...')
#6 {main}
CRITICAL - 2022-03-15 03:16:48 --> syntax error, unexpected single-quoted string "TampilData", expecting "]"
#0 C:\xampp\htdocs\CI4-CRUD\system\Router\Router.php(175): CodeIgniter\Router\Router->autoRoute('mahasiswa/index')
#1 C:\xampp\htdocs\CI4-CRUD\system\CodeIgniter.php(726): CodeIgniter\Router\Router->handle('mahasiswa/index')
#2 C:\xampp\htdocs\CI4-CRUD\system\CodeIgniter.php(368): CodeIgniter\CodeIgniter->tryToRouteIt(Object(CodeIgniter\Router\RouteCollection))
#3 C:\xampp\htdocs\CI4-CRUD\system\CodeIgniter.php(326): CodeIgniter\CodeIgniter->handleRequest(NULL, Object(Config\Cache), false)
#4 C:\xampp\htdocs\CI4-CRUD\public\index.php(37): CodeIgniter\CodeIgniter->run()
#5 C:\xampp\htdocs\CI4-CRUD\system\Commands\Server\rewrite.php(43): require_once('C:\\xampp\\htdocs...')
#6 {main}
CRITICAL - 2022-03-15 03:17:01 --> syntax error, unexpected token "public"
#0 C:\xampp\htdocs\CI4-CRUD\system\Router\Router.php(175): CodeIgniter\Router\Router->autoRoute('mahasiswa/index')
#1 C:\xampp\htdocs\CI4-CRUD\system\CodeIgniter.php(726): CodeIgniter\Router\Router->handle('mahasiswa/index')
#2 C:\xampp\htdocs\CI4-CRUD\system\CodeIgniter.php(368): CodeIgniter\CodeIgniter->tryToRouteIt(Object(CodeIgniter\Router\RouteCollection))
#3 C:\xampp\htdocs\CI4-CRUD\system\CodeIgniter.php(326): CodeIgniter\CodeIgniter->handleRequest(NULL, Object(Config\Cache), false)
#4 C:\xampp\htdocs\CI4-CRUD\public\index.php(37): CodeIgniter\CodeIgniter->run()
#5 C:\xampp\htdocs\CI4-CRUD\system\Commands\Server\rewrite.php(43): require_once('C:\\xampp\\htdocs...')
#6 {main}
CRITICAL - 2022-03-15 03:17:20 --> Undefined variable $nim_mhs
#0 C:\xampp\htdocs\CI4-CRUD\app\Views\ViewDataMahasiswa.php(135): CodeIgniter\Debug\Exceptions->errorHandler(2, 'Undefined varia...', 'C:\\xampp\\htdocs...', 135)
#1 C:\xampp\htdocs\CI4-CRUD\system\View\View.php(210): include('C:\\xampp\\htdocs...')
#2 C:\xampp\htdocs\CI4-CRUD\system\View\View.php(213): CodeIgniter\View\View->CodeIgniter\View\{closure}()
#3 C:\xampp\htdocs\CI4-CRUD\system\Common.php(1089): CodeIgniter\View\View->render('ViewDataMahasis...', Array, true)
#4 C:\xampp\htdocs\CI4-CRUD\app\Controllers\Mahasiswa.php(20): view('ViewDataMahasis...', Array)
#5 C:\xampp\htdocs\CI4-CRUD\system\CodeIgniter.php(832): App\Controllers\Mahasiswa->index()
#6 C:\xampp\htdocs\CI4-CRUD\system\CodeIgniter.php(419): CodeIgniter\CodeIgniter->runController(Object(App\Controllers\Mahasiswa))
#7 C:\xampp\htdocs\CI4-CRUD\system\CodeIgniter.php(326): CodeIgniter\CodeIgniter->handleRequest(NULL, Object(Config\Cache), false)
#8 C:\xampp\htdocs\CI4-CRUD\public\index.php(37): CodeIgniter\CodeIgniter->run()
#9 C:\xampp\htdocs\CI4-CRUD\system\Commands\Server\rewrite.php(43): require_once('C:\\xampp\\htdocs...')
#10 {main}
CRITICAL - 2022-03-15 03:28:44 --> Undefined variable $nim_mhs
#0 C:\xampp\htdocs\CI4-CRUD\app\Views\ViewDataMahasiswa.php(135): CodeIgniter\Debug\Exceptions->errorHandler(2, 'Undefined varia...', 'C:\\xampp\\htdocs...', 135)
#1 C:\xampp\htdocs\CI4-CRUD\system\View\View.php(210): include('C:\\xampp\\htdocs...')
#2 C:\xampp\htdocs\CI4-CRUD\system\View\View.php(213): CodeIgniter\View\View->CodeIgniter\View\{closure}()
#3 C:\xampp\htdocs\CI4-CRUD\system\Common.php(1089): CodeIgniter\View\View->render('ViewDataMahasis...', Array, true)
#4 C:\xampp\htdocs\CI4-CRUD\app\Controllers\Mahasiswa.php(20): view('ViewDataMahasis...', Array)
#5 C:\xampp\htdocs\CI4-CRUD\system\CodeIgniter.php(832): App\Controllers\Mahasiswa->index()
#6 C:\xampp\htdocs\CI4-CRUD\system\CodeIgniter.php(419): CodeIgniter\CodeIgniter->runController(Object(App\Controllers\Mahasiswa))
#7 C:\xampp\htdocs\CI4-CRUD\system\CodeIgniter.php(326): CodeIgniter\CodeIgniter->handleRequest(NULL, Object(Config\Cache), false)
#8 C:\xampp\htdocs\CI4-CRUD\public\index.php(37): CodeIgniter\CodeIgniter->run()
#9 C:\xampp\htdocs\CI4-CRUD\system\Commands\Server\rewrite.php(43): require_once('C:\\xampp\\htdocs...')
#10 {main}
CRITICAL - 2022-03-15 03:36:16 --> Undefined variable $nim_mhs
#0 C:\xampp\htdocs\CI4-CRUD\app\Views\ViewDataMahasiswa.php(135): CodeIgniter\Debug\Exceptions->errorHandler(2, 'Undefined varia...', 'C:\\xampp\\htdocs...', 135)
#1 C:\xampp\htdocs\CI4-CRUD\system\View\View.php(210): include('C:\\xampp\\htdocs...')
#2 C:\xampp\htdocs\CI4-CRUD\system\View\View.php(213): CodeIgniter\View\View->CodeIgniter\View\{closure}()
#3 C:\xampp\htdocs\CI4-CRUD\system\Common.php(1089): CodeIgniter\View\View->render('ViewDataMahasis...', Array, true)
#4 C:\xampp\htdocs\CI4-CRUD\app\Controllers\Mahasiswa.php(20): view('ViewDataMahasis...', Array)
#5 C:\xampp\htdocs\CI4-CRUD\system\CodeIgniter.php(832): App\Controllers\Mahasiswa->index()
#6 C:\xampp\htdocs\CI4-CRUD\system\CodeIgniter.php(419): CodeIgniter\CodeIgniter->runController(Object(App\Controllers\Mahasiswa))
#7 C:\xampp\htdocs\CI4-CRUD\system\CodeIgniter.php(326): CodeIgniter\CodeIgniter->handleRequest(NULL, Object(Config\Cache), false)
#8 C:\xampp\htdocs\CI4-CRUD\public\index.php(37): CodeIgniter\CodeIgniter->run()
#9 C:\xampp\htdocs\CI4-CRUD\system\Commands\Server\rewrite.php(43): require_once('C:\\xampp\\htdocs...')
#10 {main}
CRITICAL - 2022-03-15 03:36:42 --> Undefined variable $nim_mhs
#0 C:\xampp\htdocs\CI4-CRUD\app\Views\ViewDataMahasiswa.php(135): CodeIgniter\Debug\Exceptions->errorHandler(2, 'Undefined varia...', 'C:\\xampp\\htdocs...', 135)
#1 C:\xampp\htdocs\CI4-CRUD\system\View\View.php(210): include('C:\\xampp\\htdocs...')
#2 C:\xampp\htdocs\CI4-CRUD\system\View\View.php(213): CodeIgniter\View\View->CodeIgniter\View\{closure}()
#3 C:\xampp\htdocs\CI4-CRUD\system\Common.php(1089): CodeIgniter\View\View->render('ViewDataMahasis...', Array, true)
#4 C:\xampp\htdocs\CI4-CRUD\app\Controllers\Mahasiswa.php(20): view('ViewDataMahasis...', Array)
#5 C:\xampp\htdocs\CI4-CRUD\system\CodeIgniter.php(832): App\Controllers\Mahasiswa->index()
#6 C:\xampp\htdocs\CI4-CRUD\system\CodeIgniter.php(419): CodeIgniter\CodeIgniter->runController(Object(App\Controllers\Mahasiswa))
#7 C:\xampp\htdocs\CI4-CRUD\system\CodeIgniter.php(326): CodeIgniter\CodeIgniter->handleRequest(NULL, Object(Config\Cache), false)
#8 C:\xampp\htdocs\CI4-CRUD\public\index.php(37): CodeIgniter\CodeIgniter->run()
#9 C:\xampp\htdocs\CI4-CRUD\system\Commands\Server\rewrite.php(43): require_once('C:\\xampp\\htdocs...')
#10 {main}
CRITICAL - 2022-03-15 03:36:44 --> Undefined variable $nim_mhs
#0 C:\xampp\htdocs\CI4-CRUD\app\Views\ViewDataMahasiswa.php(135): CodeIgniter\Debug\Exceptions->errorHandler(2, 'Undefined varia...', 'C:\\xampp\\htdocs...', 135)
#1 C:\xampp\htdocs\CI4-CRUD\system\View\View.php(210): include('C:\\xampp\\htdocs...')
#2 C:\xampp\htdocs\CI4-CRUD\system\View\View.php(213): CodeIgniter\View\View->CodeIgniter\View\{closure}()
#3 C:\xampp\htdocs\CI4-CRUD\system\Common.php(1089): CodeIgniter\View\View->render('ViewDataMahasis...', Array, true)
#4 C:\xampp\htdocs\CI4-CRUD\app\Controllers\Mahasiswa.php(20): view('ViewDataMahasis...', Array)
#5 C:\xampp\htdocs\CI4-CRUD\system\CodeIgniter.php(832): App\Controllers\Mahasiswa->index()
#6 C:\xampp\htdocs\CI4-CRUD\system\CodeIgniter.php(419): CodeIgniter\CodeIgniter->runController(Object(App\Controllers\Mahasiswa))
#7 C:\xampp\htdocs\CI4-CRUD\system\CodeIgniter.php(326): CodeIgniter\CodeIgniter->handleRequest(NULL, Object(Config\Cache), false)
#8 C:\xampp\htdocs\CI4-CRUD\public\index.php(37): CodeIgniter\CodeIgniter->run()
#9 C:\xampp\htdocs\CI4-CRUD\system\Commands\Server\rewrite.php(43): require_once('C:\\xampp\\htdocs...')
#10 {main}
CRITICAL - 2022-03-15 03:36:44 --> Undefined variable $nim_mhs
#0 C:\xampp\htdocs\CI4-CRUD\app\Views\ViewDataMahasiswa.php(135): CodeIgniter\Debug\Exceptions->errorHandler(2, 'Undefined varia...', 'C:\\xampp\\htdocs...', 135)
#1 C:\xampp\htdocs\CI4-CRUD\system\View\View.php(210): include('C:\\xampp\\htdocs...')
#2 C:\xampp\htdocs\CI4-CRUD\system\View\View.php(213): CodeIgniter\View\View->CodeIgniter\View\{closure}()
#3 C:\xampp\htdocs\CI4-CRUD\system\Common.php(1089): CodeIgniter\View\View->render('ViewDataMahasis...', Array, true)
#4 C:\xampp\htdocs\CI4-CRUD\app\Controllers\Mahasiswa.php(20): view('ViewDataMahasis...', Array)
#5 C:\xampp\htdocs\CI4-CRUD\system\CodeIgniter.php(832): App\Controllers\Mahasiswa->index()
#6 C:\xampp\htdocs\CI4-CRUD\system\CodeIgniter.php(419): CodeIgniter\CodeIgniter->runController(Object(App\Controllers\Mahasiswa))
#7 C:\xampp\htdocs\CI4-CRUD\system\CodeIgniter.php(326): CodeIgniter\CodeIgniter->handleRequest(NULL, Object(Config\Cache), false)
#8 C:\xampp\htdocs\CI4-CRUD\public\index.php(37): CodeIgniter\CodeIgniter->run()
#9 C:\xampp\htdocs\CI4-CRUD\system\Commands\Server\rewrite.php(43): require_once('C:\\xampp\\htdocs...')
#10 {main}
CRITICAL - 2022-03-15 03:36:45 --> Undefined variable $nim_mhs
#0 C:\xampp\htdocs\CI4-CRUD\app\Views\ViewDataMahasiswa.php(135): CodeIgniter\Debug\Exceptions->errorHandler(2, 'Undefined varia...', 'C:\\xampp\\htdocs...', 135)
#1 C:\xampp\htdocs\CI4-CRUD\system\View\View.php(210): include('C:\\xampp\\htdocs...')
#2 C:\xampp\htdocs\CI4-CRUD\system\View\View.php(213): CodeIgniter\View\View->CodeIgniter\View\{closure}()
#3 C:\xampp\htdocs\CI4-CRUD\system\Common.php(1089): CodeIgniter\View\View->render('ViewDataMahasis...', Array, true)
#4 C:\xampp\htdocs\CI4-CRUD\app\Controllers\Mahasiswa.php(20): view('ViewDataMahasis...', Array)
#5 C:\xampp\htdocs\CI4-CRUD\system\CodeIgniter.php(832): App\Controllers\Mahasiswa->index()
#6 C:\xampp\htdocs\CI4-CRUD\system\CodeIgniter.php(419): CodeIgniter\CodeIgniter->runController(Object(App\Controllers\Mahasiswa))
#7 C:\xampp\htdocs\CI4-CRUD\system\CodeIgniter.php(326): CodeIgniter\CodeIgniter->handleRequest(NULL, Object(Config\Cache), false)
#8 C:\xampp\htdocs\CI4-CRUD\public\index.php(37): CodeIgniter\CodeIgniter->run()
#9 C:\xampp\htdocs\CI4-CRUD\system\Commands\Server\rewrite.php(43): require_once('C:\\xampp\\htdocs...')
#10 {main}
CRITICAL - 2022-03-15 03:36:45 --> Undefined variable $nim_mhs
#0 C:\xampp\htdocs\CI4-CRUD\app\Views\ViewDataMahasiswa.php(135): CodeIgniter\Debug\Exceptions->errorHandler(2, 'Undefined varia...', 'C:\\xampp\\htdocs...', 135)
#1 C:\xampp\htdocs\CI4-CRUD\system\View\View.php(210): include('C:\\xampp\\htdocs...')
#2 C:\xampp\htdocs\CI4-CRUD\system\View\View.php(213): CodeIgniter\View\View->CodeIgniter\View\{closure}()
#3 C:\xampp\htdocs\CI4-CRUD\system\Common.php(1089): CodeIgniter\View\View->render('ViewDataMahasis...', Array, true)
#4 C:\xampp\htdocs\CI4-CRUD\app\Controllers\Mahasiswa.php(20): view('ViewDataMahasis...', Array)
#5 C:\xampp\htdocs\CI4-CRUD\system\CodeIgniter.php(832): App\Controllers\Mahasiswa->index()
#6 C:\xampp\htdocs\CI4-CRUD\system\CodeIgniter.php(419): CodeIgniter\CodeIgniter->runController(Object(App\Controllers\Mahasiswa))
#7 C:\xampp\htdocs\CI4-CRUD\system\CodeIgniter.php(326): CodeIgniter\CodeIgniter->handleRequest(NULL, Object(Config\Cache), false)
#8 C:\xampp\htdocs\CI4-CRUD\public\index.php(37): CodeIgniter\CodeIgniter->run()
#9 C:\xampp\htdocs\CI4-CRUD\system\Commands\Server\rewrite.php(43): require_once('C:\\xampp\\htdocs...')
#10 {main}
CRITICAL - 2022-03-15 03:36:45 --> Undefined variable $nim_mhs
#0 C:\xampp\htdocs\CI4-CRUD\app\Views\ViewDataMahasiswa.php(135): CodeIgniter\Debug\Exceptions->errorHandler(2, 'Undefined varia...', 'C:\\xampp\\htdocs...', 135)
#1 C:\xampp\htdocs\CI4-CRUD\system\View\View.php(210): include('C:\\xampp\\htdocs...')
#2 C:\xampp\htdocs\CI4-CRUD\system\View\View.php(213): CodeIgniter\View\View->CodeIgniter\View\{closure}()
#3 C:\xampp\htdocs\CI4-CRUD\system\Common.php(1089): CodeIgniter\View\View->render('ViewDataMahasis...', Array, true)
#4 C:\xampp\htdocs\CI4-CRUD\app\Controllers\Mahasiswa.php(20): view('ViewDataMahasis...', Array)
#5 C:\xampp\htdocs\CI4-CRUD\system\CodeIgniter.php(832): App\Controllers\Mahasiswa->index()
#6 C:\xampp\htdocs\CI4-CRUD\system\CodeIgniter.php(419): CodeIgniter\CodeIgniter->runController(Object(App\Controllers\Mahasiswa))
#7 C:\xampp\htdocs\CI4-CRUD\system\CodeIgniter.php(326): CodeIgniter\CodeIgniter->handleRequest(NULL, Object(Config\Cache), false)
#8 C:\xampp\htdocs\CI4-CRUD\public\index.php(37): CodeIgniter\CodeIgniter->run()
#9 C:\xampp\htdocs\CI4-CRUD\system\Commands\Server\rewrite.php(43): require_once('C:\\xampp\\htdocs...')
#10 {main}
CRITICAL - 2022-03-15 03:37:02 --> Undefined variable $nama_mhs
#0 C:\xampp\htdocs\CI4-CRUD\app\Views\ViewDataMahasiswa.php(140): CodeIgniter\Debug\Exceptions->errorHandler(2, 'Undefined varia...', 'C:\\xampp\\htdocs...', 140)
#1 C:\xampp\htdocs\CI4-CRUD\system\View\View.php(210): include('C:\\xampp\\htdocs...')
#2 C:\xampp\htdocs\CI4-CRUD\system\View\View.php(213): CodeIgniter\View\View->CodeIgniter\View\{closure}()
#3 C:\xampp\htdocs\CI4-CRUD\system\Common.php(1089): CodeIgniter\View\View->render('ViewDataMahasis...', Array, true)
#4 C:\xampp\htdocs\CI4-CRUD\app\Controllers\Mahasiswa.php(20): view('ViewDataMahasis...', Array)
#5 C:\xampp\htdocs\CI4-CRUD\system\CodeIgniter.php(832): App\Controllers\Mahasiswa->index()
#6 C:\xampp\htdocs\CI4-CRUD\system\CodeIgniter.php(419): CodeIgniter\CodeIgniter->runController(Object(App\Controllers\Mahasiswa))
#7 C:\xampp\htdocs\CI4-CRUD\system\CodeIgniter.php(326): CodeIgniter\CodeIgniter->handleRequest(NULL, Object(Config\Cache), false)
#8 C:\xampp\htdocs\CI4-CRUD\public\index.php(37): CodeIgniter\CodeIgniter->run()
#9 C:\xampp\htdocs\CI4-CRUD\system\Commands\Server\rewrite.php(43): require_once('C:\\xampp\\htdocs...')
#10 {main}
CRITICAL - 2022-03-15 03:59:58 --> Undefined variable $nama_mhs
#0 C:\xampp\htdocs\CI4-CRUD\app\Views\ViewDataMahasiswa.php(140): CodeIgniter\Debug\Exceptions->errorHandler(2, 'Undefined varia...', 'C:\\xampp\\htdocs...', 140)
#1 C:\xampp\htdocs\CI4-CRUD\system\View\View.php(210): include('C:\\xampp\\htdocs...')
#2 C:\xampp\htdocs\CI4-CRUD\system\View\View.php(213): CodeIgniter\View\View->CodeIgniter\View\{closure}()
#3 C:\xampp\htdocs\CI4-CRUD\system\Common.php(1089): CodeIgniter\View\View->render('ViewDataMahasis...', Array, true)
#4 C:\xampp\htdocs\CI4-CRUD\app\Controllers\Mahasiswa.php(20): view('ViewDataMahasis...', Array)
#5 C:\xampp\htdocs\CI4-CRUD\system\CodeIgniter.php(832): App\Controllers\Mahasiswa->index()
#6 C:\xampp\htdocs\CI4-CRUD\system\CodeIgniter.php(419): CodeIgniter\CodeIgniter->runController(Object(App\Controllers\Mahasiswa))
#7 C:\xampp\htdocs\CI4-CRUD\system\CodeIgniter.php(326): CodeIgniter\CodeIgniter->handleRequest(NULL, Object(Config\Cache), false)
#8 C:\xampp\htdocs\CI4-CRUD\public\index.php(37): CodeIgniter\CodeIgniter->run()
#9 C:\xampp\htdocs\CI4-CRUD\system\Commands\Server\rewrite.php(43): require_once('C:\\xampp\\htdocs...')
#10 {main}
CRITICAL - 2022-03-15 21:09:16 --> Undefined variable $id
#0 C:\xampp\htdocs\CI4-CRUD\app\Controllers\Mahasiswa.php(19): CodeIgniter\Debug\Exceptions->errorHandler(2, 'Undefined varia...', 'C:\\xampp\\htdocs...', 19)
#1 C:\xampp\htdocs\CI4-CRUD\system\CodeIgniter.php(832): App\Controllers\Mahasiswa->index()
#2 C:\xampp\htdocs\CI4-CRUD\system\CodeIgniter.php(419): CodeIgniter\CodeIgniter->runController(Object(App\Controllers\Mahasiswa))
#3 C:\xampp\htdocs\CI4-CRUD\system\CodeIgniter.php(326): CodeIgniter\CodeIgniter->handleRequest(NULL, Object(Config\Cache), false)
#4 C:\xampp\htdocs\CI4-CRUD\public\index.php(37): CodeIgniter\CodeIgniter->run()
#5 C:\xampp\htdocs\CI4-CRUD\system\Commands\Server\rewrite.php(43): require_once('C:\\xampp\\htdocs...')
#6 {main}
CRITICAL - 2022-03-15 21:10:50 --> Undefined property: stdClass::$data
#0 C:\xampp\htdocs\CI4-CRUD\app\Views\ViewDataMahasiswa.php(62): CodeIgniter\Debug\Exceptions->errorHandler(2, 'Undefined prope...', 'C:\\xampp\\htdocs...', 62)
#1 C:\xampp\htdocs\CI4-CRUD\system\View\View.php(210): include('C:\\xampp\\htdocs...')
#2 C:\xampp\htdocs\CI4-CRUD\system\View\View.php(213): CodeIgniter\View\View->CodeIgniter\View\{closure}()
#3 C:\xampp\htdocs\CI4-CRUD\system\Common.php(1089): CodeIgniter\View\View->render('ViewDataMahasis...', Array, true)
#4 C:\xampp\htdocs\CI4-CRUD\app\Controllers\Mahasiswa.php(22): view('ViewDataMahasis...', Array)
#5 C:\xampp\htdocs\CI4-CRUD\system\CodeIgniter.php(832): App\Controllers\Mahasiswa->index()
#6 C:\xampp\htdocs\CI4-CRUD\system\CodeIgniter.php(419): CodeIgniter\CodeIgniter->runController(Object(App\Controllers\Mahasiswa))
#7 C:\xampp\htdocs\CI4-CRUD\system\CodeIgniter.php(326): CodeIgniter\CodeIgniter->handleRequest(NULL, Object(Config\Cache), false)
#8 C:\xampp\htdocs\CI4-CRUD\public\index.php(37): CodeIgniter\CodeIgniter->run()
#9 C:\xampp\htdocs\CI4-CRUD\system\Commands\Server\rewrite.php(43): require_once('C:\\xampp\\htdocs...')
#10 {main}
CRITICAL - 2022-03-15 21:12:27 --> Cannot use object of type stdClass as array
#0 C:\xampp\htdocs\CI4-CRUD\system\View\View.php(210): include()
#1 C:\xampp\htdocs\CI4-CRUD\system\View\View.php(213): CodeIgniter\View\View->CodeIgniter\View\{closure}()
#2 C:\xampp\htdocs\CI4-CRUD\system\Common.php(1089): CodeIgniter\View\View->render('ViewDataMahasis...', Array, true)
#3 C:\xampp\htdocs\CI4-CRUD\app\Controllers\Mahasiswa.php(22): view('ViewDataMahasis...', Array)
#4 C:\xampp\htdocs\CI4-CRUD\system\CodeIgniter.php(832): App\Controllers\Mahasiswa->index()
#5 C:\xampp\htdocs\CI4-CRUD\system\CodeIgniter.php(419): CodeIgniter\CodeIgniter->runController(Object(App\Controllers\Mahasiswa))
#6 C:\xampp\htdocs\CI4-CRUD\system\CodeIgniter.php(326): CodeIgniter\CodeIgniter->handleRequest(NULL, Object(Config\Cache), false)
#7 C:\xampp\htdocs\CI4-CRUD\public\index.php(37): CodeIgniter\CodeIgniter->run()
#8 C:\xampp\htdocs\CI4-CRUD\system\Commands\Server\rewrite.php(43): require_once('C:\\xampp\\htdocs...')
#9 {main}
CRITICAL - 2022-03-15 21:12:34 --> Cannot use object of type stdClass as array
#0 C:\xampp\htdocs\CI4-CRUD\system\View\View.php(210): include()
#1 C:\xampp\htdocs\CI4-CRUD\system\View\View.php(213): CodeIgniter\View\View->CodeIgniter\View\{closure}()
#2 C:\xampp\htdocs\CI4-CRUD\system\Common.php(1089): CodeIgniter\View\View->render('ViewDataMahasis...', Array, true)
#3 C:\xampp\htdocs\CI4-CRUD\app\Controllers\Mahasiswa.php(22): view('ViewDataMahasis...', Array)
#4 C:\xampp\htdocs\CI4-CRUD\system\CodeIgniter.php(832): App\Controllers\Mahasiswa->index()
#5 C:\xampp\htdocs\CI4-CRUD\system\CodeIgniter.php(419): CodeIgniter\CodeIgniter->runController(Object(App\Controllers\Mahasiswa))
#6 C:\xampp\htdocs\CI4-CRUD\system\CodeIgniter.php(326): CodeIgniter\CodeIgniter->handleRequest(NULL, Object(Config\Cache), false)
#7 C:\xampp\htdocs\CI4-CRUD\public\index.php(37): CodeIgniter\CodeIgniter->run()
#8 C:\xampp\htdocs\CI4-CRUD\system\Commands\Server\rewrite.php(43): require_once('C:\\xampp\\htdocs...')
#9 {main}
CRITICAL - 2022-03-15 21:13:40 --> Cannot use object of type stdClass as array
#0 C:\xampp\htdocs\CI4-CRUD\system\View\View.php(210): include()
#1 C:\xampp\htdocs\CI4-CRUD\system\View\View.php(213): CodeIgniter\View\View->CodeIgniter\View\{closure}()
#2 C:\xampp\htdocs\CI4-CRUD\system\Common.php(1089): CodeIgniter\View\View->render('ViewDataMahasis...', Array, true)
#3 C:\xampp\htdocs\CI4-CRUD\app\Controllers\Mahasiswa.php(22): view('ViewDataMahasis...', Array)
#4 C:\xampp\htdocs\CI4-CRUD\system\CodeIgniter.php(832): App\Controllers\Mahasiswa->index()
#5 C:\xampp\htdocs\CI4-CRUD\system\CodeIgniter.php(419): CodeIgniter\CodeIgniter->runController(Object(App\Controllers\Mahasiswa))
#6 C:\xampp\htdocs\CI4-CRUD\system\CodeIgniter.php(326): CodeIgniter\CodeIgniter->handleRequest(NULL, Object(Config\Cache), false)
#7 C:\xampp\htdocs\CI4-CRUD\public\index.php(37): CodeIgniter\CodeIgniter->run()
#8 C:\xampp\htdocs\CI4-CRUD\system\Commands\Server\rewrite.php(43): require_once('C:\\xampp\\htdocs...')
#9 {main}
CRITICAL - 2022-03-15 21:28:00 --> syntax error, unexpected token "public", expecting end of file
#0 C:\xampp\htdocs\CI4-CRUD\system\Router\Router.php(175): CodeIgniter\Router\Router->autoRoute('Mahasiswa')
#1 C:\xampp\htdocs\CI4-CRUD\system\CodeIgniter.php(726): CodeIgniter\Router\Router->handle('Mahasiswa')
#2 C:\xampp\htdocs\CI4-CRUD\system\CodeIgniter.php(368): CodeIgniter\CodeIgniter->tryToRouteIt(Object(CodeIgniter\Router\RouteCollection))
#3 C:\xampp\htdocs\CI4-CRUD\system\CodeIgniter.php(326): CodeIgniter\CodeIgniter->handleRequest(NULL, Object(Config\Cache), false)
#4 C:\xampp\htdocs\CI4-CRUD\public\index.php(37): CodeIgniter\CodeIgniter->run()
#5 C:\xampp\htdocs\CI4-CRUD\system\Commands\Server\rewrite.php(43): require_once('C:\\xampp\\htdocs...')
#6 {main}
CRITICAL - 2022-03-15 21:29:39 --> Cannot use object of type stdClass as array
#0 C:\xampp\htdocs\CI4-CRUD\system\View\View.php(210): include()
#1 C:\xampp\htdocs\CI4-CRUD\system\View\View.php(213): CodeIgniter\View\View->CodeIgniter\View\{closure}()
#2 C:\xampp\htdocs\CI4-CRUD\system\Common.php(1089): CodeIgniter\View\View->render('ViewDataMahasis...', Array, true)
#3 C:\xampp\htdocs\CI4-CRUD\app\Controllers\Mahasiswa.php(22): view('ViewDataMahasis...', Array)
#4 C:\xampp\htdocs\CI4-CRUD\system\CodeIgniter.php(832): App\Controllers\Mahasiswa->index()
#5 C:\xampp\htdocs\CI4-CRUD\system\CodeIgniter.php(419): CodeIgniter\CodeIgniter->runController(Object(App\Controllers\Mahasiswa))
#6 C:\xampp\htdocs\CI4-CRUD\system\CodeIgniter.php(326): CodeIgniter\CodeIgniter->handleRequest(NULL, Object(Config\Cache), false)
#7 C:\xampp\htdocs\CI4-CRUD\public\index.php(37): CodeIgniter\CodeIgniter->run()
#8 C:\xampp\htdocs\CI4-CRUD\system\Commands\Server\rewrite.php(43): require_once('C:\\xampp\\htdocs...')
#9 {main}
CRITICAL - 2022-03-15 21:31:07 --> Undefined variable $data
#0 C:\xampp\htdocs\CI4-CRUD\app\Views\ViewDataMahasiswa.php(44): CodeIgniter\Debug\Exceptions->errorHandler(2, 'Undefined varia...', 'C:\\xampp\\htdocs...', 44)
#1 C:\xampp\htdocs\CI4-CRUD\system\View\View.php(210): include('C:\\xampp\\htdocs...')
#2 C:\xampp\htdocs\CI4-CRUD\system\View\View.php(213): CodeIgniter\View\View->CodeIgniter\View\{closure}()
#3 C:\xampp\htdocs\CI4-CRUD\system\Common.php(1089): CodeIgniter\View\View->render('ViewDataMahasis...', Array, true)
#4 C:\xampp\htdocs\CI4-CRUD\app\Controllers\Mahasiswa.php(22): view('ViewDataMahasis...', Array)
#5 C:\xampp\htdocs\CI4-CRUD\system\CodeIgniter.php(832): App\Controllers\Mahasiswa->index()
#6 C:\xampp\htdocs\CI4-CRUD\system\CodeIgniter.php(419): CodeIgniter\CodeIgniter->runController(Object(App\Controllers\Mahasiswa))
#7 C:\xampp\htdocs\CI4-CRUD\system\CodeIgniter.php(326): CodeIgniter\CodeIgniter->handleRequest(NULL, Object(Config\Cache), false)
#8 C:\xampp\htdocs\CI4-CRUD\public\index.php(37): CodeIgniter\CodeIgniter->run()
#9 C:\xampp\htdocs\CI4-CRUD\system\Commands\Server\rewrite.php(43): require_once('C:\\xampp\\htdocs...')
#10 {main}
CRITICAL - 2022-03-15 21:33:18 --> json_decode(): Argument #1 ($json) must be of type string, stdClass given
#0 C:\xampp\htdocs\CI4-CRUD\app\Views\ViewDataMahasiswa.php(44): json_decode(Object(stdClass), true)
#1 C:\xampp\htdocs\CI4-CRUD\system\View\View.php(210): include('C:\\xampp\\htdocs...')
#2 C:\xampp\htdocs\CI4-CRUD\system\View\View.php(213): CodeIgniter\View\View->CodeIgniter\View\{closure}()
#3 C:\xampp\htdocs\CI4-CRUD\system\Common.php(1089): CodeIgniter\View\View->render('ViewDataMahasis...', Array, true)
#4 C:\xampp\htdocs\CI4-CRUD\app\Controllers\Mahasiswa.php(22): view('ViewDataMahasis...', Array)
#5 C:\xampp\htdocs\CI4-CRUD\system\CodeIgniter.php(832): App\Controllers\Mahasiswa->index()
#6 C:\xampp\htdocs\CI4-CRUD\system\CodeIgniter.php(419): CodeIgniter\CodeIgniter->runController(Object(App\Controllers\Mahasiswa))
#7 C:\xampp\htdocs\CI4-CRUD\system\CodeIgniter.php(326): CodeIgniter\CodeIgniter->handleRequest(NULL, Object(Config\Cache), false)
#8 C:\xampp\htdocs\CI4-CRUD\public\index.php(37): CodeIgniter\CodeIgniter->run()
#9 C:\xampp\htdocs\CI4-CRUD\system\Commands\Server\rewrite.php(43): require_once('C:\\xampp\\htdocs...')
#10 {main}
CRITICAL - 2022-03-15 21:33:26 --> Undefined variable $data
#0 C:\xampp\htdocs\CI4-CRUD\app\Views\ViewDataMahasiswa.php(44): CodeIgniter\Debug\Exceptions->errorHandler(2, 'Undefined varia...', 'C:\\xampp\\htdocs...', 44)
#1 C:\xampp\htdocs\CI4-CRUD\system\View\View.php(210): include('C:\\xampp\\htdocs...')
#2 C:\xampp\htdocs\CI4-CRUD\system\View\View.php(213): CodeIgniter\View\View->CodeIgniter\View\{closure}()
#3 C:\xampp\htdocs\CI4-CRUD\system\Common.php(1089): CodeIgniter\View\View->render('ViewDataMahasis...', Array, true)
#4 C:\xampp\htdocs\CI4-CRUD\app\Controllers\Mahasiswa.php(22): view('ViewDataMahasis...', Array)
#5 C:\xampp\htdocs\CI4-CRUD\system\CodeIgniter.php(832): App\Controllers\Mahasiswa->index()
#6 C:\xampp\htdocs\CI4-CRUD\system\CodeIgniter.php(419): CodeIgniter\CodeIgniter->runController(Object(App\Controllers\Mahasiswa))
#7 C:\xampp\htdocs\CI4-CRUD\system\CodeIgniter.php(326): CodeIgniter\CodeIgniter->handleRequest(NULL, Object(Config\Cache), false)
#8 C:\xampp\htdocs\CI4-CRUD\public\index.php(37): CodeIgniter\CodeIgniter->run()
#9 C:\xampp\htdocs\CI4-CRUD\system\Commands\Server\rewrite.php(43): require_once('C:\\xampp\\htdocs...')
#10 {main}
CRITICAL - 2022-03-15 21:33:42 --> json_decode(): Argument #1 ($json) must be of type string, array given
#0 C:\xampp\htdocs\CI4-CRUD\app\Views\ViewDataMahasiswa.php(44): json_decode(Array, true)
#1 C:\xampp\htdocs\CI4-CRUD\system\View\View.php(210): include('C:\\xampp\\htdocs...')
#2 C:\xampp\htdocs\CI4-CRUD\system\View\View.php(213): CodeIgniter\View\View->CodeIgniter\View\{closure}()
#3 C:\xampp\htdocs\CI4-CRUD\system\Common.php(1089): CodeIgniter\View\View->render('ViewDataMahasis...', Array, true)
#4 C:\xampp\htdocs\CI4-CRUD\app\Controllers\Mahasiswa.php(22): view('ViewDataMahasis...', Array)
#5 C:\xampp\htdocs\CI4-CRUD\system\CodeIgniter.php(832): App\Controllers\Mahasiswa->index()
#6 C:\xampp\htdocs\CI4-CRUD\system\CodeIgniter.php(419): CodeIgniter\CodeIgniter->runController(Object(App\Controllers\Mahasiswa))
#7 C:\xampp\htdocs\CI4-CRUD\system\CodeIgniter.php(326): CodeIgniter\CodeIgniter->handleRequest(NULL, Object(Config\Cache), false)
#8 C:\xampp\htdocs\CI4-CRUD\public\index.php(37): CodeIgniter\CodeIgniter->run()
#9 C:\xampp\htdocs\CI4-CRUD\system\Commands\Server\rewrite.php(43): require_once('C:\\xampp\\htdocs...')
#10 {main}
CRITICAL - 2022-03-15 21:33:49 --> Trying to access array offset on value of type int
#0 C:\xampp\htdocs\CI4-CRUD\app\Views\ViewDataMahasiswa.php(48): CodeIgniter\Debug\Exceptions->errorHandler(2, 'Trying to acces...', 'C:\\xampp\\htdocs...', 48)
#1 C:\xampp\htdocs\CI4-CRUD\system\View\View.php(210): include('C:\\xampp\\htdocs...')
#2 C:\xampp\htdocs\CI4-CRUD\system\View\View.php(213): CodeIgniter\View\View->CodeIgniter\View\{closure}()
#3 C:\xampp\htdocs\CI4-CRUD\system\Common.php(1089): CodeIgniter\View\View->render('ViewDataMahasis...', Array, true)
#4 C:\xampp\htdocs\CI4-CRUD\app\Controllers\Mahasiswa.php(22): view('ViewDataMahasis...', Array)
#5 C:\xampp\htdocs\CI4-CRUD\system\CodeIgniter.php(832): App\Controllers\Mahasiswa->index()
#6 C:\xampp\htdocs\CI4-CRUD\system\CodeIgniter.php(419): CodeIgniter\CodeIgniter->runController(Object(App\Controllers\Mahasiswa))
#7 C:\xampp\htdocs\CI4-CRUD\system\CodeIgniter.php(326): CodeIgniter\CodeIgniter->handleRequest(NULL, Object(Config\Cache), false)
#8 C:\xampp\htdocs\CI4-CRUD\public\index.php(37): CodeIgniter\CodeIgniter->run()
#9 C:\xampp\htdocs\CI4-CRUD\system\Commands\Server\rewrite.php(43): require_once('C:\\xampp\\htdocs...')
#10 {main}
CRITICAL - 2022-03-15 21:34:04 --> Undefined variable $data
#0 C:\xampp\htdocs\CI4-CRUD\app\Views\ViewDataMahasiswa.php(44): CodeIgniter\Debug\Exceptions->errorHandler(2, 'Undefined varia...', 'C:\\xampp\\htdocs...', 44)
#1 C:\xampp\htdocs\CI4-CRUD\system\View\View.php(210): include('C:\\xampp\\htdocs...')
#2 C:\xampp\htdocs\CI4-CRUD\system\View\View.php(213): CodeIgniter\View\View->CodeIgniter\View\{closure}()
#3 C:\xampp\htdocs\CI4-CRUD\system\Common.php(1089): CodeIgniter\View\View->render('ViewDataMahasis...', Array, true)
#4 C:\xampp\htdocs\CI4-CRUD\app\Controllers\Mahasiswa.php(22): view('ViewDataMahasis...', Array)
#5 C:\xampp\htdocs\CI4-CRUD\system\CodeIgniter.php(832): App\Controllers\Mahasiswa->index()
#6 C:\xampp\htdocs\CI4-CRUD\system\CodeIgniter.php(419): CodeIgniter\CodeIgniter->runController(Object(App\Controllers\Mahasiswa))
#7 C:\xampp\htdocs\CI4-CRUD\system\CodeIgniter.php(326): CodeIgniter\CodeIgniter->handleRequest(NULL, Object(Config\Cache), false)
#8 C:\xampp\htdocs\CI4-CRUD\public\index.php(37): CodeIgniter\CodeIgniter->run()
#9 C:\xampp\htdocs\CI4-CRUD\system\Commands\Server\rewrite.php(43): require_once('C:\\xampp\\htdocs...')
#10 {main}
CRITICAL - 2022-03-15 21:42:13 --> Undefined variable $mhs
#0 C:\xampp\htdocs\CI4-CRUD\app\Views\ViewDataMahasiswa.php(44): CodeIgniter\Debug\Exceptions->errorHandler(2, 'Undefined varia...', 'C:\\xampp\\htdocs...', 44)
#1 C:\xampp\htdocs\CI4-CRUD\system\View\View.php(210): include('C:\\xampp\\htdocs...')
#2 C:\xampp\htdocs\CI4-CRUD\system\View\View.php(213): CodeIgniter\View\View->CodeIgniter\View\{closure}()
#3 C:\xampp\htdocs\CI4-CRUD\system\Common.php(1089): CodeIgniter\View\View->render('ViewDataMahasis...', Array, true)
#4 C:\xampp\htdocs\CI4-CRUD\app\Controllers\Mahasiswa.php(22): view('ViewDataMahasis...', Array)
#5 C:\xampp\htdocs\CI4-CRUD\system\CodeIgniter.php(832): App\Controllers\Mahasiswa->index()
#6 C:\xampp\htdocs\CI4-CRUD\system\CodeIgniter.php(419): CodeIgniter\CodeIgniter->runController(Object(App\Controllers\Mahasiswa))
#7 C:\xampp\htdocs\CI4-CRUD\system\CodeIgniter.php(326): CodeIgniter\CodeIgniter->handleRequest(NULL, Object(Config\Cache), false)
#8 C:\xampp\htdocs\CI4-CRUD\public\index.php(37): CodeIgniter\CodeIgniter->run()
#9 C:\xampp\htdocs\CI4-CRUD\system\Commands\Server\rewrite.php(43): require_once('C:\\xampp\\htdocs...')
#10 {main}
CRITICAL - 2022-03-15 21:45:28 --> Cannot use object of type stdClass as array
#0 C:\xampp\htdocs\CI4-CRUD\system\View\View.php(210): include()
#1 C:\xampp\htdocs\CI4-CRUD\system\View\View.php(213): CodeIgniter\View\View->CodeIgniter\View\{closure}()
#2 C:\xampp\htdocs\CI4-CRUD\system\Common.php(1089): CodeIgniter\View\View->render('ViewDataMahasis...', Array, true)
#3 C:\xampp\htdocs\CI4-CRUD\app\Controllers\Mahasiswa.php(22): view('ViewDataMahasis...', Array)
#4 C:\xampp\htdocs\CI4-CRUD\system\CodeIgniter.php(832): App\Controllers\Mahasiswa->index()
#5 C:\xampp\htdocs\CI4-CRUD\system\CodeIgniter.php(419): CodeIgniter\CodeIgniter->runController(Object(App\Controllers\Mahasiswa))
#6 C:\xampp\htdocs\CI4-CRUD\system\CodeIgniter.php(326): CodeIgniter\CodeIgniter->handleRequest(NULL, Object(Config\Cache), false)
#7 C:\xampp\htdocs\CI4-CRUD\public\index.php(37): CodeIgniter\CodeIgniter->run()
#8 C:\xampp\htdocs\CI4-CRUD\system\Commands\Server\rewrite.php(43): require_once('C:\\xampp\\htdocs...')
#9 {main}
CRITICAL - 2022-03-15 21:46:44 --> Attempt to read property "row" on array
#0 C:\xampp\htdocs\CI4-CRUD\app\Views\ViewDataMahasiswa.php(44): CodeIgniter\Debug\Exceptions->errorHandler(2, 'Attempt to read...', 'C:\\xampp\\htdocs...', 44)
#1 C:\xampp\htdocs\CI4-CRUD\system\View\View.php(210): include('C:\\xampp\\htdocs...')
#2 C:\xampp\htdocs\CI4-CRUD\system\View\View.php(213): CodeIgniter\View\View->CodeIgniter\View\{closure}()
#3 C:\xampp\htdocs\CI4-CRUD\system\Common.php(1089): CodeIgniter\View\View->render('ViewDataMahasis...', Array, true)
#4 C:\xampp\htdocs\CI4-CRUD\app\Controllers\Mahasiswa.php(22): view('ViewDataMahasis...', Array)
#5 C:\xampp\htdocs\CI4-CRUD\system\CodeIgniter.php(832): App\Controllers\Mahasiswa->index()
#6 C:\xampp\htdocs\CI4-CRUD\system\CodeIgniter.php(419): CodeIgniter\CodeIgniter->runController(Object(App\Controllers\Mahasiswa))
#7 C:\xampp\htdocs\CI4-CRUD\system\CodeIgniter.php(326): CodeIgniter\CodeIgniter->handleRequest(NULL, Object(Config\Cache), false)
#8 C:\xampp\htdocs\CI4-CRUD\public\index.php(37): CodeIgniter\CodeIgniter->run()
#9 C:\xampp\htdocs\CI4-CRUD\system\Commands\Server\rewrite.php(43): require_once('C:\\xampp\\htdocs...')
#10 {main}
CRITICAL - 2022-03-15 21:46:53 --> Cannot use object of type stdClass as array
#0 C:\xampp\htdocs\CI4-CRUD\system\View\View.php(210): include()
#1 C:\xampp\htdocs\CI4-CRUD\system\View\View.php(213): CodeIgniter\View\View->CodeIgniter\View\{closure}()
#2 C:\xampp\htdocs\CI4-CRUD\system\Common.php(1089): CodeIgniter\View\View->render('ViewDataMahasis...', Array, true)
#3 C:\xampp\htdocs\CI4-CRUD\app\Controllers\Mahasiswa.php(22): view('ViewDataMahasis...', Array)
#4 C:\xampp\htdocs\CI4-CRUD\system\CodeIgniter.php(832): App\Controllers\Mahasiswa->index()
#5 C:\xampp\htdocs\CI4-CRUD\system\CodeIgniter.php(419): CodeIgniter\CodeIgniter->runController(Object(App\Controllers\Mahasiswa))
#6 C:\xampp\htdocs\CI4-CRUD\system\CodeIgniter.php(326): CodeIgniter\CodeIgniter->handleRequest(NULL, Object(Config\Cache), false)
#7 C:\xampp\htdocs\CI4-CRUD\public\index.php(37): CodeIgniter\CodeIgniter->run()
#8 C:\xampp\htdocs\CI4-CRUD\system\Commands\Server\rewrite.php(43): require_once('C:\\xampp\\htdocs...')
#9 {main}
