CRITICAL - 2022-03-10 01:09:44 --> Undefined variable $nim
#0 C:\xampp\htdocs\CI4-CRUD\app\Views\ViewDataMahasiswa.php(134): CodeIgniter\Debug\Exceptions->errorHandler(2, 'Undefined varia...', 'C:\\xampp\\htdocs...', 134)
#1 C:\xampp\htdocs\CI4-CRUD\system\View\View.php(210): include('C:\\xampp\\htdocs...')
#2 C:\xampp\htdocs\CI4-CRUD\system\View\View.php(213): CodeIgniter\View\View->CodeIgniter\View\{closure}()
#3 C:\xampp\htdocs\CI4-CRUD\system\Common.php(1089): CodeIgniter\View\View->render('ViewDataMahasis...', Array, true)
#4 C:\xampp\htdocs\CI4-CRUD\app\Controllers\Mahasiswa.php(20): view('ViewDataMahasis...', Array)
#5 C:\xampp\htdocs\CI4-CRUD\system\CodeIgniter.php(832): App\Controllers\Mahasiswa->index()
#6 C:\xampp\htdocs\CI4-CRUD\system\CodeIgniter.php(419): CodeIgniter\CodeIgniter->runController(Object(App\Controllers\Mahasiswa))
#7 C:\xampp\htdocs\CI4-CRUD\system\CodeIgniter.php(326): CodeIgniter\CodeIgniter->handleRequest(NULL, Object(Config\Cache), false)
#8 C:\xampp\htdocs\CI4-CRUD\public\index.php(37): CodeIgniter\CodeIgniter->run()
#9 C:\xampp\htdocs\CI4-CRUD\system\Commands\Server\rewrite.php(43): require_once('C:\\xampp\\htdocs...')
#10 {main}
CRITICAL - 2022-03-10 02:02:58 --> Undefined variable $nim
#0 C:\xampp\htdocs\CI4-CRUD\app\Views\ViewDataMahasiswa.php(132): CodeIgniter\Debug\Exceptions->errorHandler(2, 'Undefined varia...', 'C:\\xampp\\htdocs...', 132)
#1 C:\xampp\htdocs\CI4-CRUD\system\View\View.php(210): include('C:\\xampp\\htdocs...')
#2 C:\xampp\htdocs\CI4-CRUD\system\View\View.php(213): CodeIgniter\View\View->CodeIgniter\View\{closure}()
#3 C:\xampp\htdocs\CI4-CRUD\system\Common.php(1089): CodeIgniter\View\View->render('ViewDataMahasis...', Array, true)
#4 C:\xampp\htdocs\CI4-CRUD\app\Controllers\Mahasiswa.php(20): view('ViewDataMahasis...', Array)
#5 C:\xampp\htdocs\CI4-CRUD\system\CodeIgniter.php(832): App\Controllers\Mahasiswa->index()
#6 C:\xampp\htdocs\CI4-CRUD\system\CodeIgniter.php(419): CodeIgniter\CodeIgniter->runController(Object(App\Controllers\Mahasiswa))
#7 C:\xampp\htdocs\CI4-CRUD\system\CodeIgniter.php(326): CodeIgniter\CodeIgniter->handleRequest(NULL, Object(Config\Cache), false)
#8 C:\xampp\htdocs\CI4-CRUD\public\index.php(37): CodeIgniter\CodeIgniter->run()
#9 C:\xampp\htdocs\CI4-CRUD\system\Commands\Server\rewrite.php(43): require_once('C:\\xampp\\htdocs...')
#10 {main}
CRITICAL - 2022-03-10 02:11:17 --> Undefined variable $nim
#0 C:\xampp\htdocs\CI4-CRUD\app\Views\ViewDataMahasiswa.php(132): CodeIgniter\Debug\Exceptions->errorHandler(2, 'Undefined varia...', 'C:\\xampp\\htdocs...', 132)
#1 C:\xampp\htdocs\CI4-CRUD\system\View\View.php(210): include('C:\\xampp\\htdocs...')
#2 C:\xampp\htdocs\CI4-CRUD\system\View\View.php(213): CodeIgniter\View\View->CodeIgniter\View\{closure}()
#3 C:\xampp\htdocs\CI4-CRUD\system\Common.php(1089): CodeIgniter\View\View->render('ViewDataMahasis...', Array, true)
#4 C:\xampp\htdocs\CI4-CRUD\app\Controllers\Mahasiswa.php(20): view('ViewDataMahasis...', Array)
#5 C:\xampp\htdocs\CI4-CRUD\system\CodeIgniter.php(832): App\Controllers\Mahasiswa->index()
#6 C:\xampp\htdocs\CI4-CRUD\system\CodeIgniter.php(419): CodeIgniter\CodeIgniter->runController(Object(App\Controllers\Mahasiswa))
#7 C:\xampp\htdocs\CI4-CRUD\system\CodeIgniter.php(326): CodeIgniter\CodeIgniter->handleRequest(NULL, Object(Config\Cache), false)
#8 C:\xampp\htdocs\CI4-CRUD\public\index.php(37): CodeIgniter\CodeIgniter->run()
#9 C:\xampp\htdocs\CI4-CRUD\system\Commands\Server\rewrite.php(43): require_once('C:\\xampp\\htdocs...')
#10 {main}
CRITICAL - 2022-03-10 02:14:34 --> Undefined variable $nim
#0 C:\xampp\htdocs\CI4-CRUD\app\Views\ViewDataMahasiswa.php(132): CodeIgniter\Debug\Exceptions->errorHandler(2, 'Undefined varia...', 'C:\\xampp\\htdocs...', 132)
#1 C:\xampp\htdocs\CI4-CRUD\system\View\View.php(210): include('C:\\xampp\\htdocs...')
#2 C:\xampp\htdocs\CI4-CRUD\system\View\View.php(213): CodeIgniter\View\View->CodeIgniter\View\{closure}()
#3 C:\xampp\htdocs\CI4-CRUD\system\Common.php(1089): CodeIgniter\View\View->render('ViewDataMahasis...', Array, true)
#4 C:\xampp\htdocs\CI4-CRUD\app\Controllers\Mahasiswa.php(20): view('ViewDataMahasis...', Array)
#5 C:\xampp\htdocs\CI4-CRUD\system\CodeIgniter.php(832): App\Controllers\Mahasiswa->index()
#6 C:\xampp\htdocs\CI4-CRUD\system\CodeIgniter.php(419): CodeIgniter\CodeIgniter->runController(Object(App\Controllers\Mahasiswa))
#7 C:\xampp\htdocs\CI4-CRUD\system\CodeIgniter.php(326): CodeIgniter\CodeIgniter->handleRequest(NULL, Object(Config\Cache), false)
#8 C:\xampp\htdocs\CI4-CRUD\public\index.php(37): CodeIgniter\CodeIgniter->run()
#9 C:\xampp\htdocs\CI4-CRUD\system\Commands\Server\rewrite.php(43): require_once('C:\\xampp\\htdocs...')
#10 {main}
CRITICAL - 2022-03-10 02:39:26 --> Undefined variable $nim
#0 C:\xampp\htdocs\CI4-CRUD\app\Views\ViewDataMahasiswa.php(132): CodeIgniter\Debug\Exceptions->errorHandler(2, 'Undefined varia...', 'C:\\xampp\\htdocs...', 132)
#1 C:\xampp\htdocs\CI4-CRUD\system\View\View.php(210): include('C:\\xampp\\htdocs...')
#2 C:\xampp\htdocs\CI4-CRUD\system\View\View.php(213): CodeIgniter\View\View->CodeIgniter\View\{closure}()
#3 C:\xampp\htdocs\CI4-CRUD\system\Common.php(1089): CodeIgniter\View\View->render('ViewDataMahasis...', Array, true)
#4 C:\xampp\htdocs\CI4-CRUD\app\Controllers\Mahasiswa.php(20): view('ViewDataMahasis...', Array)
#5 C:\xampp\htdocs\CI4-CRUD\system\CodeIgniter.php(832): App\Controllers\Mahasiswa->index()
#6 C:\xampp\htdocs\CI4-CRUD\system\CodeIgniter.php(419): CodeIgniter\CodeIgniter->runController(Object(App\Controllers\Mahasiswa))
#7 C:\xampp\htdocs\CI4-CRUD\system\CodeIgniter.php(326): CodeIgniter\CodeIgniter->handleRequest(NULL, Object(Config\Cache), false)
#8 C:\xampp\htdocs\CI4-CRUD\public\index.php(37): CodeIgniter\CodeIgniter->run()
#9 C:\xampp\htdocs\CI4-CRUD\system\Commands\Server\rewrite.php(43): require_once('C:\\xampp\\htdocs...')
#10 {main}
CRITICAL - 2022-03-10 02:40:15 --> Undefined variable $row
#0 C:\xampp\htdocs\CI4-CRUD\app\Views\ViewFormUpdate.php(18): CodeIgniter\Debug\Exceptions->errorHandler(2, 'Undefined varia...', 'C:\\xampp\\htdocs...', 18)
#1 C:\xampp\htdocs\CI4-CRUD\system\View\View.php(210): include('C:\\xampp\\htdocs...')
#2 C:\xampp\htdocs\CI4-CRUD\system\View\View.php(213): CodeIgniter\View\View->CodeIgniter\View\{closure}()
#3 C:\xampp\htdocs\CI4-CRUD\system\Common.php(1089): CodeIgniter\View\View->render('viewformupdate', Array, true)
#4 C:\xampp\htdocs\CI4-CRUD\app\Controllers\Mahasiswa.php(76): view('viewformupdate', Array)
#5 C:\xampp\htdocs\CI4-CRUD\system\CodeIgniter.php(832): App\Controllers\Mahasiswa->edit('989890')
#6 C:\xampp\htdocs\CI4-CRUD\system\CodeIgniter.php(419): CodeIgniter\CodeIgniter->runController(Object(App\Controllers\Mahasiswa))
#7 C:\xampp\htdocs\CI4-CRUD\system\CodeIgniter.php(326): CodeIgniter\CodeIgniter->handleRequest(NULL, Object(Config\Cache), false)
#8 C:\xampp\htdocs\CI4-CRUD\public\index.php(37): CodeIgniter\CodeIgniter->run()
#9 C:\xampp\htdocs\CI4-CRUD\system\Commands\Server\rewrite.php(43): require_once('C:\\xampp\\htdocs...')
#10 {main}
CRITICAL - 2022-03-10 02:40:46 --> Undefined variable $row
#0 C:\xampp\htdocs\CI4-CRUD\app\Views\ViewFormUpdate.php(18): CodeIgniter\Debug\Exceptions->errorHandler(2, 'Undefined varia...', 'C:\\xampp\\htdocs...', 18)
#1 C:\xampp\htdocs\CI4-CRUD\system\View\View.php(210): include('C:\\xampp\\htdocs...')
#2 C:\xampp\htdocs\CI4-CRUD\system\View\View.php(213): CodeIgniter\View\View->CodeIgniter\View\{closure}()
#3 C:\xampp\htdocs\CI4-CRUD\system\Common.php(1089): CodeIgniter\View\View->render('viewformupdate', Array, true)
#4 C:\xampp\htdocs\CI4-CRUD\app\Controllers\Mahasiswa.php(76): view('viewformupdate', Array)
#5 C:\xampp\htdocs\CI4-CRUD\system\CodeIgniter.php(832): App\Controllers\Mahasiswa->edit('989890')
#6 C:\xampp\htdocs\CI4-CRUD\system\CodeIgniter.php(419): CodeIgniter\CodeIgniter->runController(Object(App\Controllers\Mahasiswa))
#7 C:\xampp\htdocs\CI4-CRUD\system\CodeIgniter.php(326): CodeIgniter\CodeIgniter->handleRequest(NULL, Object(Config\Cache), false)
#8 C:\xampp\htdocs\CI4-CRUD\public\index.php(37): CodeIgniter\CodeIgniter->run()
#9 C:\xampp\htdocs\CI4-CRUD\system\Commands\Server\rewrite.php(43): require_once('C:\\xampp\\htdocs...')
#10 {main}
CRITICAL - 2022-03-10 02:40:52 --> Undefined variable $row
#0 C:\xampp\htdocs\CI4-CRUD\app\Views\ViewFormUpdate.php(18): CodeIgniter\Debug\Exceptions->errorHandler(2, 'Undefined varia...', 'C:\\xampp\\htdocs...', 18)
#1 C:\xampp\htdocs\CI4-CRUD\system\View\View.php(210): include('C:\\xampp\\htdocs...')
#2 C:\xampp\htdocs\CI4-CRUD\system\View\View.php(213): CodeIgniter\View\View->CodeIgniter\View\{closure}()
#3 C:\xampp\htdocs\CI4-CRUD\system\Common.php(1089): CodeIgniter\View\View->render('viewformupdate', Array, true)
#4 C:\xampp\htdocs\CI4-CRUD\app\Controllers\Mahasiswa.php(76): view('viewformupdate', Array)
#5 C:\xampp\htdocs\CI4-CRUD\system\CodeIgniter.php(832): App\Controllers\Mahasiswa->edit('989890')
#6 C:\xampp\htdocs\CI4-CRUD\system\CodeIgniter.php(419): CodeIgniter\CodeIgniter->runController(Object(App\Controllers\Mahasiswa))
#7 C:\xampp\htdocs\CI4-CRUD\system\CodeIgniter.php(326): CodeIgniter\CodeIgniter->handleRequest(NULL, Object(Config\Cache), false)
#8 C:\xampp\htdocs\CI4-CRUD\public\index.php(37): CodeIgniter\CodeIgniter->run()
#9 C:\xampp\htdocs\CI4-CRUD\system\Commands\Server\rewrite.php(43): require_once('C:\\xampp\\htdocs...')
#10 {main}
CRITICAL - 2022-03-10 18:46:37 --> Undefined variable $row
#0 C:\xampp\htdocs\CI4-CRUD\app\Views\ViewFormUpdate.php(18): CodeIgniter\Debug\Exceptions->errorHandler(2, 'Undefined varia...', 'C:\\xampp\\htdocs...', 18)
#1 C:\xampp\htdocs\CI4-CRUD\system\View\View.php(210): include('C:\\xampp\\htdocs...')
#2 C:\xampp\htdocs\CI4-CRUD\system\View\View.php(213): CodeIgniter\View\View->CodeIgniter\View\{closure}()
#3 C:\xampp\htdocs\CI4-CRUD\system\Common.php(1089): CodeIgniter\View\View->render('viewformupdate', Array, true)
#4 C:\xampp\htdocs\CI4-CRUD\app\Controllers\Mahasiswa.php(76): view('viewformupdate', Array)
#5 C:\xampp\htdocs\CI4-CRUD\system\CodeIgniter.php(832): App\Controllers\Mahasiswa->edit('989890')
#6 C:\xampp\htdocs\CI4-CRUD\system\CodeIgniter.php(419): CodeIgniter\CodeIgniter->runController(Object(App\Controllers\Mahasiswa))
#7 C:\xampp\htdocs\CI4-CRUD\system\CodeIgniter.php(326): CodeIgniter\CodeIgniter->handleRequest(NULL, Object(Config\Cache), false)
#8 C:\xampp\htdocs\CI4-CRUD\public\index.php(37): CodeIgniter\CodeIgniter->run()
#9 C:\xampp\htdocs\CI4-CRUD\system\Commands\Server\rewrite.php(43): require_once('C:\\xampp\\htdocs...')
#10 {main}
CRITICAL - 2022-03-10 18:47:18 --> Undefined variable $nim
#0 C:\xampp\htdocs\CI4-CRUD\app\Views\ViewDataMahasiswa.php(131): CodeIgniter\Debug\Exceptions->errorHandler(2, 'Undefined varia...', 'C:\\xampp\\htdocs...', 131)
#1 C:\xampp\htdocs\CI4-CRUD\system\View\View.php(210): include('C:\\xampp\\htdocs...')
#2 C:\xampp\htdocs\CI4-CRUD\system\View\View.php(213): CodeIgniter\View\View->CodeIgniter\View\{closure}()
#3 C:\xampp\htdocs\CI4-CRUD\system\Common.php(1089): CodeIgniter\View\View->render('ViewDataMahasis...', Array, true)
#4 C:\xampp\htdocs\CI4-CRUD\app\Controllers\Mahasiswa.php(20): view('ViewDataMahasis...', Array)
#5 C:\xampp\htdocs\CI4-CRUD\system\CodeIgniter.php(832): App\Controllers\Mahasiswa->index()
#6 C:\xampp\htdocs\CI4-CRUD\system\CodeIgniter.php(419): CodeIgniter\CodeIgniter->runController(Object(App\Controllers\Mahasiswa))
#7 C:\xampp\htdocs\CI4-CRUD\system\CodeIgniter.php(326): CodeIgniter\CodeIgniter->handleRequest(NULL, Object(Config\Cache), false)
#8 C:\xampp\htdocs\CI4-CRUD\public\index.php(37): CodeIgniter\CodeIgniter->run()
#9 C:\xampp\htdocs\CI4-CRUD\system\Commands\Server\rewrite.php(43): require_once('C:\\xampp\\htdocs...')
#10 {main}
CRITICAL - 2022-03-10 19:33:36 --> Undefined variable $nim
#0 C:\xampp\htdocs\CI4-CRUD\app\Views\ViewDataMahasiswa.php(131): CodeIgniter\Debug\Exceptions->errorHandler(2, 'Undefined varia...', 'C:\\xampp\\htdocs...', 131)
#1 C:\xampp\htdocs\CI4-CRUD\system\View\View.php(210): include('C:\\xampp\\htdocs...')
#2 C:\xampp\htdocs\CI4-CRUD\system\View\View.php(213): CodeIgniter\View\View->CodeIgniter\View\{closure}()
#3 C:\xampp\htdocs\CI4-CRUD\system\Common.php(1089): CodeIgniter\View\View->render('ViewDataMahasis...', Array, true)
#4 C:\xampp\htdocs\CI4-CRUD\app\Controllers\Mahasiswa.php(20): view('ViewDataMahasis...', Array)
#5 C:\xampp\htdocs\CI4-CRUD\system\CodeIgniter.php(832): App\Controllers\Mahasiswa->index()
#6 C:\xampp\htdocs\CI4-CRUD\system\CodeIgniter.php(419): CodeIgniter\CodeIgniter->runController(Object(App\Controllers\Mahasiswa))
#7 C:\xampp\htdocs\CI4-CRUD\system\CodeIgniter.php(326): CodeIgniter\CodeIgniter->handleRequest(NULL, Object(Config\Cache), false)
#8 C:\xampp\htdocs\CI4-CRUD\public\index.php(37): CodeIgniter\CodeIgniter->run()
#9 C:\xampp\htdocs\CI4-CRUD\system\Commands\Server\rewrite.php(43): require_once('C:\\xampp\\htdocs...')
#10 {main}
CRITICAL - 2022-03-10 19:36:39 --> Undefined variable $nim
#0 C:\xampp\htdocs\CI4-CRUD\app\Views\ViewDataMahasiswa.php(131): CodeIgniter\Debug\Exceptions->errorHandler(2, 'Undefined varia...', 'C:\\xampp\\htdocs...', 131)
#1 C:\xampp\htdocs\CI4-CRUD\system\View\View.php(210): include('C:\\xampp\\htdocs...')
#2 C:\xampp\htdocs\CI4-CRUD\system\View\View.php(213): CodeIgniter\View\View->CodeIgniter\View\{closure}()
#3 C:\xampp\htdocs\CI4-CRUD\system\Common.php(1089): CodeIgniter\View\View->render('ViewDataMahasis...', Array, true)
#4 C:\xampp\htdocs\CI4-CRUD\app\Controllers\Mahasiswa.php(20): view('ViewDataMahasis...', Array)
#5 C:\xampp\htdocs\CI4-CRUD\system\CodeIgniter.php(832): App\Controllers\Mahasiswa->index()
#6 C:\xampp\htdocs\CI4-CRUD\system\CodeIgniter.php(419): CodeIgniter\CodeIgniter->runController(Object(App\Controllers\Mahasiswa))
#7 C:\xampp\htdocs\CI4-CRUD\system\CodeIgniter.php(326): CodeIgniter\CodeIgniter->handleRequest(NULL, Object(Config\Cache), false)
#8 C:\xampp\htdocs\CI4-CRUD\public\index.php(37): CodeIgniter\CodeIgniter->run()
#9 C:\xampp\htdocs\CI4-CRUD\system\Commands\Server\rewrite.php(43): require_once('C:\\xampp\\htdocs...')
#10 {main}
CRITICAL - 2022-03-10 19:36:42 --> Undefined variable $nim
#0 C:\xampp\htdocs\CI4-CRUD\app\Views\ViewDataMahasiswa.php(131): CodeIgniter\Debug\Exceptions->errorHandler(2, 'Undefined varia...', 'C:\\xampp\\htdocs...', 131)
#1 C:\xampp\htdocs\CI4-CRUD\system\View\View.php(210): include('C:\\xampp\\htdocs...')
#2 C:\xampp\htdocs\CI4-CRUD\system\View\View.php(213): CodeIgniter\View\View->CodeIgniter\View\{closure}()
#3 C:\xampp\htdocs\CI4-CRUD\system\Common.php(1089): CodeIgniter\View\View->render('ViewDataMahasis...', Array, true)
#4 C:\xampp\htdocs\CI4-CRUD\app\Controllers\Mahasiswa.php(20): view('ViewDataMahasis...', Array)
#5 C:\xampp\htdocs\CI4-CRUD\system\CodeIgniter.php(832): App\Controllers\Mahasiswa->index()
#6 C:\xampp\htdocs\CI4-CRUD\system\CodeIgniter.php(419): CodeIgniter\CodeIgniter->runController(Object(App\Controllers\Mahasiswa))
#7 C:\xampp\htdocs\CI4-CRUD\system\CodeIgniter.php(326): CodeIgniter\CodeIgniter->handleRequest(NULL, Object(Config\Cache), false)
#8 C:\xampp\htdocs\CI4-CRUD\public\index.php(37): CodeIgniter\CodeIgniter->run()
#9 C:\xampp\htdocs\CI4-CRUD\system\Commands\Server\rewrite.php(43): require_once('C:\\xampp\\htdocs...')
#10 {main}
CRITICAL - 2022-03-10 19:36:46 --> Undefined variable $nim
#0 C:\xampp\htdocs\CI4-CRUD\app\Views\ViewDataMahasiswa.php(131): CodeIgniter\Debug\Exceptions->errorHandler(2, 'Undefined varia...', 'C:\\xampp\\htdocs...', 131)
#1 C:\xampp\htdocs\CI4-CRUD\system\View\View.php(210): include('C:\\xampp\\htdocs...')
#2 C:\xampp\htdocs\CI4-CRUD\system\View\View.php(213): CodeIgniter\View\View->CodeIgniter\View\{closure}()
#3 C:\xampp\htdocs\CI4-CRUD\system\Common.php(1089): CodeIgniter\View\View->render('ViewDataMahasis...', Array, true)
#4 C:\xampp\htdocs\CI4-CRUD\app\Controllers\Mahasiswa.php(20): view('ViewDataMahasis...', Array)
#5 C:\xampp\htdocs\CI4-CRUD\system\CodeIgniter.php(832): App\Controllers\Mahasiswa->index()
#6 C:\xampp\htdocs\CI4-CRUD\system\CodeIgniter.php(419): CodeIgniter\CodeIgniter->runController(Object(App\Controllers\Mahasiswa))
#7 C:\xampp\htdocs\CI4-CRUD\system\CodeIgniter.php(326): CodeIgniter\CodeIgniter->handleRequest(NULL, Object(Config\Cache), false)
#8 C:\xampp\htdocs\CI4-CRUD\public\index.php(37): CodeIgniter\CodeIgniter->run()
#9 C:\xampp\htdocs\CI4-CRUD\system\Commands\Server\rewrite.php(43): require_once('C:\\xampp\\htdocs...')
#10 {main}
CRITICAL - 2022-03-10 19:37:25 --> Undefined variable $nim
#0 C:\xampp\htdocs\CI4-CRUD\app\Views\ViewDataMahasiswa.php(131): CodeIgniter\Debug\Exceptions->errorHandler(2, 'Undefined varia...', 'C:\\xampp\\htdocs...', 131)
#1 C:\xampp\htdocs\CI4-CRUD\system\View\View.php(210): include('C:\\xampp\\htdocs...')
#2 C:\xampp\htdocs\CI4-CRUD\system\View\View.php(213): CodeIgniter\View\View->CodeIgniter\View\{closure}()
#3 C:\xampp\htdocs\CI4-CRUD\system\Common.php(1089): CodeIgniter\View\View->render('ViewDataMahasis...', Array, true)
#4 C:\xampp\htdocs\CI4-CRUD\app\Controllers\Mahasiswa.php(20): view('ViewDataMahasis...', Array)
#5 C:\xampp\htdocs\CI4-CRUD\system\CodeIgniter.php(832): App\Controllers\Mahasiswa->index()
#6 C:\xampp\htdocs\CI4-CRUD\system\CodeIgniter.php(419): CodeIgniter\CodeIgniter->runController(Object(App\Controllers\Mahasiswa))
#7 C:\xampp\htdocs\CI4-CRUD\system\CodeIgniter.php(326): CodeIgniter\CodeIgniter->handleRequest(NULL, Object(Config\Cache), false)
#8 C:\xampp\htdocs\CI4-CRUD\public\index.php(37): CodeIgniter\CodeIgniter->run()
#9 C:\xampp\htdocs\CI4-CRUD\system\Commands\Server\rewrite.php(43): require_once('C:\\xampp\\htdocs...')
#10 {main}
CRITICAL - 2022-03-10 19:38:50 --> Undefined variable $nim
#0 C:\xampp\htdocs\CI4-CRUD\app\Views\ViewDataMahasiswa.php(131): CodeIgniter\Debug\Exceptions->errorHandler(2, 'Undefined varia...', 'C:\\xampp\\htdocs...', 131)
#1 C:\xampp\htdocs\CI4-CRUD\system\View\View.php(210): include('C:\\xampp\\htdocs...')
#2 C:\xampp\htdocs\CI4-CRUD\system\View\View.php(213): CodeIgniter\View\View->CodeIgniter\View\{closure}()
#3 C:\xampp\htdocs\CI4-CRUD\system\Common.php(1089): CodeIgniter\View\View->render('ViewDataMahasis...', Array, true)
#4 C:\xampp\htdocs\CI4-CRUD\app\Controllers\Mahasiswa.php(20): view('ViewDataMahasis...', Array)
#5 C:\xampp\htdocs\CI4-CRUD\system\CodeIgniter.php(832): App\Controllers\Mahasiswa->index()
#6 C:\xampp\htdocs\CI4-CRUD\system\CodeIgniter.php(419): CodeIgniter\CodeIgniter->runController(Object(App\Controllers\Mahasiswa))
#7 C:\xampp\htdocs\CI4-CRUD\system\CodeIgniter.php(326): CodeIgniter\CodeIgniter->handleRequest(NULL, Object(Config\Cache), false)
#8 C:\xampp\htdocs\CI4-CRUD\public\index.php(37): CodeIgniter\CodeIgniter->run()
#9 C:\xampp\htdocs\CI4-CRUD\system\Commands\Server\rewrite.php(43): require_once('C:\\xampp\\htdocs...')
#10 {main}
CRITICAL - 2022-03-10 19:38:52 --> Undefined variable $nim
#0 C:\xampp\htdocs\CI4-CRUD\app\Views\ViewDataMahasiswa.php(131): CodeIgniter\Debug\Exceptions->errorHandler(2, 'Undefined varia...', 'C:\\xampp\\htdocs...', 131)
#1 C:\xampp\htdocs\CI4-CRUD\system\View\View.php(210): include('C:\\xampp\\htdocs...')
#2 C:\xampp\htdocs\CI4-CRUD\system\View\View.php(213): CodeIgniter\View\View->CodeIgniter\View\{closure}()
#3 C:\xampp\htdocs\CI4-CRUD\system\Common.php(1089): CodeIgniter\View\View->render('ViewDataMahasis...', Array, true)
#4 C:\xampp\htdocs\CI4-CRUD\app\Controllers\Mahasiswa.php(20): view('ViewDataMahasis...', Array)
#5 C:\xampp\htdocs\CI4-CRUD\system\CodeIgniter.php(832): App\Controllers\Mahasiswa->index()
#6 C:\xampp\htdocs\CI4-CRUD\system\CodeIgniter.php(419): CodeIgniter\CodeIgniter->runController(Object(App\Controllers\Mahasiswa))
#7 C:\xampp\htdocs\CI4-CRUD\system\CodeIgniter.php(326): CodeIgniter\CodeIgniter->handleRequest(NULL, Object(Config\Cache), false)
#8 C:\xampp\htdocs\CI4-CRUD\public\index.php(37): CodeIgniter\CodeIgniter->run()
#9 C:\xampp\htdocs\CI4-CRUD\system\Commands\Server\rewrite.php(43): require_once('C:\\xampp\\htdocs...')
#10 {main}
CRITICAL - 2022-03-10 19:38:57 --> Undefined variable $nama
#0 C:\xampp\htdocs\CI4-CRUD\app\Views\ViewDataMahasiswa.php(135): CodeIgniter\Debug\Exceptions->errorHandler(2, 'Undefined varia...', 'C:\\xampp\\htdocs...', 135)
#1 C:\xampp\htdocs\CI4-CRUD\system\View\View.php(210): include('C:\\xampp\\htdocs...')
#2 C:\xampp\htdocs\CI4-CRUD\system\View\View.php(213): CodeIgniter\View\View->CodeIgniter\View\{closure}()
#3 C:\xampp\htdocs\CI4-CRUD\system\Common.php(1089): CodeIgniter\View\View->render('ViewDataMahasis...', Array, true)
#4 C:\xampp\htdocs\CI4-CRUD\app\Controllers\Mahasiswa.php(20): view('ViewDataMahasis...', Array)
#5 C:\xampp\htdocs\CI4-CRUD\system\CodeIgniter.php(832): App\Controllers\Mahasiswa->index()
#6 C:\xampp\htdocs\CI4-CRUD\system\CodeIgniter.php(419): CodeIgniter\CodeIgniter->runController(Object(App\Controllers\Mahasiswa))
#7 C:\xampp\htdocs\CI4-CRUD\system\CodeIgniter.php(326): CodeIgniter\CodeIgniter->handleRequest(NULL, Object(Config\Cache), false)
#8 C:\xampp\htdocs\CI4-CRUD\public\index.php(37): CodeIgniter\CodeIgniter->run()
#9 C:\xampp\htdocs\CI4-CRUD\system\Commands\Server\rewrite.php(43): require_once('C:\\xampp\\htdocs...')
#10 {main}
CRITICAL - 2022-03-10 19:39:33 --> Undefined variable $nama
#0 C:\xampp\htdocs\CI4-CRUD\app\Views\ViewDataMahasiswa.php(135): CodeIgniter\Debug\Exceptions->errorHandler(2, 'Undefined varia...', 'C:\\xampp\\htdocs...', 135)
#1 C:\xampp\htdocs\CI4-CRUD\system\View\View.php(210): include('C:\\xampp\\htdocs...')
#2 C:\xampp\htdocs\CI4-CRUD\system\View\View.php(213): CodeIgniter\View\View->CodeIgniter\View\{closure}()
#3 C:\xampp\htdocs\CI4-CRUD\system\Common.php(1089): CodeIgniter\View\View->render('ViewDataMahasis...', Array, true)
#4 C:\xampp\htdocs\CI4-CRUD\app\Controllers\Mahasiswa.php(20): view('ViewDataMahasis...', Array)
#5 C:\xampp\htdocs\CI4-CRUD\system\CodeIgniter.php(832): App\Controllers\Mahasiswa->index()
#6 C:\xampp\htdocs\CI4-CRUD\system\CodeIgniter.php(419): CodeIgniter\CodeIgniter->runController(Object(App\Controllers\Mahasiswa))
#7 C:\xampp\htdocs\CI4-CRUD\system\CodeIgniter.php(326): CodeIgniter\CodeIgniter->handleRequest(NULL, Object(Config\Cache), false)
#8 C:\xampp\htdocs\CI4-CRUD\public\index.php(37): CodeIgniter\CodeIgniter->run()
#9 C:\xampp\htdocs\CI4-CRUD\system\Commands\Server\rewrite.php(43): require_once('C:\\xampp\\htdocs...')
#10 {main}
CRITICAL - 2022-03-10 19:55:23 --> Too few arguments to function App\Controllers\Mahasiswa::edit(), 0 passed in C:\xampp\htdocs\CI4-CRUD\system\CodeIgniter.php on line 832 and exactly 1 expected
#0 C:\xampp\htdocs\CI4-CRUD\system\CodeIgniter.php(832): App\Controllers\Mahasiswa->edit()
#1 C:\xampp\htdocs\CI4-CRUD\system\CodeIgniter.php(419): CodeIgniter\CodeIgniter->runController(Object(App\Controllers\Mahasiswa))
#2 C:\xampp\htdocs\CI4-CRUD\system\CodeIgniter.php(326): CodeIgniter\CodeIgniter->handleRequest(NULL, Object(Config\Cache), false)
#3 C:\xampp\htdocs\CI4-CRUD\public\index.php(37): CodeIgniter\CodeIgniter->run()
#4 C:\xampp\htdocs\CI4-CRUD\system\Commands\Server\rewrite.php(43): require_once('C:\\xampp\\htdocs...')
#5 {main}
CRITICAL - 2022-03-10 19:56:23 --> Too few arguments to function App\Controllers\Mahasiswa::edit(), 0 passed in C:\xampp\htdocs\CI4-CRUD\system\CodeIgniter.php on line 832 and exactly 1 expected
#0 C:\xampp\htdocs\CI4-CRUD\system\CodeIgniter.php(832): App\Controllers\Mahasiswa->edit()
#1 C:\xampp\htdocs\CI4-CRUD\system\CodeIgniter.php(419): CodeIgniter\CodeIgniter->runController(Object(App\Controllers\Mahasiswa))
#2 C:\xampp\htdocs\CI4-CRUD\system\CodeIgniter.php(326): CodeIgniter\CodeIgniter->handleRequest(NULL, Object(Config\Cache), false)
#3 C:\xampp\htdocs\CI4-CRUD\public\index.php(37): CodeIgniter\CodeIgniter->run()
#4 C:\xampp\htdocs\CI4-CRUD\system\Commands\Server\rewrite.php(43): require_once('C:\\xampp\\htdocs...')
#5 {main}
CRITICAL - 2022-03-10 20:01:15 --> Too few arguments to function App\Controllers\Mahasiswa::edit_data(), 0 passed in C:\xampp\htdocs\CI4-CRUD\system\CodeIgniter.php on line 832 and exactly 2 expected
#0 C:\xampp\htdocs\CI4-CRUD\system\CodeIgniter.php(832): App\Controllers\Mahasiswa->edit_data()
#1 C:\xampp\htdocs\CI4-CRUD\system\CodeIgniter.php(419): CodeIgniter\CodeIgniter->runController(Object(App\Controllers\Mahasiswa))
#2 C:\xampp\htdocs\CI4-CRUD\system\CodeIgniter.php(326): CodeIgniter\CodeIgniter->handleRequest(NULL, Object(Config\Cache), false)
#3 C:\xampp\htdocs\CI4-CRUD\public\index.php(37): CodeIgniter\CodeIgniter->run()
#4 C:\xampp\htdocs\CI4-CRUD\system\Commands\Server\rewrite.php(43): require_once('C:\\xampp\\htdocs...')
#5 {main}
CRITICAL - 2022-03-10 20:13:59 --> syntax error, unexpected token ")"
#0 C:\xampp\htdocs\CI4-CRUD\system\View\View.php(213): CodeIgniter\View\View->CodeIgniter\View\{closure}()
#1 C:\xampp\htdocs\CI4-CRUD\system\Common.php(1089): CodeIgniter\View\View->render('ViewDataMahasis...', Array, true)
#2 C:\xampp\htdocs\CI4-CRUD\app\Controllers\Mahasiswa.php(20): view('ViewDataMahasis...', Array)
#3 C:\xampp\htdocs\CI4-CRUD\system\CodeIgniter.php(832): App\Controllers\Mahasiswa->index()
#4 C:\xampp\htdocs\CI4-CRUD\system\CodeIgniter.php(419): CodeIgniter\CodeIgniter->runController(Object(App\Controllers\Mahasiswa))
#5 C:\xampp\htdocs\CI4-CRUD\system\CodeIgniter.php(326): CodeIgniter\CodeIgniter->handleRequest(NULL, Object(Config\Cache), false)
#6 C:\xampp\htdocs\CI4-CRUD\public\index.php(37): CodeIgniter\CodeIgniter->run()
#7 C:\xampp\htdocs\CI4-CRUD\system\Commands\Server\rewrite.php(43): require_once('C:\\xampp\\htdocs...')
#8 {main}
CRITICAL - 2022-03-10 20:14:30 --> syntax error, unexpected token ")"
#0 C:\xampp\htdocs\CI4-CRUD\system\View\View.php(213): CodeIgniter\View\View->CodeIgniter\View\{closure}()
#1 C:\xampp\htdocs\CI4-CRUD\system\Common.php(1089): CodeIgniter\View\View->render('ViewDataMahasis...', Array, true)
#2 C:\xampp\htdocs\CI4-CRUD\app\Controllers\Mahasiswa.php(20): view('ViewDataMahasis...', Array)
#3 C:\xampp\htdocs\CI4-CRUD\system\CodeIgniter.php(832): App\Controllers\Mahasiswa->index()
#4 C:\xampp\htdocs\CI4-CRUD\system\CodeIgniter.php(419): CodeIgniter\CodeIgniter->runController(Object(App\Controllers\Mahasiswa))
#5 C:\xampp\htdocs\CI4-CRUD\system\CodeIgniter.php(326): CodeIgniter\CodeIgniter->handleRequest(NULL, Object(Config\Cache), false)
#6 C:\xampp\htdocs\CI4-CRUD\public\index.php(37): CodeIgniter\CodeIgniter->run()
#7 C:\xampp\htdocs\CI4-CRUD\system\Commands\Server\rewrite.php(43): require_once('C:\\xampp\\htdocs...')
#8 {main}
CRITICAL - 2022-03-10 20:17:32 --> Undefined variable $nim
#0 C:\xampp\htdocs\CI4-CRUD\app\Controllers\Mahasiswa.php(93): CodeIgniter\Debug\Exceptions->errorHandler(2, 'Undefined varia...', 'C:\\xampp\\htdocs...', 93)
#1 C:\xampp\htdocs\CI4-CRUD\system\CodeIgniter.php(832): App\Controllers\Mahasiswa->UpdateData()
#2 C:\xampp\htdocs\CI4-CRUD\system\CodeIgniter.php(419): CodeIgniter\CodeIgniter->runController(Object(App\Controllers\Mahasiswa))
#3 C:\xampp\htdocs\CI4-CRUD\system\CodeIgniter.php(326): CodeIgniter\CodeIgniter->handleRequest(NULL, Object(Config\Cache), false)
#4 C:\xampp\htdocs\CI4-CRUD\public\index.php(37): CodeIgniter\CodeIgniter->run()
#5 C:\xampp\htdocs\CI4-CRUD\system\Commands\Server\rewrite.php(43): require_once('C:\\xampp\\htdocs...')
#6 {main}
