CRITICAL - 2022-03-30 01:15:53 --> Undefined variable $data
#0 C:\xampp\htdocs\ci4App\app\Views\login.php(33): CodeIgniter\Debug\Exceptions->errorHandler(2, 'Undefined varia...', 'C:\\xampp\\htdocs...', 33)
#1 C:\xampp\htdocs\ci4App\system\View\View.php(210): include('C:\\xampp\\htdocs...')
#2 C:\xampp\htdocs\ci4App\system\View\View.php(213): CodeIgniter\View\View->CodeIgniter\View\{closure}()
#3 C:\xampp\htdocs\ci4App\system\Common.php(1089): CodeIgniter\View\View->render('login', Array, true)
#4 C:\xampp\htdocs\ci4App\app\Views\layouts\content.php(2): view('login')
#5 C:\xampp\htdocs\ci4App\system\View\View.php(210): include('C:\\xampp\\htdocs...')
#6 C:\xampp\htdocs\ci4App\system\View\View.php(213): CodeIgniter\View\View->CodeIgniter\View\{closure}()
#7 C:\xampp\htdocs\ci4App\system\Common.php(1089): CodeIgniter\View\View->render('layouts/content', Array, true)
#8 C:\xampp\htdocs\ci4App\app\Views\layouts\wrapper.php(3): view('layouts/content')
#9 C:\xampp\htdocs\ci4App\system\View\View.php(210): include('C:\\xampp\\htdocs...')
#10 C:\xampp\htdocs\ci4App\system\View\View.php(213): CodeIgniter\View\View->CodeIgniter\View\{closure}()
#11 C:\xampp\htdocs\ci4App\system\Common.php(1089): CodeIgniter\View\View->render('layouts/wrapper', Array, true)
#12 C:\xampp\htdocs\ci4App\app\Controllers\UserController.php(182): view('layouts/wrapper', Array)
#13 C:\xampp\htdocs\ci4App\system\CodeIgniter.php(832): App\Controllers\UserController->register()
#14 C:\xampp\htdocs\ci4App\system\CodeIgniter.php(419): CodeIgniter\CodeIgniter->runController(Object(App\Controllers\UserController))
#15 C:\xampp\htdocs\ci4App\system\CodeIgniter.php(326): CodeIgniter\CodeIgniter->handleRequest(NULL, Object(Config\Cache), false)
#16 C:\xampp\htdocs\ci4App\public\index.php(37): CodeIgniter\CodeIgniter->run()
#17 C:\xampp\htdocs\ci4App\system\Commands\Server\rewrite.php(43): require_once('C:\\xampp\\htdocs...')
#18 {main}
CRITICAL - 2022-03-30 01:34:37 --> Undefined variable $data
#0 C:\xampp\htdocs\ci4App\app\Views\login.php(33): CodeIgniter\Debug\Exceptions->errorHandler(2, 'Undefined varia...', 'C:\\xampp\\htdocs...', 33)
#1 C:\xampp\htdocs\ci4App\system\View\View.php(210): include('C:\\xampp\\htdocs...')
#2 C:\xampp\htdocs\ci4App\system\View\View.php(213): CodeIgniter\View\View->CodeIgniter\View\{closure}()
#3 C:\xampp\htdocs\ci4App\system\Common.php(1089): CodeIgniter\View\View->render('login', Array, true)
#4 C:\xampp\htdocs\ci4App\app\Views\layouts\content.php(2): view('login')
#5 C:\xampp\htdocs\ci4App\system\View\View.php(210): include('C:\\xampp\\htdocs...')
#6 C:\xampp\htdocs\ci4App\system\View\View.php(213): CodeIgniter\View\View->CodeIgniter\View\{closure}()
#7 C:\xampp\htdocs\ci4App\system\Common.php(1089): CodeIgniter\View\View->render('layouts/content', Array, true)
#8 C:\xampp\htdocs\ci4App\app\Views\layouts\wrapper.php(3): view('layouts/content')
#9 C:\xampp\htdocs\ci4App\system\View\View.php(210): include('C:\\xampp\\htdocs...')
#10 C:\xampp\htdocs\ci4App\system\View\View.php(213): CodeIgniter\View\View->CodeIgniter\View\{closure}()
#11 C:\xampp\htdocs\ci4App\system\Common.php(1089): CodeIgniter\View\View->render('layouts/wrapper', Array, true)
#12 C:\xampp\htdocs\ci4App\app\Controllers\UserController.php(67): view('layouts/wrapper', Array)
#13 C:\xampp\htdocs\ci4App\system\CodeIgniter.php(832): App\Controllers\UserController->login()
#14 C:\xampp\htdocs\ci4App\system\CodeIgniter.php(419): CodeIgniter\CodeIgniter->runController(Object(App\Controllers\UserController))
#15 C:\xampp\htdocs\ci4App\system\CodeIgniter.php(326): CodeIgniter\CodeIgniter->handleRequest(NULL, Object(Config\Cache), false)
#16 C:\xampp\htdocs\ci4App\public\index.php(37): CodeIgniter\CodeIgniter->run()
#17 C:\xampp\htdocs\ci4App\system\Commands\Server\rewrite.php(43): require_once('C:\\xampp\\htdocs...')
#18 {main}
CRITICAL - 2022-03-30 02:00:49 --> Call to undefined function set_value()
#0 C:\xampp\htdocs\ci4App\system\View\View.php(210): include()
#1 C:\xampp\htdocs\ci4App\system\View\View.php(213): CodeIgniter\View\View->CodeIgniter\View\{closure}()
#2 C:\xampp\htdocs\ci4App\system\Common.php(1089): CodeIgniter\View\View->render('login', Array, true)
#3 C:\xampp\htdocs\ci4App\app\Views\layouts\content.php(2): view('login')
#4 C:\xampp\htdocs\ci4App\system\View\View.php(210): include('C:\\xampp\\htdocs...')
#5 C:\xampp\htdocs\ci4App\system\View\View.php(213): CodeIgniter\View\View->CodeIgniter\View\{closure}()
#6 C:\xampp\htdocs\ci4App\system\Common.php(1089): CodeIgniter\View\View->render('layouts/content', Array, true)
#7 C:\xampp\htdocs\ci4App\app\Views\layouts\wrapper.php(3): view('layouts/content')
#8 C:\xampp\htdocs\ci4App\system\View\View.php(210): include('C:\\xampp\\htdocs...')
#9 C:\xampp\htdocs\ci4App\system\View\View.php(213): CodeIgniter\View\View->CodeIgniter\View\{closure}()
#10 C:\xampp\htdocs\ci4App\system\Common.php(1089): CodeIgniter\View\View->render('layouts/wrapper', Array, true)
#11 C:\xampp\htdocs\ci4App\app\Controllers\UserController.php(67): view('layouts/wrapper', Array)
#12 C:\xampp\htdocs\ci4App\system\CodeIgniter.php(832): App\Controllers\UserController->login()
#13 C:\xampp\htdocs\ci4App\system\CodeIgniter.php(419): CodeIgniter\CodeIgniter->runController(Object(App\Controllers\UserController))
#14 C:\xampp\htdocs\ci4App\system\CodeIgniter.php(326): CodeIgniter\CodeIgniter->handleRequest(NULL, Object(Config\Cache), false)
#15 C:\xampp\htdocs\ci4App\public\index.php(37): CodeIgniter\CodeIgniter->run()
#16 C:\xampp\htdocs\ci4App\system\Commands\Server\rewrite.php(43): require_once('C:\\xampp\\htdocs...')
#17 {main}
CRITICAL - 2022-03-30 02:05:07 --> Call to undefined function set_value()
#0 C:\xampp\htdocs\ci4App\system\View\View.php(210): include()
#1 C:\xampp\htdocs\ci4App\system\View\View.php(213): CodeIgniter\View\View->CodeIgniter\View\{closure}()
#2 C:\xampp\htdocs\ci4App\system\Common.php(1089): CodeIgniter\View\View->render('login', Array, true)
#3 C:\xampp\htdocs\ci4App\app\Views\layouts\content.php(2): view('login')
#4 C:\xampp\htdocs\ci4App\system\View\View.php(210): include('C:\\xampp\\htdocs...')
#5 C:\xampp\htdocs\ci4App\system\View\View.php(213): CodeIgniter\View\View->CodeIgniter\View\{closure}()
#6 C:\xampp\htdocs\ci4App\system\Common.php(1089): CodeIgniter\View\View->render('layouts/content', Array, true)
#7 C:\xampp\htdocs\ci4App\app\Views\layouts\wrapper.php(3): view('layouts/content')
#8 C:\xampp\htdocs\ci4App\system\View\View.php(210): include('C:\\xampp\\htdocs...')
#9 C:\xampp\htdocs\ci4App\system\View\View.php(213): CodeIgniter\View\View->CodeIgniter\View\{closure}()
#10 C:\xampp\htdocs\ci4App\system\Common.php(1089): CodeIgniter\View\View->render('layouts/wrapper', Array, true)
#11 C:\xampp\htdocs\ci4App\app\Controllers\UserController.php(67): view('layouts/wrapper', Array)
#12 C:\xampp\htdocs\ci4App\system\CodeIgniter.php(832): App\Controllers\UserController->login()
#13 C:\xampp\htdocs\ci4App\system\CodeIgniter.php(419): CodeIgniter\CodeIgniter->runController(Object(App\Controllers\UserController))
#14 C:\xampp\htdocs\ci4App\system\CodeIgniter.php(326): CodeIgniter\CodeIgniter->handleRequest(NULL, Object(Config\Cache), false)
#15 C:\xampp\htdocs\ci4App\public\index.php(37): CodeIgniter\CodeIgniter->run()
#16 C:\xampp\htdocs\ci4App\system\Commands\Server\rewrite.php(43): require_once('C:\\xampp\\htdocs...')
#17 {main}
CRITICAL - 2022-03-30 02:05:09 --> Call to undefined function set_value()
#0 C:\xampp\htdocs\ci4App\system\View\View.php(210): include()
#1 C:\xampp\htdocs\ci4App\system\View\View.php(213): CodeIgniter\View\View->CodeIgniter\View\{closure}()
#2 C:\xampp\htdocs\ci4App\system\Common.php(1089): CodeIgniter\View\View->render('login', Array, true)
#3 C:\xampp\htdocs\ci4App\app\Views\layouts\content.php(2): view('login')
#4 C:\xampp\htdocs\ci4App\system\View\View.php(210): include('C:\\xampp\\htdocs...')
#5 C:\xampp\htdocs\ci4App\system\View\View.php(213): CodeIgniter\View\View->CodeIgniter\View\{closure}()
#6 C:\xampp\htdocs\ci4App\system\Common.php(1089): CodeIgniter\View\View->render('layouts/content', Array, true)
#7 C:\xampp\htdocs\ci4App\app\Views\layouts\wrapper.php(3): view('layouts/content')
#8 C:\xampp\htdocs\ci4App\system\View\View.php(210): include('C:\\xampp\\htdocs...')
#9 C:\xampp\htdocs\ci4App\system\View\View.php(213): CodeIgniter\View\View->CodeIgniter\View\{closure}()
#10 C:\xampp\htdocs\ci4App\system\Common.php(1089): CodeIgniter\View\View->render('layouts/wrapper', Array, true)
#11 C:\xampp\htdocs\ci4App\app\Controllers\UserController.php(67): view('layouts/wrapper', Array)
#12 C:\xampp\htdocs\ci4App\system\CodeIgniter.php(832): App\Controllers\UserController->login()
#13 C:\xampp\htdocs\ci4App\system\CodeIgniter.php(419): CodeIgniter\CodeIgniter->runController(Object(App\Controllers\UserController))
#14 C:\xampp\htdocs\ci4App\system\CodeIgniter.php(326): CodeIgniter\CodeIgniter->handleRequest(NULL, Object(Config\Cache), false)
#15 C:\xampp\htdocs\ci4App\public\index.php(37): CodeIgniter\CodeIgniter->run()
#16 C:\xampp\htdocs\ci4App\system\Commands\Server\rewrite.php(43): require_once('C:\\xampp\\htdocs...')
#17 {main}
CRITICAL - 2022-03-30 02:47:56 --> Call to undefined function form_open()
#0 C:\xampp\htdocs\ci4App\system\View\View.php(210): include()
#1 C:\xampp\htdocs\ci4App\system\View\View.php(213): CodeIgniter\View\View->CodeIgniter\View\{closure}()
#2 C:\xampp\htdocs\ci4App\system\Common.php(1089): CodeIgniter\View\View->render('viewdatamahasis...', Array, true)
#3 C:\xampp\htdocs\ci4App\app\Views\layouts\content.php(2): view('viewdatamahasis...')
#4 C:\xampp\htdocs\ci4App\system\View\View.php(210): include('C:\\xampp\\htdocs...')
#5 C:\xampp\htdocs\ci4App\system\View\View.php(213): CodeIgniter\View\View->CodeIgniter\View\{closure}()
#6 C:\xampp\htdocs\ci4App\system\Common.php(1089): CodeIgniter\View\View->render('layouts/content', Array, true)
#7 C:\xampp\htdocs\ci4App\app\Views\layouts\wrapper.php(3): view('layouts/content')
#8 C:\xampp\htdocs\ci4App\system\View\View.php(210): include('C:\\xampp\\htdocs...')
#9 C:\xampp\htdocs\ci4App\system\View\View.php(213): CodeIgniter\View\View->CodeIgniter\View\{closure}()
#10 C:\xampp\htdocs\ci4App\system\Common.php(1089): CodeIgniter\View\View->render('layouts/wrapper', Array, true)
#11 C:\xampp\htdocs\ci4App\app\Controllers\AdminController.php(28): view('layouts/wrapper', Array)
#12 C:\xampp\htdocs\ci4App\system\CodeIgniter.php(832): App\Controllers\AdminController->index()
#13 C:\xampp\htdocs\ci4App\system\CodeIgniter.php(419): CodeIgniter\CodeIgniter->runController(Object(App\Controllers\AdminController))
#14 C:\xampp\htdocs\ci4App\system\CodeIgniter.php(326): CodeIgniter\CodeIgniter->handleRequest(NULL, Object(Config\Cache), false)
#15 C:\xampp\htdocs\ci4App\public\index.php(37): CodeIgniter\CodeIgniter->run()
#16 C:\xampp\htdocs\ci4App\system\Commands\Server\rewrite.php(43): require_once('C:\\xampp\\htdocs...')
#17 {main}
CRITICAL - 2022-03-30 05:15:00 --> Undefined array key "nama"
#0 C:\xampp\htdocs\ci4App\app\Views\ViewDataMahasiswa.php(211): CodeIgniter\Debug\Exceptions->errorHandler(2, 'Undefined array...', 'C:\\xampp\\htdocs...', 211)
#1 C:\xampp\htdocs\ci4App\system\View\View.php(210): include('C:\\xampp\\htdocs...')
#2 C:\xampp\htdocs\ci4App\system\View\View.php(213): CodeIgniter\View\View->CodeIgniter\View\{closure}()
#3 C:\xampp\htdocs\ci4App\system\Common.php(1089): CodeIgniter\View\View->render('viewdatamahasis...', Array, true)
#4 C:\xampp\htdocs\ci4App\app\Views\layouts\content.php(2): view('viewdatamahasis...')
#5 C:\xampp\htdocs\ci4App\system\View\View.php(210): include('C:\\xampp\\htdocs...')
#6 C:\xampp\htdocs\ci4App\system\View\View.php(213): CodeIgniter\View\View->CodeIgniter\View\{closure}()
#7 C:\xampp\htdocs\ci4App\system\Common.php(1089): CodeIgniter\View\View->render('layouts/content', Array, true)
#8 C:\xampp\htdocs\ci4App\app\Views\layouts\wrapper.php(3): view('layouts/content')
#9 C:\xampp\htdocs\ci4App\system\View\View.php(210): include('C:\\xampp\\htdocs...')
#10 C:\xampp\htdocs\ci4App\system\View\View.php(213): CodeIgniter\View\View->CodeIgniter\View\{closure}()
#11 C:\xampp\htdocs\ci4App\system\Common.php(1089): CodeIgniter\View\View->render('layouts/wrapper', Array, true)
#12 C:\xampp\htdocs\ci4App\app\Controllers\AdminController.php(29): view('layouts/wrapper', Array)
#13 C:\xampp\htdocs\ci4App\system\CodeIgniter.php(832): App\Controllers\AdminController->index()
#14 C:\xampp\htdocs\ci4App\system\CodeIgniter.php(419): CodeIgniter\CodeIgniter->runController(Object(App\Controllers\AdminController))
#15 C:\xampp\htdocs\ci4App\system\CodeIgniter.php(326): CodeIgniter\CodeIgniter->handleRequest(NULL, Object(Config\Cache), false)
#16 C:\xampp\htdocs\ci4App\public\index.php(37): CodeIgniter\CodeIgniter->run()
#17 C:\xampp\htdocs\ci4App\system\Commands\Server\rewrite.php(43): require_once('C:\\xampp\\htdocs...')
#18 {main}
CRITICAL - 2022-03-30 05:16:05 --> Undefined array key "TmpLahir_mhs_mhs"
#0 C:\xampp\htdocs\ci4App\app\Views\ViewDataMahasiswa.php(220): CodeIgniter\Debug\Exceptions->errorHandler(2, 'Undefined array...', 'C:\\xampp\\htdocs...', 220)
#1 C:\xampp\htdocs\ci4App\system\View\View.php(210): include('C:\\xampp\\htdocs...')
#2 C:\xampp\htdocs\ci4App\system\View\View.php(213): CodeIgniter\View\View->CodeIgniter\View\{closure}()
#3 C:\xampp\htdocs\ci4App\system\Common.php(1089): CodeIgniter\View\View->render('viewdatamahasis...', Array, true)
#4 C:\xampp\htdocs\ci4App\app\Views\layouts\content.php(2): view('viewdatamahasis...')
#5 C:\xampp\htdocs\ci4App\system\View\View.php(210): include('C:\\xampp\\htdocs...')
#6 C:\xampp\htdocs\ci4App\system\View\View.php(213): CodeIgniter\View\View->CodeIgniter\View\{closure}()
#7 C:\xampp\htdocs\ci4App\system\Common.php(1089): CodeIgniter\View\View->render('layouts/content', Array, true)
#8 C:\xampp\htdocs\ci4App\app\Views\layouts\wrapper.php(3): view('layouts/content')
#9 C:\xampp\htdocs\ci4App\system\View\View.php(210): include('C:\\xampp\\htdocs...')
#10 C:\xampp\htdocs\ci4App\system\View\View.php(213): CodeIgniter\View\View->CodeIgniter\View\{closure}()
#11 C:\xampp\htdocs\ci4App\system\Common.php(1089): CodeIgniter\View\View->render('layouts/wrapper', Array, true)
#12 C:\xampp\htdocs\ci4App\app\Controllers\AdminController.php(29): view('layouts/wrapper', Array)
#13 C:\xampp\htdocs\ci4App\system\CodeIgniter.php(832): App\Controllers\AdminController->index()
#14 C:\xampp\htdocs\ci4App\system\CodeIgniter.php(419): CodeIgniter\CodeIgniter->runController(Object(App\Controllers\AdminController))
#15 C:\xampp\htdocs\ci4App\system\CodeIgniter.php(326): CodeIgniter\CodeIgniter->handleRequest(NULL, Object(Config\Cache), false)
#16 C:\xampp\htdocs\ci4App\public\index.php(37): CodeIgniter\CodeIgniter->run()
#17 C:\xampp\htdocs\ci4App\system\Commands\Server\rewrite.php(43): require_once('C:\\xampp\\htdocs...')
#18 {main}
CRITICAL - 2022-03-30 05:16:34 --> Undefined array key "telepon_mhs"
#0 C:\xampp\htdocs\ci4App\app\Views\ViewDataMahasiswa.php(247): CodeIgniter\Debug\Exceptions->errorHandler(2, 'Undefined array...', 'C:\\xampp\\htdocs...', 247)
#1 C:\xampp\htdocs\ci4App\system\View\View.php(210): include('C:\\xampp\\htdocs...')
#2 C:\xampp\htdocs\ci4App\system\View\View.php(213): CodeIgniter\View\View->CodeIgniter\View\{closure}()
#3 C:\xampp\htdocs\ci4App\system\Common.php(1089): CodeIgniter\View\View->render('viewdatamahasis...', Array, true)
#4 C:\xampp\htdocs\ci4App\app\Views\layouts\content.php(2): view('viewdatamahasis...')
#5 C:\xampp\htdocs\ci4App\system\View\View.php(210): include('C:\\xampp\\htdocs...')
#6 C:\xampp\htdocs\ci4App\system\View\View.php(213): CodeIgniter\View\View->CodeIgniter\View\{closure}()
#7 C:\xampp\htdocs\ci4App\system\Common.php(1089): CodeIgniter\View\View->render('layouts/content', Array, true)
#8 C:\xampp\htdocs\ci4App\app\Views\layouts\wrapper.php(3): view('layouts/content')
#9 C:\xampp\htdocs\ci4App\system\View\View.php(210): include('C:\\xampp\\htdocs...')
#10 C:\xampp\htdocs\ci4App\system\View\View.php(213): CodeIgniter\View\View->CodeIgniter\View\{closure}()
#11 C:\xampp\htdocs\ci4App\system\Common.php(1089): CodeIgniter\View\View->render('layouts/wrapper', Array, true)
#12 C:\xampp\htdocs\ci4App\app\Controllers\AdminController.php(29): view('layouts/wrapper', Array)
#13 C:\xampp\htdocs\ci4App\system\CodeIgniter.php(832): App\Controllers\AdminController->index()
#14 C:\xampp\htdocs\ci4App\system\CodeIgniter.php(419): CodeIgniter\CodeIgniter->runController(Object(App\Controllers\AdminController))
#15 C:\xampp\htdocs\ci4App\system\CodeIgniter.php(326): CodeIgniter\CodeIgniter->handleRequest(NULL, Object(Config\Cache), false)
#16 C:\xampp\htdocs\ci4App\public\index.php(37): CodeIgniter\CodeIgniter->run()
#17 C:\xampp\htdocs\ci4App\system\Commands\Server\rewrite.php(43): require_once('C:\\xampp\\htdocs...')
#18 {main}
CRITICAL - 2022-03-30 21:14:57 --> Invalid file: login.php
#0 C:\xampp\htdocs\ci4App\system\View\View.php(198): CodeIgniter\Exceptions\FrameworkException::forInvalidFile('login.php')
#1 C:\xampp\htdocs\ci4App\system\Common.php(1089): CodeIgniter\View\View->render('login', Array, true)
#2 C:\xampp\htdocs\ci4App\app\Views\layouts\content.php(2): view('login')
#3 C:\xampp\htdocs\ci4App\system\View\View.php(210): include('C:\\xampp\\htdocs...')
#4 C:\xampp\htdocs\ci4App\system\View\View.php(213): CodeIgniter\View\View->CodeIgniter\View\{closure}()
#5 C:\xampp\htdocs\ci4App\system\Common.php(1089): CodeIgniter\View\View->render('layouts/content', Array, true)
#6 C:\xampp\htdocs\ci4App\app\Views\layouts\wrapper.php(3): view('layouts/content')
#7 C:\xampp\htdocs\ci4App\system\View\View.php(210): include('C:\\xampp\\htdocs...')
#8 C:\xampp\htdocs\ci4App\system\View\View.php(213): CodeIgniter\View\View->CodeIgniter\View\{closure}()
#9 C:\xampp\htdocs\ci4App\system\Common.php(1089): CodeIgniter\View\View->render('layouts/wrapper', Array, true)
#10 C:\xampp\htdocs\ci4App\app\Controllers\UserController.php(67): view('layouts/wrapper', Array)
#11 C:\xampp\htdocs\ci4App\system\CodeIgniter.php(832): App\Controllers\UserController->login()
#12 C:\xampp\htdocs\ci4App\system\CodeIgniter.php(419): CodeIgniter\CodeIgniter->runController(Object(App\Controllers\UserController))
#13 C:\xampp\htdocs\ci4App\system\CodeIgniter.php(326): CodeIgniter\CodeIgniter->handleRequest(NULL, Object(Config\Cache), false)
#14 C:\xampp\htdocs\ci4App\public\index.php(37): CodeIgniter\CodeIgniter->run()
#15 C:\xampp\htdocs\ci4App\system\Commands\Server\rewrite.php(43): require_once('C:\\xampp\\htdocs...')
#16 {main}
CRITICAL - 2022-03-30 21:19:08 --> Invalid file: viewdatamahasiswa.php
#0 C:\xampp\htdocs\ci4App\system\View\View.php(198): CodeIgniter\Exceptions\FrameworkException::forInvalidFile('viewdatamahasis...')
#1 C:\xampp\htdocs\ci4App\system\Common.php(1089): CodeIgniter\View\View->render('viewdatamahasis...', Array, true)
#2 C:\xampp\htdocs\ci4App\app\Views\layouts\content.php(2): view('viewdatamahasis...')
#3 C:\xampp\htdocs\ci4App\system\View\View.php(210): include('C:\\xampp\\htdocs...')
#4 C:\xampp\htdocs\ci4App\system\View\View.php(213): CodeIgniter\View\View->CodeIgniter\View\{closure}()
#5 C:\xampp\htdocs\ci4App\system\Common.php(1089): CodeIgniter\View\View->render('layouts/content', Array, true)
#6 C:\xampp\htdocs\ci4App\app\Views\layouts\wrapper.php(3): view('layouts/content')
#7 C:\xampp\htdocs\ci4App\system\View\View.php(210): include('C:\\xampp\\htdocs...')
#8 C:\xampp\htdocs\ci4App\system\View\View.php(213): CodeIgniter\View\View->CodeIgniter\View\{closure}()
#9 C:\xampp\htdocs\ci4App\system\Common.php(1089): CodeIgniter\View\View->render('layouts/wrapper', Array, true)
#10 C:\xampp\htdocs\ci4App\app\Controllers\AdminController.php(29): view('layouts/wrapper', Array)
#11 C:\xampp\htdocs\ci4App\system\CodeIgniter.php(832): App\Controllers\AdminController->index()
#12 C:\xampp\htdocs\ci4App\system\CodeIgniter.php(419): CodeIgniter\CodeIgniter->runController(Object(App\Controllers\AdminController))
#13 C:\xampp\htdocs\ci4App\system\CodeIgniter.php(326): CodeIgniter\CodeIgniter->handleRequest(NULL, Object(Config\Cache), false)
#14 C:\xampp\htdocs\ci4App\public\index.php(37): CodeIgniter\CodeIgniter->run()
#15 C:\xampp\htdocs\ci4App\system\Commands\Server\rewrite.php(43): require_once('C:\\xampp\\htdocs...')
#16 {main}
CRITICAL - 2022-03-30 21:40:54 --> Undefined variable $validation
#0 C:\xampp\htdocs\ci4App\app\Views\pages\modal\modalAdd.php(21): CodeIgniter\Debug\Exceptions->errorHandler(2, 'Undefined varia...', 'C:\\xampp\\htdocs...', 21)
#1 C:\xampp\htdocs\ci4App\system\View\View.php(210): include('C:\\xampp\\htdocs...')
#2 C:\xampp\htdocs\ci4App\system\View\View.php(213): CodeIgniter\View\View->CodeIgniter\View\{closure}()
#3 C:\xampp\htdocs\ci4App\system\View\View.php(424): CodeIgniter\View\View->render('pages/modal/mod...', NULL, true)
#4 C:\xampp\htdocs\ci4App\app\Views\pages\ViewDataMahasiswa.php(91): CodeIgniter\View\View->include('pages/modal/mod...')
#5 C:\xampp\htdocs\ci4App\system\View\View.php(210): include('C:\\xampp\\htdocs...')
#6 C:\xampp\htdocs\ci4App\system\View\View.php(213): CodeIgniter\View\View->CodeIgniter\View\{closure}()
#7 C:\xampp\htdocs\ci4App\system\Common.php(1089): CodeIgniter\View\View->render('pages/viewdatam...', Array, true)
#8 C:\xampp\htdocs\ci4App\app\Controllers\AdminController.php(28): view('pages/viewdatam...', Array)
#9 C:\xampp\htdocs\ci4App\system\CodeIgniter.php(832): App\Controllers\AdminController->index()
#10 C:\xampp\htdocs\ci4App\system\CodeIgniter.php(419): CodeIgniter\CodeIgniter->runController(Object(App\Controllers\AdminController))
#11 C:\xampp\htdocs\ci4App\system\CodeIgniter.php(326): CodeIgniter\CodeIgniter->handleRequest(NULL, Object(Config\Cache), false)
#12 C:\xampp\htdocs\ci4App\public\index.php(37): CodeIgniter\CodeIgniter->run()
#13 C:\xampp\htdocs\ci4App\system\Commands\Server\rewrite.php(43): require_once('C:\\xampp\\htdocs...')
#14 {main}
CRITICAL - 2022-03-30 21:50:39 --> Invalid file: widget/modalAdd.php
#0 C:\xampp\htdocs\ci4App\system\View\View.php(198): CodeIgniter\Exceptions\FrameworkException::forInvalidFile('widget/modalAdd...')
#1 C:\xampp\htdocs\ci4App\system\Common.php(1089): CodeIgniter\View\View->render('widget/modalAdd', Array, true)
#2 C:\xampp\htdocs\ci4App\app\Libraries\Widget.php(9): view('widget/modalAdd')
#3 C:\xampp\htdocs\ci4App\system\View\Cell.php(105): App\Libraries\Widget->modalAdd()
#4 C:\xampp\htdocs\ci4App\system\Common.php(1105): CodeIgniter\View\Cell->render('\\App\\Libraries\\...', NULL, 0, 'AppLibrariesWid...')
#5 C:\xampp\htdocs\ci4App\app\Views\pages\ViewDataMahasiswa.php(91): view_cell('\\App\\Libraries\\...')
#6 C:\xampp\htdocs\ci4App\system\View\View.php(210): include('C:\\xampp\\htdocs...')
#7 C:\xampp\htdocs\ci4App\system\View\View.php(213): CodeIgniter\View\View->CodeIgniter\View\{closure}()
#8 C:\xampp\htdocs\ci4App\system\Common.php(1089): CodeIgniter\View\View->render('pages/viewdatam...', Array, true)
#9 C:\xampp\htdocs\ci4App\app\Controllers\AdminController.php(28): view('pages/viewdatam...', Array)
#10 C:\xampp\htdocs\ci4App\system\CodeIgniter.php(832): App\Controllers\AdminController->index()
#11 C:\xampp\htdocs\ci4App\system\CodeIgniter.php(419): CodeIgniter\CodeIgniter->runController(Object(App\Controllers\AdminController))
#12 C:\xampp\htdocs\ci4App\system\CodeIgniter.php(326): CodeIgniter\CodeIgniter->handleRequest(NULL, Object(Config\Cache), false)
#13 C:\xampp\htdocs\ci4App\public\index.php(37): CodeIgniter\CodeIgniter->run()
#14 C:\xampp\htdocs\ci4App\system\Commands\Server\rewrite.php(43): require_once('C:\\xampp\\htdocs...')
#15 {main}
CRITICAL - 2022-03-30 21:51:32 --> Undefined variable $validation
#0 C:\xampp\htdocs\ci4App\app\Views\widget\modalAdd.php(21): CodeIgniter\Debug\Exceptions->errorHandler(2, 'Undefined varia...', 'C:\\xampp\\htdocs...', 21)
#1 C:\xampp\htdocs\ci4App\system\View\View.php(210): include('C:\\xampp\\htdocs...')
#2 C:\xampp\htdocs\ci4App\system\View\View.php(213): CodeIgniter\View\View->CodeIgniter\View\{closure}()
#3 C:\xampp\htdocs\ci4App\system\Common.php(1089): CodeIgniter\View\View->render('widget/modalAdd', Array, true)
#4 C:\xampp\htdocs\ci4App\app\Libraries\Widget.php(9): view('widget/modalAdd')
#5 C:\xampp\htdocs\ci4App\system\View\Cell.php(105): App\Libraries\Widget->modalAdd()
#6 C:\xampp\htdocs\ci4App\system\Common.php(1105): CodeIgniter\View\Cell->render('\\App\\Libraries\\...', NULL, 0, 'AppLibrariesWid...')
#7 C:\xampp\htdocs\ci4App\app\Views\pages\ViewDataMahasiswa.php(91): view_cell('\\App\\Libraries\\...')
#8 C:\xampp\htdocs\ci4App\system\View\View.php(210): include('C:\\xampp\\htdocs...')
#9 C:\xampp\htdocs\ci4App\system\View\View.php(213): CodeIgniter\View\View->CodeIgniter\View\{closure}()
#10 C:\xampp\htdocs\ci4App\system\Common.php(1089): CodeIgniter\View\View->render('pages/viewdatam...', Array, true)
#11 C:\xampp\htdocs\ci4App\app\Controllers\AdminController.php(28): view('pages/viewdatam...', Array)
#12 C:\xampp\htdocs\ci4App\system\CodeIgniter.php(832): App\Controllers\AdminController->index()
#13 C:\xampp\htdocs\ci4App\system\CodeIgniter.php(419): CodeIgniter\CodeIgniter->runController(Object(App\Controllers\AdminController))
#14 C:\xampp\htdocs\ci4App\system\CodeIgniter.php(326): CodeIgniter\CodeIgniter->handleRequest(NULL, Object(Config\Cache), false)
#15 C:\xampp\htdocs\ci4App\public\index.php(37): CodeIgniter\CodeIgniter->run()
#16 C:\xampp\htdocs\ci4App\system\Commands\Server\rewrite.php(43): require_once('C:\\xampp\\htdocs...')
#17 {main}
CRITICAL - 2022-03-30 22:10:19 --> Undefined variable $bruh
#0 C:\xampp\htdocs\ci4App\app\Views\pages\ViewDataMahasiswa.php(177): CodeIgniter\Debug\Exceptions->errorHandler(2, 'Undefined varia...', 'C:\\xampp\\htdocs...', 177)
#1 C:\xampp\htdocs\ci4App\system\View\View.php(210): include('C:\\xampp\\htdocs...')
#2 C:\xampp\htdocs\ci4App\system\View\View.php(213): CodeIgniter\View\View->CodeIgniter\View\{closure}()
#3 C:\xampp\htdocs\ci4App\system\Common.php(1089): CodeIgniter\View\View->render('pages/viewdatam...', Array, true)
#4 C:\xampp\htdocs\ci4App\app\Controllers\AdminController.php(28): view('pages/viewdatam...', Array)
#5 C:\xampp\htdocs\ci4App\system\CodeIgniter.php(832): App\Controllers\AdminController->index()
#6 C:\xampp\htdocs\ci4App\system\CodeIgniter.php(419): CodeIgniter\CodeIgniter->runController(Object(App\Controllers\AdminController))
#7 C:\xampp\htdocs\ci4App\system\CodeIgniter.php(326): CodeIgniter\CodeIgniter->handleRequest(NULL, Object(Config\Cache), false)
#8 C:\xampp\htdocs\ci4App\public\index.php(37): CodeIgniter\CodeIgniter->run()
#9 C:\xampp\htdocs\ci4App\system\Commands\Server\rewrite.php(43): require_once('C:\\xampp\\htdocs...')
#10 {main}
CRITICAL - 2022-03-30 23:01:09 --> Undefined variable $user
#0 C:\xampp\htdocs\ci4App\app\Views\errors\http\403_access-denied.php(80): CodeIgniter\Debug\Exceptions->errorHandler(2, 'Undefined varia...', 'C:\\xampp\\htdocs...', 80)
#1 C:\xampp\htdocs\ci4App\system\View\View.php(210): include('C:\\xampp\\htdocs...')
#2 C:\xampp\htdocs\ci4App\system\View\View.php(213): CodeIgniter\View\View->CodeIgniter\View\{closure}()
#3 C:\xampp\htdocs\ci4App\system\Common.php(1089): CodeIgniter\View\View->render('errors/http/403...', Array, true)
#4 C:\xampp\htdocs\ci4App\app\Controllers\MemberController.php(15): view('errors/http/403...', Array)
#5 C:\xampp\htdocs\ci4App\system\CodeIgniter.php(809): App\Controllers\MemberController->__construct()
#6 C:\xampp\htdocs\ci4App\system\CodeIgniter.php(410): CodeIgniter\CodeIgniter->createController()
#7 C:\xampp\htdocs\ci4App\system\CodeIgniter.php(326): CodeIgniter\CodeIgniter->handleRequest(NULL, Object(Config\Cache), false)
#8 C:\xampp\htdocs\ci4App\public\index.php(37): CodeIgniter\CodeIgniter->run()
#9 C:\xampp\htdocs\ci4App\system\Commands\Server\rewrite.php(43): require_once('C:\\xampp\\htdocs...')
#10 {main}
CRITICAL - 2022-03-30 23:01:29 --> Undefined variable $user
#0 C:\xampp\htdocs\ci4App\app\Views\errors\http\403_access-denied.php(80): CodeIgniter\Debug\Exceptions->errorHandler(2, 'Undefined varia...', 'C:\\xampp\\htdocs...', 80)
#1 C:\xampp\htdocs\ci4App\system\View\View.php(210): include('C:\\xampp\\htdocs...')
#2 C:\xampp\htdocs\ci4App\system\View\View.php(213): CodeIgniter\View\View->CodeIgniter\View\{closure}()
#3 C:\xampp\htdocs\ci4App\system\Common.php(1089): CodeIgniter\View\View->render('errors/http/403...', Array, true)
#4 C:\xampp\htdocs\ci4App\app\Controllers\Mahasiswa.php(16): view('errors/http/403...', Array)
#5 C:\xampp\htdocs\ci4App\system\CodeIgniter.php(809): App\Controllers\Mahasiswa->__construct()
#6 C:\xampp\htdocs\ci4App\system\CodeIgniter.php(410): CodeIgniter\CodeIgniter->createController()
#7 C:\xampp\htdocs\ci4App\system\CodeIgniter.php(326): CodeIgniter\CodeIgniter->handleRequest(NULL, Object(Config\Cache), false)
#8 C:\xampp\htdocs\ci4App\public\index.php(37): CodeIgniter\CodeIgniter->run()
#9 C:\xampp\htdocs\ci4App\system\Commands\Server\rewrite.php(43): require_once('C:\\xampp\\htdocs...')
#10 {main}
CRITICAL - 2022-03-30 23:01:30 --> Undefined variable $user
#0 C:\xampp\htdocs\ci4App\app\Views\errors\http\403_access-denied.php(80): CodeIgniter\Debug\Exceptions->errorHandler(2, 'Undefined varia...', 'C:\\xampp\\htdocs...', 80)
#1 C:\xampp\htdocs\ci4App\system\View\View.php(210): include('C:\\xampp\\htdocs...')
#2 C:\xampp\htdocs\ci4App\system\View\View.php(213): CodeIgniter\View\View->CodeIgniter\View\{closure}()
#3 C:\xampp\htdocs\ci4App\system\Common.php(1089): CodeIgniter\View\View->render('errors/http/403...', Array, true)
#4 C:\xampp\htdocs\ci4App\app\Controllers\Mahasiswa.php(16): view('errors/http/403...', Array)
#5 C:\xampp\htdocs\ci4App\system\CodeIgniter.php(809): App\Controllers\Mahasiswa->__construct()
#6 C:\xampp\htdocs\ci4App\system\CodeIgniter.php(410): CodeIgniter\CodeIgniter->createController()
#7 C:\xampp\htdocs\ci4App\system\CodeIgniter.php(326): CodeIgniter\CodeIgniter->handleRequest(NULL, Object(Config\Cache), false)
#8 C:\xampp\htdocs\ci4App\public\index.php(37): CodeIgniter\CodeIgniter->run()
#9 C:\xampp\htdocs\ci4App\system\Commands\Server\rewrite.php(43): require_once('C:\\xampp\\htdocs...')
#10 {main}
