CRITICAL - 2022-04-03 02:45:25 --> syntax error, unexpected token ";"
#0 C:\xampp\htdocs\ci4App\system\View\View.php(213): CodeIgniter\View\View->CodeIgniter\View\{closure}()
#1 C:\xampp\htdocs\ci4App\system\Common.php(1089): CodeIgniter\View\View->render('pages/viewdatam...', Array, true)
#2 C:\xampp\htdocs\ci4App\app\Controllers\Mahasiswa.php(35): view('pages/viewdatam...', Array)
#3 C:\xampp\htdocs\ci4App\system\CodeIgniter.php(832): App\Controllers\Mahasiswa->index()
#4 C:\xampp\htdocs\ci4App\system\CodeIgniter.php(419): CodeIgniter\CodeIgniter->runController(Object(App\Controllers\Mahasiswa))
#5 C:\xampp\htdocs\ci4App\system\CodeIgniter.php(326): CodeIgniter\CodeIgniter->handleRequest(NULL, Object(Config\Cache), false)
#6 C:\xampp\htdocs\ci4App\public\index.php(37): CodeIgniter\CodeIgniter->run()
#7 C:\xampp\htdocs\ci4App\system\Commands\Server\rewrite.php(43): require_once('C:\\xampp\\htdocs...')
#8 {main}
CRITICAL - 2022-04-03 03:44:08 --> Call to undefined method CodeIgniter\Session\Session::getErrors()
#0 C:\xampp\htdocs\ci4App\system\View\View.php(210): include()
#1 C:\xampp\htdocs\ci4App\system\View\View.php(213): CodeIgniter\View\View->CodeIgniter\View\{closure}()
#2 C:\xampp\htdocs\ci4App\system\Common.php(1089): CodeIgniter\View\View->render('pages/viewdatam...', Array, true)
#3 C:\xampp\htdocs\ci4App\app\Controllers\Mahasiswa.php(35): view('pages/viewdatam...', Array)
#4 C:\xampp\htdocs\ci4App\system\CodeIgniter.php(832): App\Controllers\Mahasiswa->index()
#5 C:\xampp\htdocs\ci4App\system\CodeIgniter.php(419): CodeIgniter\CodeIgniter->runController(Object(App\Controllers\Mahasiswa))
#6 C:\xampp\htdocs\ci4App\system\CodeIgniter.php(326): CodeIgniter\CodeIgniter->handleRequest(NULL, Object(Config\Cache), false)
#7 C:\xampp\htdocs\ci4App\public\index.php(37): CodeIgniter\CodeIgniter->run()
#8 C:\xampp\htdocs\ci4App\system\Commands\Server\rewrite.php(43): require_once('C:\\xampp\\htdocs...')
#9 {main}
CRITICAL - 2022-04-03 04:43:26 --> Undefined property: CodeIgniter\View\View::$db
#0 C:\xampp\htdocs\ci4App\app\Views\pages\ViewDataMahasiswa.php(14): CodeIgniter\Debug\Exceptions->errorHandler(2, 'Undefined prope...', 'C:\\xampp\\htdocs...', 14)
#1 C:\xampp\htdocs\ci4App\system\View\View.php(210): include('C:\\xampp\\htdocs...')
#2 C:\xampp\htdocs\ci4App\system\View\View.php(213): CodeIgniter\View\View->CodeIgniter\View\{closure}()
#3 C:\xampp\htdocs\ci4App\system\Common.php(1089): CodeIgniter\View\View->render('pages/viewdatam...', Array, true)
#4 C:\xampp\htdocs\ci4App\app\Controllers\Mahasiswa.php(35): view('pages/viewdatam...', Array)
#5 C:\xampp\htdocs\ci4App\system\CodeIgniter.php(832): App\Controllers\Mahasiswa->index()
#6 C:\xampp\htdocs\ci4App\system\CodeIgniter.php(419): CodeIgniter\CodeIgniter->runController(Object(App\Controllers\Mahasiswa))
#7 C:\xampp\htdocs\ci4App\system\CodeIgniter.php(326): CodeIgniter\CodeIgniter->handleRequest(NULL, Object(Config\Cache), false)
#8 C:\xampp\htdocs\ci4App\public\index.php(37): CodeIgniter\CodeIgniter->run()
#9 C:\xampp\htdocs\ci4App\system\Commands\Server\rewrite.php(43): require_once('C:\\xampp\\htdocs...')
#10 {main}
ERROR - 2022-04-03 10:29:15 --> Unknown column 'id' in 'where clause'
CRITICAL - 2022-04-03 10:29:15 --> Unknown column 'id' in 'where clause'
#0 C:\xampp\htdocs\ci4App\system\Database\MySQLi\Connection.php(292): mysqli->query('SELECT 1\nFROM `...', 0)
#1 C:\xampp\htdocs\ci4App\system\Database\BaseConnection.php(670): CodeIgniter\Database\MySQLi\Connection->execute('SELECT 1\nFROM `...')
#2 C:\xampp\htdocs\ci4App\system\Database\BaseConnection.php(598): CodeIgniter\Database\BaseConnection->simpleQuery('SELECT 1\nFROM `...')
#3 C:\xampp\htdocs\ci4App\system\Database\BaseBuilder.php(1455): CodeIgniter\Database\BaseConnection->query('SELECT 1\nFROM `...', Array, false)
#4 C:\xampp\htdocs\ci4App\system\Validation\Rules.php(142): CodeIgniter\Database\BaseBuilder->get()
#5 C:\xampp\htdocs\ci4App\system\Validation\Validation.php(292): CodeIgniter\Validation\Rules->is_unique('1', 'nim_mhs', Array, NULL)
#6 C:\xampp\htdocs\ci4App\system\Validation\Validation.php(157): CodeIgniter\Validation\Validation->processRules('nim_edit', 'nim', '1', Array, Array)
#7 C:\xampp\htdocs\ci4App\system\Controller.php(160): CodeIgniter\Validation\Validation->run()
#8 C:\xampp\htdocs\ci4App\app\Controllers\Mahasiswa.php(155): CodeIgniter\Controller->validate(Array)
#9 C:\xampp\htdocs\ci4App\system\CodeIgniter.php(832): App\Controllers\Mahasiswa->UpdateData()
#10 C:\xampp\htdocs\ci4App\system\CodeIgniter.php(419): CodeIgniter\CodeIgniter->runController(Object(App\Controllers\Mahasiswa))
#11 C:\xampp\htdocs\ci4App\system\CodeIgniter.php(326): CodeIgniter\CodeIgniter->handleRequest(NULL, Object(Config\Cache), false)
#12 C:\xampp\htdocs\ci4App\public\index.php(37): CodeIgniter\CodeIgniter->run()
#13 C:\xampp\htdocs\ci4App\system\Commands\Server\rewrite.php(43): require_once('C:\\xampp\\htdocs...')
#14 {main}
CRITICAL - 2022-04-03 20:21:18 --> strpos(): Argument #3 ($offset) must be contained in argument #1 ($haystack)
#0 C:\xampp\htdocs\ci4App\system\Validation\Validation.php(724): strpos('required|numeri...', '|', 47)
#1 C:\xampp\htdocs\ci4App\system\Validation\Validation.php(138): CodeIgniter\Validation\Validation->splitRules(Array)
#2 C:\xampp\htdocs\ci4App\system\Controller.php(160): CodeIgniter\Validation\Validation->run()
#3 C:\xampp\htdocs\ci4App\app\Controllers\Mahasiswa.php(152): CodeIgniter\Controller->validate(Array)
#4 C:\xampp\htdocs\ci4App\system\CodeIgniter.php(832): App\Controllers\Mahasiswa->UpdateData()
#5 C:\xampp\htdocs\ci4App\system\CodeIgniter.php(419): CodeIgniter\CodeIgniter->runController(Object(App\Controllers\Mahasiswa))
#6 C:\xampp\htdocs\ci4App\system\CodeIgniter.php(326): CodeIgniter\CodeIgniter->handleRequest(NULL, Object(Config\Cache), false)
#7 C:\xampp\htdocs\ci4App\public\index.php(37): CodeIgniter\CodeIgniter->run()
#8 C:\xampp\htdocs\ci4App\system\Commands\Server\rewrite.php(43): require_once('C:\\xampp\\htdocs...')
#9 {main}
CRITICAL - 2022-04-03 23:04:28 --> Undefined variable $name
#0 C:\xampp\htdocs\ci4App\app\Views\pages\register.php(41): CodeIgniter\Debug\Exceptions->errorHandler(2, 'Undefined varia...', 'C:\\xampp\\htdocs...', 41)
#1 C:\xampp\htdocs\ci4App\system\View\View.php(210): include('C:\\xampp\\htdocs...')
#2 C:\xampp\htdocs\ci4App\system\View\View.php(213): CodeIgniter\View\View->CodeIgniter\View\{closure}()
#3 C:\xampp\htdocs\ci4App\system\Common.php(1089): CodeIgniter\View\View->render('pages/register', Array, true)
#4 C:\xampp\htdocs\ci4App\app\Controllers\UserController.php(193): view('pages/register', Array)
#5 C:\xampp\htdocs\ci4App\system\CodeIgniter.php(832): App\Controllers\UserController->register()
#6 C:\xampp\htdocs\ci4App\system\CodeIgniter.php(419): CodeIgniter\CodeIgniter->runController(Object(App\Controllers\UserController))
#7 C:\xampp\htdocs\ci4App\system\CodeIgniter.php(326): CodeIgniter\CodeIgniter->handleRequest(NULL, Object(Config\Cache), false)
#8 C:\xampp\htdocs\ci4App\public\index.php(37): CodeIgniter\CodeIgniter->run()
#9 C:\xampp\htdocs\ci4App\system\Commands\Server\rewrite.php(43): require_once('C:\\xampp\\htdocs...')
#10 {main}
CRITICAL - 2022-04-03 23:04:39 --> Undefined variable $email
#0 C:\xampp\htdocs\ci4App\app\Views\pages\login.php(38): CodeIgniter\Debug\Exceptions->errorHandler(2, 'Undefined varia...', 'C:\\xampp\\htdocs...', 38)
#1 C:\xampp\htdocs\ci4App\system\View\View.php(210): include('C:\\xampp\\htdocs...')
#2 C:\xampp\htdocs\ci4App\system\View\View.php(213): CodeIgniter\View\View->CodeIgniter\View\{closure}()
#3 C:\xampp\htdocs\ci4App\system\Common.php(1089): CodeIgniter\View\View->render('pages/login', Array, true)
#4 C:\xampp\htdocs\ci4App\app\Controllers\UserController.php(69): view('pages/login', Array)
#5 C:\xampp\htdocs\ci4App\system\CodeIgniter.php(832): App\Controllers\UserController->login()
#6 C:\xampp\htdocs\ci4App\system\CodeIgniter.php(419): CodeIgniter\CodeIgniter->runController(Object(App\Controllers\UserController))
#7 C:\xampp\htdocs\ci4App\system\CodeIgniter.php(326): CodeIgniter\CodeIgniter->handleRequest(NULL, Object(Config\Cache), false)
#8 C:\xampp\htdocs\ci4App\public\index.php(37): CodeIgniter\CodeIgniter->run()
#9 C:\xampp\htdocs\ci4App\system\Commands\Server\rewrite.php(43): require_once('C:\\xampp\\htdocs...')
#10 {main}
CRITICAL - 2022-04-03 23:04:39 --> Undefined variable $email
#0 C:\xampp\htdocs\ci4App\app\Views\pages\login.php(38): CodeIgniter\Debug\Exceptions->errorHandler(2, 'Undefined varia...', 'C:\\xampp\\htdocs...', 38)
#1 C:\xampp\htdocs\ci4App\system\View\View.php(210): include('C:\\xampp\\htdocs...')
#2 C:\xampp\htdocs\ci4App\system\View\View.php(213): CodeIgniter\View\View->CodeIgniter\View\{closure}()
#3 C:\xampp\htdocs\ci4App\system\Common.php(1089): CodeIgniter\View\View->render('pages/login', Array, true)
#4 C:\xampp\htdocs\ci4App\app\Controllers\UserController.php(69): view('pages/login', Array)
#5 C:\xampp\htdocs\ci4App\system\CodeIgniter.php(832): App\Controllers\UserController->login()
#6 C:\xampp\htdocs\ci4App\system\CodeIgniter.php(419): CodeIgniter\CodeIgniter->runController(Object(App\Controllers\UserController))
#7 C:\xampp\htdocs\ci4App\system\CodeIgniter.php(326): CodeIgniter\CodeIgniter->handleRequest(NULL, Object(Config\Cache), false)
#8 C:\xampp\htdocs\ci4App\public\index.php(37): CodeIgniter\CodeIgniter->run()
#9 C:\xampp\htdocs\ci4App\system\Commands\Server\rewrite.php(43): require_once('C:\\xampp\\htdocs...')
#10 {main}
CRITICAL - 2022-04-03 23:05:54 --> Undefined variable $email
#0 C:\xampp\htdocs\ci4App\app\Views\pages\login.php(38): CodeIgniter\Debug\Exceptions->errorHandler(2, 'Undefined varia...', 'C:\\xampp\\htdocs...', 38)
#1 C:\xampp\htdocs\ci4App\system\View\View.php(210): include('C:\\xampp\\htdocs...')
#2 C:\xampp\htdocs\ci4App\system\View\View.php(213): CodeIgniter\View\View->CodeIgniter\View\{closure}()
#3 C:\xampp\htdocs\ci4App\system\Common.php(1089): CodeIgniter\View\View->render('pages/login', Array, true)
#4 C:\xampp\htdocs\ci4App\app\Controllers\UserController.php(69): view('pages/login', Array)
#5 C:\xampp\htdocs\ci4App\system\CodeIgniter.php(832): App\Controllers\UserController->login()
#6 C:\xampp\htdocs\ci4App\system\CodeIgniter.php(419): CodeIgniter\CodeIgniter->runController(Object(App\Controllers\UserController))
#7 C:\xampp\htdocs\ci4App\system\CodeIgniter.php(326): CodeIgniter\CodeIgniter->handleRequest(NULL, Object(Config\Cache), false)
#8 C:\xampp\htdocs\ci4App\public\index.php(37): CodeIgniter\CodeIgniter->run()
#9 C:\xampp\htdocs\ci4App\system\Commands\Server\rewrite.php(43): require_once('C:\\xampp\\htdocs...')
#10 {main}
CRITICAL - 2022-04-03 23:11:07 --> Undefined variable $validation
#0 C:\xampp\htdocs\ci4App\app\Views\pages\register.php(41): CodeIgniter\Debug\Exceptions->errorHandler(2, 'Undefined varia...', 'C:\\xampp\\htdocs...', 41)
#1 C:\xampp\htdocs\ci4App\system\View\View.php(210): include('C:\\xampp\\htdocs...')
#2 C:\xampp\htdocs\ci4App\system\View\View.php(213): CodeIgniter\View\View->CodeIgniter\View\{closure}()
#3 C:\xampp\htdocs\ci4App\system\Common.php(1089): CodeIgniter\View\View->render('pages/register', Array, true)
#4 C:\xampp\htdocs\ci4App\app\Controllers\UserController.php(206): view('pages/register', Array)
#5 C:\xampp\htdocs\ci4App\system\CodeIgniter.php(832): App\Controllers\UserController->register()
#6 C:\xampp\htdocs\ci4App\system\CodeIgniter.php(419): CodeIgniter\CodeIgniter->runController(Object(App\Controllers\UserController))
#7 C:\xampp\htdocs\ci4App\system\CodeIgniter.php(326): CodeIgniter\CodeIgniter->handleRequest(NULL, Object(Config\Cache), false)
#8 C:\xampp\htdocs\ci4App\public\index.php(37): CodeIgniter\CodeIgniter->run()
#9 C:\xampp\htdocs\ci4App\system\Commands\Server\rewrite.php(43): require_once('C:\\xampp\\htdocs...')
#10 {main}
CRITICAL - 2022-04-03 23:15:07 --> Undefined variable $password_confirm
#0 C:\xampp\htdocs\ci4App\app\Views\pages\register.php(92): CodeIgniter\Debug\Exceptions->errorHandler(2, 'Undefined varia...', 'C:\\xampp\\htdocs...', 92)
#1 C:\xampp\htdocs\ci4App\system\View\View.php(210): include('C:\\xampp\\htdocs...')
#2 C:\xampp\htdocs\ci4App\system\View\View.php(213): CodeIgniter\View\View->CodeIgniter\View\{closure}()
#3 C:\xampp\htdocs\ci4App\system\Common.php(1089): CodeIgniter\View\View->render('pages/register', Array, true)
#4 C:\xampp\htdocs\ci4App\app\Controllers\UserController.php(182): view('pages/register', Array)
#5 C:\xampp\htdocs\ci4App\system\CodeIgniter.php(832): App\Controllers\UserController->register()
#6 C:\xampp\htdocs\ci4App\system\CodeIgniter.php(419): CodeIgniter\CodeIgniter->runController(Object(App\Controllers\UserController))
#7 C:\xampp\htdocs\ci4App\system\CodeIgniter.php(326): CodeIgniter\CodeIgniter->handleRequest(NULL, Object(Config\Cache), false)
#8 C:\xampp\htdocs\ci4App\public\index.php(37): CodeIgniter\CodeIgniter->run()
#9 C:\xampp\htdocs\ci4App\system\Commands\Server\rewrite.php(43): require_once('C:\\xampp\\htdocs...')
#10 {main}
