CRITICAL - 2022-04-08 01:25:33 --> Undefined property: App\Controllers\Mahasiswa::$mhs
#0 C:\xampp\htdocs\ci4App\app\Controllers\Mahasiswa.php(32): CodeIgniter\Debug\Exceptions->errorHandler(2, 'Undefined prope...', 'C:\\xampp\\htdocs...', 32)
#1 C:\xampp\htdocs\ci4App\system\CodeIgniter.php(832): App\Controllers\Mahasiswa->index()
#2 C:\xampp\htdocs\ci4App\system\CodeIgniter.php(419): CodeIgniter\CodeIgniter->runController(Object(App\Controllers\Mahasiswa))
#3 C:\xampp\htdocs\ci4App\system\CodeIgniter.php(326): CodeIgniter\CodeIgniter->handleRequest(NULL, Object(Config\Cache), false)
#4 C:\xampp\htdocs\ci4App\public\index.php(37): CodeIgniter\CodeIgniter->run()
#5 C:\xampp\htdocs\ci4App\system\Commands\Server\rewrite.php(43): require_once('C:\\xampp\\htdocs...')
#6 {main}
CRITICAL - 2022-04-08 01:25:38 --> Undefined property: App\Controllers\Mahasiswa::$mhs
#0 C:\xampp\htdocs\ci4App\app\Controllers\Mahasiswa.php(32): CodeIgniter\Debug\Exceptions->errorHandler(2, 'Undefined prope...', 'C:\\xampp\\htdocs...', 32)
#1 C:\xampp\htdocs\ci4App\system\CodeIgniter.php(832): App\Controllers\Mahasiswa->index()
#2 C:\xampp\htdocs\ci4App\system\CodeIgniter.php(419): CodeIgniter\CodeIgniter->runController(Object(App\Controllers\Mahasiswa))
#3 C:\xampp\htdocs\ci4App\system\CodeIgniter.php(326): CodeIgniter\CodeIgniter->handleRequest(NULL, Object(Config\Cache), false)
#4 C:\xampp\htdocs\ci4App\public\index.php(37): CodeIgniter\CodeIgniter->run()
#5 C:\xampp\htdocs\ci4App\system\Commands\Server\rewrite.php(43): require_once('C:\\xampp\\htdocs...')
#6 {main}
CRITICAL - 2022-04-08 01:26:02 --> Undefined property: App\Controllers\Mahasiswa::$mhs
#0 C:\xampp\htdocs\ci4App\app\Controllers\Mahasiswa.php(33): CodeIgniter\Debug\Exceptions->errorHandler(2, 'Undefined prope...', 'C:\\xampp\\htdocs...', 33)
#1 C:\xampp\htdocs\ci4App\system\CodeIgniter.php(832): App\Controllers\Mahasiswa->index()
#2 C:\xampp\htdocs\ci4App\system\CodeIgniter.php(419): CodeIgniter\CodeIgniter->runController(Object(App\Controllers\Mahasiswa))
#3 C:\xampp\htdocs\ci4App\system\CodeIgniter.php(326): CodeIgniter\CodeIgniter->handleRequest(NULL, Object(Config\Cache), false)
#4 C:\xampp\htdocs\ci4App\public\index.php(37): CodeIgniter\CodeIgniter->run()
#5 C:\xampp\htdocs\ci4App\system\Commands\Server\rewrite.php(43): require_once('C:\\xampp\\htdocs...')
#6 {main}
CRITICAL - 2022-04-08 01:27:31 --> Undefined variable $mahasiswa
#0 C:\xampp\htdocs\ci4App\app\Controllers\Mahasiswa.php(41): CodeIgniter\Debug\Exceptions->errorHandler(2, 'Undefined varia...', 'C:\\xampp\\htdocs...', 41)
#1 C:\xampp\htdocs\ci4App\system\CodeIgniter.php(832): App\Controllers\Mahasiswa->index()
#2 C:\xampp\htdocs\ci4App\system\CodeIgniter.php(419): CodeIgniter\CodeIgniter->runController(Object(App\Controllers\Mahasiswa))
#3 C:\xampp\htdocs\ci4App\system\CodeIgniter.php(326): CodeIgniter\CodeIgniter->handleRequest(NULL, Object(Config\Cache), false)
#4 C:\xampp\htdocs\ci4App\public\index.php(37): CodeIgniter\CodeIgniter->run()
#5 C:\xampp\htdocs\ci4App\system\Commands\Server\rewrite.php(43): require_once('C:\\xampp\\htdocs...')
#6 {main}
CRITICAL - 2022-04-08 01:27:48 --> Call to undefined function App\Controllers\paginate()
#0 C:\xampp\htdocs\ci4App\system\CodeIgniter.php(832): App\Controllers\Mahasiswa->index()
#1 C:\xampp\htdocs\ci4App\system\CodeIgniter.php(419): CodeIgniter\CodeIgniter->runController(Object(App\Controllers\Mahasiswa))
#2 C:\xampp\htdocs\ci4App\system\CodeIgniter.php(326): CodeIgniter\CodeIgniter->handleRequest(NULL, Object(Config\Cache), false)
#3 C:\xampp\htdocs\ci4App\public\index.php(37): CodeIgniter\CodeIgniter->run()
#4 C:\xampp\htdocs\ci4App\system\Commands\Server\rewrite.php(43): require_once('C:\\xampp\\htdocs...')
#5 {main}
CRITICAL - 2022-04-08 01:39:48 --> Array to string conversion
#0 [internal function]: CodeIgniter\Debug\Exceptions->errorHandler(2, 'Array to string...', 'C:\\xampp\\htdocs...', 312)
#1 C:\xampp\htdocs\ci4App\system\Database\Query.php(312): implode(',', Array)
#2 C:\xampp\htdocs\ci4App\system\Database\Query.php(293): CodeIgniter\Database\Query->matchNamedBinds('SELECT *\nFROM `...', Array)
#3 C:\xampp\htdocs\ci4App\system\Database\Query.php(150): CodeIgniter\Database\Query->compileBinds()
#4 C:\xampp\htdocs\ci4App\system\Database\BaseConnection.php(598): CodeIgniter\Database\Query->getQuery()
#5 C:\xampp\htdocs\ci4App\system\Database\BaseBuilder.php(1455): CodeIgniter\Database\BaseConnection->query('SELECT *\nFROM `...', Array, false)
#6 C:\xampp\htdocs\ci4App\system\Model.php(138): CodeIgniter\Database\BaseBuilder->get()
#7 C:\xampp\htdocs\ci4App\system\BaseModel.php(523): CodeIgniter\Model->doFind(false, Array)
#8 C:\xampp\htdocs\ci4App\app\Models\ModelMahasiswa.php(41): CodeIgniter\BaseModel->find(Array)
#9 C:\xampp\htdocs\ci4App\app\Controllers\Mahasiswa.php(31): App\Models\ModelMahasiswa->search('Usada')
#10 C:\xampp\htdocs\ci4App\system\CodeIgniter.php(832): App\Controllers\Mahasiswa->index()
#11 C:\xampp\htdocs\ci4App\system\CodeIgniter.php(419): CodeIgniter\CodeIgniter->runController(Object(App\Controllers\Mahasiswa))
#12 C:\xampp\htdocs\ci4App\system\CodeIgniter.php(326): CodeIgniter\CodeIgniter->handleRequest(NULL, Object(Config\Cache), false)
#13 C:\xampp\htdocs\ci4App\public\index.php(37): CodeIgniter\CodeIgniter->run()
#14 C:\xampp\htdocs\ci4App\system\Commands\Server\rewrite.php(43): require_once('C:\\xampp\\htdocs...')
#15 {main}
CRITICAL - 2022-04-08 02:36:25 --> syntax error, unexpected end of file, expecting "elseif" or "else" or "endif"
#0 C:\xampp\htdocs\ci4App\system\View\View.php(213): CodeIgniter\View\View->CodeIgniter\View\{closure}()
#1 C:\xampp\htdocs\ci4App\system\Common.php(1089): CodeIgniter\View\View->render('pages/viewdatam...', Array, true)
#2 C:\xampp\htdocs\ci4App\app\Controllers\Mahasiswa.php(47): view('pages/viewdatam...', Array)
#3 C:\xampp\htdocs\ci4App\system\CodeIgniter.php(832): App\Controllers\Mahasiswa->index()
#4 C:\xampp\htdocs\ci4App\system\CodeIgniter.php(419): CodeIgniter\CodeIgniter->runController(Object(App\Controllers\Mahasiswa))
#5 C:\xampp\htdocs\ci4App\system\CodeIgniter.php(326): CodeIgniter\CodeIgniter->handleRequest(NULL, Object(Config\Cache), false)
#6 C:\xampp\htdocs\ci4App\public\index.php(37): CodeIgniter\CodeIgniter->run()
#7 C:\xampp\htdocs\ci4App\system\Commands\Server\rewrite.php(43): require_once('C:\\xampp\\htdocs...')
#8 {main}
