CRITICAL - 2022-03-29 02:26:32 --> Call to undefined method CodeIgniter\Session\Session::getError()
#0 C:\xampp\htdocs\ci4App\system\View\View.php(210): include()
#1 C:\xampp\htdocs\ci4App\system\View\View.php(213): CodeIgniter\View\View->CodeIgniter\View\{closure}()
#2 C:\xampp\htdocs\ci4App\system\Common.php(1089): CodeIgniter\View\View->render('viewdatamahasis...', Array, true)
#3 C:\xampp\htdocs\ci4App\app\Views\layouts\content.php(2): view('viewdatamahasis...')
#4 C:\xampp\htdocs\ci4App\system\View\View.php(210): include('C:\\xampp\\htdocs...')
#5 C:\xampp\htdocs\ci4App\system\View\View.php(213): CodeIgniter\View\View->CodeIgniter\View\{closure}()
#6 C:\xampp\htdocs\ci4App\system\Common.php(1089): CodeIgniter\View\View->render('layouts/content', Array, true)
#7 C:\xampp\htdocs\ci4App\app\Views\layouts\wrapper.php(3): view('layouts/content')
#8 C:\xampp\htdocs\ci4App\system\View\View.php(210): include('C:\\xampp\\htdocs...')
#9 C:\xampp\htdocs\ci4App\system\View\View.php(213): CodeIgniter\View\View->CodeIgniter\View\{closure}()
#10 C:\xampp\htdocs\ci4App\system\Common.php(1089): CodeIgniter\View\View->render('layouts/wrapper', Array, true)
#11 C:\xampp\htdocs\ci4App\app\Controllers\Mahasiswa.php(32): view('layouts/wrapper', Array)
#12 C:\xampp\htdocs\ci4App\system\CodeIgniter.php(832): App\Controllers\Mahasiswa->index()
#13 C:\xampp\htdocs\ci4App\system\CodeIgniter.php(419): CodeIgniter\CodeIgniter->runController(Object(App\Controllers\Mahasiswa))
#14 C:\xampp\htdocs\ci4App\system\CodeIgniter.php(326): CodeIgniter\CodeIgniter->handleRequest(NULL, Object(Config\Cache), false)
#15 C:\xampp\htdocs\ci4App\public\index.php(37): CodeIgniter\CodeIgniter->run()
#16 C:\xampp\htdocs\ci4App\system\Commands\Server\rewrite.php(43): require_once('C:\\xampp\\htdocs...')
#17 {main}
CRITICAL - 2022-03-29 02:59:15 --> Undefined variable $row
#0 C:\xampp\htdocs\ci4App\app\Views\ViewDataMahasiswa.php(26): CodeIgniter\Debug\Exceptions->errorHandler(2, 'Undefined varia...', 'C:\\xampp\\htdocs...', 26)
#1 C:\xampp\htdocs\ci4App\system\View\View.php(210): include('C:\\xampp\\htdocs...')
#2 C:\xampp\htdocs\ci4App\system\View\View.php(213): CodeIgniter\View\View->CodeIgniter\View\{closure}()
#3 C:\xampp\htdocs\ci4App\system\Common.php(1089): CodeIgniter\View\View->render('viewdatamahasis...', Array, true)
#4 C:\xampp\htdocs\ci4App\app\Views\layouts\content.php(2): view('viewdatamahasis...')
#5 C:\xampp\htdocs\ci4App\system\View\View.php(210): include('C:\\xampp\\htdocs...')
#6 C:\xampp\htdocs\ci4App\system\View\View.php(213): CodeIgniter\View\View->CodeIgniter\View\{closure}()
#7 C:\xampp\htdocs\ci4App\system\Common.php(1089): CodeIgniter\View\View->render('layouts/content', Array, true)
#8 C:\xampp\htdocs\ci4App\app\Views\layouts\wrapper.php(3): view('layouts/content')
#9 C:\xampp\htdocs\ci4App\system\View\View.php(210): include('C:\\xampp\\htdocs...')
#10 C:\xampp\htdocs\ci4App\system\View\View.php(213): CodeIgniter\View\View->CodeIgniter\View\{closure}()
#11 C:\xampp\htdocs\ci4App\system\Common.php(1089): CodeIgniter\View\View->render('layouts/wrapper', Array, true)
#12 C:\xampp\htdocs\ci4App\app\Controllers\Mahasiswa.php(32): view('layouts/wrapper', Array)
#13 C:\xampp\htdocs\ci4App\system\CodeIgniter.php(832): App\Controllers\Mahasiswa->index()
#14 C:\xampp\htdocs\ci4App\system\CodeIgniter.php(419): CodeIgniter\CodeIgniter->runController(Object(App\Controllers\Mahasiswa))
#15 C:\xampp\htdocs\ci4App\system\CodeIgniter.php(326): CodeIgniter\CodeIgniter->handleRequest(NULL, Object(Config\Cache), false)
#16 C:\xampp\htdocs\ci4App\public\index.php(37): CodeIgniter\CodeIgniter->run()
#17 C:\xampp\htdocs\ci4App\system\Commands\Server\rewrite.php(43): require_once('C:\\xampp\\htdocs...')
#18 {main}
CRITICAL - 2022-03-29 02:59:45 --> Undefined variable $error
#0 C:\xampp\htdocs\ci4App\app\Views\ViewDataMahasiswa.php(26): CodeIgniter\Debug\Exceptions->errorHandler(2, 'Undefined varia...', 'C:\\xampp\\htdocs...', 26)
#1 C:\xampp\htdocs\ci4App\system\View\View.php(210): include('C:\\xampp\\htdocs...')
#2 C:\xampp\htdocs\ci4App\system\View\View.php(213): CodeIgniter\View\View->CodeIgniter\View\{closure}()
#3 C:\xampp\htdocs\ci4App\system\Common.php(1089): CodeIgniter\View\View->render('viewdatamahasis...', Array, true)
#4 C:\xampp\htdocs\ci4App\app\Views\layouts\content.php(2): view('viewdatamahasis...')
#5 C:\xampp\htdocs\ci4App\system\View\View.php(210): include('C:\\xampp\\htdocs...')
#6 C:\xampp\htdocs\ci4App\system\View\View.php(213): CodeIgniter\View\View->CodeIgniter\View\{closure}()
#7 C:\xampp\htdocs\ci4App\system\Common.php(1089): CodeIgniter\View\View->render('layouts/content', Array, true)
#8 C:\xampp\htdocs\ci4App\app\Views\layouts\wrapper.php(3): view('layouts/content')
#9 C:\xampp\htdocs\ci4App\system\View\View.php(210): include('C:\\xampp\\htdocs...')
#10 C:\xampp\htdocs\ci4App\system\View\View.php(213): CodeIgniter\View\View->CodeIgniter\View\{closure}()
#11 C:\xampp\htdocs\ci4App\system\Common.php(1089): CodeIgniter\View\View->render('layouts/wrapper', Array, true)
#12 C:\xampp\htdocs\ci4App\app\Controllers\Mahasiswa.php(32): view('layouts/wrapper', Array)
#13 C:\xampp\htdocs\ci4App\system\CodeIgniter.php(832): App\Controllers\Mahasiswa->index()
#14 C:\xampp\htdocs\ci4App\system\CodeIgniter.php(419): CodeIgniter\CodeIgniter->runController(Object(App\Controllers\Mahasiswa))
#15 C:\xampp\htdocs\ci4App\system\CodeIgniter.php(326): CodeIgniter\CodeIgniter->handleRequest(NULL, Object(Config\Cache), false)
#16 C:\xampp\htdocs\ci4App\public\index.php(37): CodeIgniter\CodeIgniter->run()
#17 C:\xampp\htdocs\ci4App\system\Commands\Server\rewrite.php(43): require_once('C:\\xampp\\htdocs...')
#18 {main}
CRITICAL - 2022-03-29 04:42:41 --> Undefined variable $validation
#0 C:\xampp\htdocs\ci4App\app\Views\ViewDataMahasiswa.php(22): CodeIgniter\Debug\Exceptions->errorHandler(2, 'Undefined varia...', 'C:\\xampp\\htdocs...', 22)
#1 C:\xampp\htdocs\ci4App\system\View\View.php(210): include('C:\\xampp\\htdocs...')
#2 C:\xampp\htdocs\ci4App\system\View\View.php(213): CodeIgniter\View\View->CodeIgniter\View\{closure}()
#3 C:\xampp\htdocs\ci4App\system\Common.php(1089): CodeIgniter\View\View->render('viewdatamahasis...', Array, true)
#4 C:\xampp\htdocs\ci4App\app\Views\layouts\content.php(2): view('viewdatamahasis...')
#5 C:\xampp\htdocs\ci4App\system\View\View.php(210): include('C:\\xampp\\htdocs...')
#6 C:\xampp\htdocs\ci4App\system\View\View.php(213): CodeIgniter\View\View->CodeIgniter\View\{closure}()
#7 C:\xampp\htdocs\ci4App\system\Common.php(1089): CodeIgniter\View\View->render('layouts/content', Array, true)
#8 C:\xampp\htdocs\ci4App\app\Views\layouts\wrapper.php(3): view('layouts/content')
#9 C:\xampp\htdocs\ci4App\system\View\View.php(210): include('C:\\xampp\\htdocs...')
#10 C:\xampp\htdocs\ci4App\system\View\View.php(213): CodeIgniter\View\View->CodeIgniter\View\{closure}()
#11 C:\xampp\htdocs\ci4App\system\Common.php(1089): CodeIgniter\View\View->render('layouts/wrapper', Array, true)
#12 C:\xampp\htdocs\ci4App\app\Controllers\AdminController.php(29): view('layouts/wrapper', Array)
#13 C:\xampp\htdocs\ci4App\system\CodeIgniter.php(832): App\Controllers\AdminController->index()
#14 C:\xampp\htdocs\ci4App\system\CodeIgniter.php(419): CodeIgniter\CodeIgniter->runController(Object(App\Controllers\AdminController))
#15 C:\xampp\htdocs\ci4App\system\CodeIgniter.php(326): CodeIgniter\CodeIgniter->handleRequest(NULL, Object(Config\Cache), false)
#16 C:\xampp\htdocs\ci4App\public\index.php(37): CodeIgniter\CodeIgniter->run()
#17 C:\xampp\htdocs\ci4App\system\Commands\Server\rewrite.php(43): require_once('C:\\xampp\\htdocs...')
#18 {main}
CRITICAL - 2022-03-29 04:43:52 --> Undefined variable $validation
#0 C:\xampp\htdocs\ci4App\app\Views\ViewDataMahasiswa.php(64): CodeIgniter\Debug\Exceptions->errorHandler(2, 'Undefined varia...', 'C:\\xampp\\htdocs...', 64)
#1 C:\xampp\htdocs\ci4App\system\View\View.php(210): include('C:\\xampp\\htdocs...')
#2 C:\xampp\htdocs\ci4App\system\View\View.php(213): CodeIgniter\View\View->CodeIgniter\View\{closure}()
#3 C:\xampp\htdocs\ci4App\system\Common.php(1089): CodeIgniter\View\View->render('viewdatamahasis...', Array, true)
#4 C:\xampp\htdocs\ci4App\app\Views\layouts\content.php(2): view('viewdatamahasis...')
#5 C:\xampp\htdocs\ci4App\system\View\View.php(210): include('C:\\xampp\\htdocs...')
#6 C:\xampp\htdocs\ci4App\system\View\View.php(213): CodeIgniter\View\View->CodeIgniter\View\{closure}()
#7 C:\xampp\htdocs\ci4App\system\Common.php(1089): CodeIgniter\View\View->render('layouts/content', Array, true)
#8 C:\xampp\htdocs\ci4App\app\Views\layouts\wrapper.php(3): view('layouts/content')
#9 C:\xampp\htdocs\ci4App\system\View\View.php(210): include('C:\\xampp\\htdocs...')
#10 C:\xampp\htdocs\ci4App\system\View\View.php(213): CodeIgniter\View\View->CodeIgniter\View\{closure}()
#11 C:\xampp\htdocs\ci4App\system\Common.php(1089): CodeIgniter\View\View->render('layouts/wrapper', Array, true)
#12 C:\xampp\htdocs\ci4App\app\Controllers\AdminController.php(29): view('layouts/wrapper', Array)
#13 C:\xampp\htdocs\ci4App\system\CodeIgniter.php(832): App\Controllers\AdminController->index()
#14 C:\xampp\htdocs\ci4App\system\CodeIgniter.php(419): CodeIgniter\CodeIgniter->runController(Object(App\Controllers\AdminController))
#15 C:\xampp\htdocs\ci4App\system\CodeIgniter.php(326): CodeIgniter\CodeIgniter->handleRequest(NULL, Object(Config\Cache), false)
#16 C:\xampp\htdocs\ci4App\public\index.php(37): CodeIgniter\CodeIgniter->run()
#17 C:\xampp\htdocs\ci4App\system\Commands\Server\rewrite.php(43): require_once('C:\\xampp\\htdocs...')
#18 {main}
CRITICAL - 2022-03-29 04:54:02 --> Undefined array key "telepon_mhs"
#0 C:\xampp\htdocs\ci4App\app\Views\ViewDataMahasiswa.php(264): CodeIgniter\Debug\Exceptions->errorHandler(2, 'Undefined array...', 'C:\\xampp\\htdocs...', 264)
#1 C:\xampp\htdocs\ci4App\system\View\View.php(210): include('C:\\xampp\\htdocs...')
#2 C:\xampp\htdocs\ci4App\system\View\View.php(213): CodeIgniter\View\View->CodeIgniter\View\{closure}()
#3 C:\xampp\htdocs\ci4App\system\Common.php(1089): CodeIgniter\View\View->render('viewdatamahasis...', Array, true)
#4 C:\xampp\htdocs\ci4App\app\Views\layouts\content.php(2): view('viewdatamahasis...')
#5 C:\xampp\htdocs\ci4App\system\View\View.php(210): include('C:\\xampp\\htdocs...')
#6 C:\xampp\htdocs\ci4App\system\View\View.php(213): CodeIgniter\View\View->CodeIgniter\View\{closure}()
#7 C:\xampp\htdocs\ci4App\system\Common.php(1089): CodeIgniter\View\View->render('layouts/content', Array, true)
#8 C:\xampp\htdocs\ci4App\app\Views\layouts\wrapper.php(3): view('layouts/content')
#9 C:\xampp\htdocs\ci4App\system\View\View.php(210): include('C:\\xampp\\htdocs...')
#10 C:\xampp\htdocs\ci4App\system\View\View.php(213): CodeIgniter\View\View->CodeIgniter\View\{closure}()
#11 C:\xampp\htdocs\ci4App\system\Common.php(1089): CodeIgniter\View\View->render('layouts/wrapper', Array, true)
#12 C:\xampp\htdocs\ci4App\app\Controllers\Mahasiswa.php(32): view('layouts/wrapper', Array)
#13 C:\xampp\htdocs\ci4App\system\CodeIgniter.php(832): App\Controllers\Mahasiswa->index()
#14 C:\xampp\htdocs\ci4App\system\CodeIgniter.php(419): CodeIgniter\CodeIgniter->runController(Object(App\Controllers\Mahasiswa))
#15 C:\xampp\htdocs\ci4App\system\CodeIgniter.php(326): CodeIgniter\CodeIgniter->handleRequest(NULL, Object(Config\Cache), false)
#16 C:\xampp\htdocs\ci4App\public\index.php(37): CodeIgniter\CodeIgniter->run()
#17 C:\xampp\htdocs\ci4App\system\Commands\Server\rewrite.php(43): require_once('C:\\xampp\\htdocs...')
#18 {main}
CRITICAL - 2022-03-29 04:54:33 --> Undefined array key "telepon_mhs"
#0 C:\xampp\htdocs\ci4App\app\Views\ViewDataMahasiswa.php(264): CodeIgniter\Debug\Exceptions->errorHandler(2, 'Undefined array...', 'C:\\xampp\\htdocs...', 264)
#1 C:\xampp\htdocs\ci4App\system\View\View.php(210): include('C:\\xampp\\htdocs...')
#2 C:\xampp\htdocs\ci4App\system\View\View.php(213): CodeIgniter\View\View->CodeIgniter\View\{closure}()
#3 C:\xampp\htdocs\ci4App\system\Common.php(1089): CodeIgniter\View\View->render('viewdatamahasis...', Array, true)
#4 C:\xampp\htdocs\ci4App\app\Views\layouts\content.php(2): view('viewdatamahasis...')
#5 C:\xampp\htdocs\ci4App\system\View\View.php(210): include('C:\\xampp\\htdocs...')
#6 C:\xampp\htdocs\ci4App\system\View\View.php(213): CodeIgniter\View\View->CodeIgniter\View\{closure}()
#7 C:\xampp\htdocs\ci4App\system\Common.php(1089): CodeIgniter\View\View->render('layouts/content', Array, true)
#8 C:\xampp\htdocs\ci4App\app\Views\layouts\wrapper.php(3): view('layouts/content')
#9 C:\xampp\htdocs\ci4App\system\View\View.php(210): include('C:\\xampp\\htdocs...')
#10 C:\xampp\htdocs\ci4App\system\View\View.php(213): CodeIgniter\View\View->CodeIgniter\View\{closure}()
#11 C:\xampp\htdocs\ci4App\system\Common.php(1089): CodeIgniter\View\View->render('layouts/wrapper', Array, true)
#12 C:\xampp\htdocs\ci4App\app\Controllers\Mahasiswa.php(32): view('layouts/wrapper', Array)
#13 C:\xampp\htdocs\ci4App\system\CodeIgniter.php(832): App\Controllers\Mahasiswa->index()
#14 C:\xampp\htdocs\ci4App\system\CodeIgniter.php(419): CodeIgniter\CodeIgniter->runController(Object(App\Controllers\Mahasiswa))
#15 C:\xampp\htdocs\ci4App\system\CodeIgniter.php(326): CodeIgniter\CodeIgniter->handleRequest(NULL, Object(Config\Cache), false)
#16 C:\xampp\htdocs\ci4App\public\index.php(37): CodeIgniter\CodeIgniter->run()
#17 C:\xampp\htdocs\ci4App\system\Commands\Server\rewrite.php(43): require_once('C:\\xampp\\htdocs...')
#18 {main}
CRITICAL - 2022-03-29 05:02:17 --> View themes, no current section.
#0 C:\xampp\htdocs\ci4App\app\Views\ViewDataMahasiswa.php(382): CodeIgniter\View\View->endSection()
#1 C:\xampp\htdocs\ci4App\system\View\View.php(210): include('C:\\xampp\\htdocs...')
#2 C:\xampp\htdocs\ci4App\system\View\View.php(213): CodeIgniter\View\View->CodeIgniter\View\{closure}()
#3 C:\xampp\htdocs\ci4App\system\Common.php(1089): CodeIgniter\View\View->render('viewdatamahasis...', Array, true)
#4 C:\xampp\htdocs\ci4App\app\Views\layouts\content.php(2): view('viewdatamahasis...')
#5 C:\xampp\htdocs\ci4App\system\View\View.php(210): include('C:\\xampp\\htdocs...')
#6 C:\xampp\htdocs\ci4App\system\View\View.php(213): CodeIgniter\View\View->CodeIgniter\View\{closure}()
#7 C:\xampp\htdocs\ci4App\system\Common.php(1089): CodeIgniter\View\View->render('layouts/content', Array, true)
#8 C:\xampp\htdocs\ci4App\app\Views\layouts\wrapper.php(3): view('layouts/content')
#9 C:\xampp\htdocs\ci4App\system\View\View.php(210): include('C:\\xampp\\htdocs...')
#10 C:\xampp\htdocs\ci4App\system\View\View.php(213): CodeIgniter\View\View->CodeIgniter\View\{closure}()
#11 C:\xampp\htdocs\ci4App\system\Common.php(1089): CodeIgniter\View\View->render('layouts/wrapper', Array, true)
#12 C:\xampp\htdocs\ci4App\app\Controllers\Mahasiswa.php(32): view('layouts/wrapper', Array)
#13 C:\xampp\htdocs\ci4App\system\CodeIgniter.php(832): App\Controllers\Mahasiswa->index()
#14 C:\xampp\htdocs\ci4App\system\CodeIgniter.php(419): CodeIgniter\CodeIgniter->runController(Object(App\Controllers\Mahasiswa))
#15 C:\xampp\htdocs\ci4App\system\CodeIgniter.php(326): CodeIgniter\CodeIgniter->handleRequest(NULL, Object(Config\Cache), false)
#16 C:\xampp\htdocs\ci4App\public\index.php(37): CodeIgniter\CodeIgniter->run()
#17 C:\xampp\htdocs\ci4App\system\Commands\Server\rewrite.php(43): require_once('C:\\xampp\\htdocs...')
#18 {main}
CRITICAL - 2022-03-29 21:16:01 --> Undefined variable $validate
#0 C:\xampp\htdocs\ci4App\app\Views\ViewDataMahasiswa.php(33): CodeIgniter\Debug\Exceptions->errorHandler(2, 'Undefined varia...', 'C:\\xampp\\htdocs...', 33)
#1 C:\xampp\htdocs\ci4App\system\View\View.php(210): include('C:\\xampp\\htdocs...')
#2 C:\xampp\htdocs\ci4App\system\View\View.php(213): CodeIgniter\View\View->CodeIgniter\View\{closure}()
#3 C:\xampp\htdocs\ci4App\system\Common.php(1089): CodeIgniter\View\View->render('viewdatamahasis...', Array, true)
#4 C:\xampp\htdocs\ci4App\app\Views\layouts\content.php(2): view('viewdatamahasis...')
#5 C:\xampp\htdocs\ci4App\system\View\View.php(210): include('C:\\xampp\\htdocs...')
#6 C:\xampp\htdocs\ci4App\system\View\View.php(213): CodeIgniter\View\View->CodeIgniter\View\{closure}()
#7 C:\xampp\htdocs\ci4App\system\Common.php(1089): CodeIgniter\View\View->render('layouts/content', Array, true)
#8 C:\xampp\htdocs\ci4App\app\Views\layouts\wrapper.php(3): view('layouts/content')
#9 C:\xampp\htdocs\ci4App\system\View\View.php(210): include('C:\\xampp\\htdocs...')
#10 C:\xampp\htdocs\ci4App\system\View\View.php(213): CodeIgniter\View\View->CodeIgniter\View\{closure}()
#11 C:\xampp\htdocs\ci4App\system\Common.php(1089): CodeIgniter\View\View->render('layouts/wrapper', Array, true)
#12 C:\xampp\htdocs\ci4App\app\Controllers\Mahasiswa.php(32): view('layouts/wrapper', Array)
#13 C:\xampp\htdocs\ci4App\system\CodeIgniter.php(832): App\Controllers\Mahasiswa->index()
#14 C:\xampp\htdocs\ci4App\system\CodeIgniter.php(419): CodeIgniter\CodeIgniter->runController(Object(App\Controllers\Mahasiswa))
#15 C:\xampp\htdocs\ci4App\system\CodeIgniter.php(326): CodeIgniter\CodeIgniter->handleRequest(NULL, Object(Config\Cache), false)
#16 C:\xampp\htdocs\ci4App\public\index.php(37): CodeIgniter\CodeIgniter->run()
#17 C:\xampp\htdocs\ci4App\system\Commands\Server\rewrite.php(43): require_once('C:\\xampp\\htdocs...')
#18 {main}
CRITICAL - 2022-03-29 21:16:28 --> Call to undefined method CodeIgniter\View\View::validate()
#0 C:\xampp\htdocs\ci4App\system\View\View.php(210): include()
#1 C:\xampp\htdocs\ci4App\system\View\View.php(213): CodeIgniter\View\View->CodeIgniter\View\{closure}()
#2 C:\xampp\htdocs\ci4App\system\Common.php(1089): CodeIgniter\View\View->render('viewdatamahasis...', Array, true)
#3 C:\xampp\htdocs\ci4App\app\Views\layouts\content.php(2): view('viewdatamahasis...')
#4 C:\xampp\htdocs\ci4App\system\View\View.php(210): include('C:\\xampp\\htdocs...')
#5 C:\xampp\htdocs\ci4App\system\View\View.php(213): CodeIgniter\View\View->CodeIgniter\View\{closure}()
#6 C:\xampp\htdocs\ci4App\system\Common.php(1089): CodeIgniter\View\View->render('layouts/content', Array, true)
#7 C:\xampp\htdocs\ci4App\app\Views\layouts\wrapper.php(3): view('layouts/content')
#8 C:\xampp\htdocs\ci4App\system\View\View.php(210): include('C:\\xampp\\htdocs...')
#9 C:\xampp\htdocs\ci4App\system\View\View.php(213): CodeIgniter\View\View->CodeIgniter\View\{closure}()
#10 C:\xampp\htdocs\ci4App\system\Common.php(1089): CodeIgniter\View\View->render('layouts/wrapper', Array, true)
#11 C:\xampp\htdocs\ci4App\app\Controllers\Mahasiswa.php(32): view('layouts/wrapper', Array)
#12 C:\xampp\htdocs\ci4App\system\CodeIgniter.php(832): App\Controllers\Mahasiswa->index()
#13 C:\xampp\htdocs\ci4App\system\CodeIgniter.php(419): CodeIgniter\CodeIgniter->runController(Object(App\Controllers\Mahasiswa))
#14 C:\xampp\htdocs\ci4App\system\CodeIgniter.php(326): CodeIgniter\CodeIgniter->handleRequest(NULL, Object(Config\Cache), false)
#15 C:\xampp\htdocs\ci4App\public\index.php(37): CodeIgniter\CodeIgniter->run()
#16 C:\xampp\htdocs\ci4App\system\Commands\Server\rewrite.php(43): require_once('C:\\xampp\\htdocs...')
#17 {main}
CRITICAL - 2022-03-29 21:46:45 --> syntax error, unexpected token "return"
#0 C:\xampp\htdocs\ci4App\system\Router\Router.php(175): CodeIgniter\Router\Router->autoRoute('mahasiswa')
#1 C:\xampp\htdocs\ci4App\system\CodeIgniter.php(726): CodeIgniter\Router\Router->handle('mahasiswa')
#2 C:\xampp\htdocs\ci4App\system\CodeIgniter.php(368): CodeIgniter\CodeIgniter->tryToRouteIt(Object(CodeIgniter\Router\RouteCollection))
#3 C:\xampp\htdocs\ci4App\system\CodeIgniter.php(326): CodeIgniter\CodeIgniter->handleRequest(NULL, Object(Config\Cache), false)
#4 C:\xampp\htdocs\ci4App\public\index.php(37): CodeIgniter\CodeIgniter->run()
#5 C:\xampp\htdocs\ci4App\system\Commands\Server\rewrite.php(43): require_once('C:\\xampp\\htdocs...')
#6 {main}
CRITICAL - 2022-03-29 21:56:51 --> Non-static method App\Models\ModelMahasiswa::simpan() cannot be called statically
#0 C:\xampp\htdocs\ci4App\system\View\View.php(210): include()
#1 C:\xampp\htdocs\ci4App\system\View\View.php(213): CodeIgniter\View\View->CodeIgniter\View\{closure}()
#2 C:\xampp\htdocs\ci4App\system\Common.php(1089): CodeIgniter\View\View->render('viewdatamahasis...', Array, true)
#3 C:\xampp\htdocs\ci4App\app\Views\layouts\content.php(2): view('viewdatamahasis...')
#4 C:\xampp\htdocs\ci4App\system\View\View.php(210): include('C:\\xampp\\htdocs...')
#5 C:\xampp\htdocs\ci4App\system\View\View.php(213): CodeIgniter\View\View->CodeIgniter\View\{closure}()
#6 C:\xampp\htdocs\ci4App\system\Common.php(1089): CodeIgniter\View\View->render('layouts/content', Array, true)
#7 C:\xampp\htdocs\ci4App\app\Views\layouts\wrapper.php(3): view('layouts/content')
#8 C:\xampp\htdocs\ci4App\system\View\View.php(210): include('C:\\xampp\\htdocs...')
#9 C:\xampp\htdocs\ci4App\system\View\View.php(213): CodeIgniter\View\View->CodeIgniter\View\{closure}()
#10 C:\xampp\htdocs\ci4App\system\Common.php(1089): CodeIgniter\View\View->render('layouts/wrapper', Array, true)
#11 C:\xampp\htdocs\ci4App\app\Controllers\Mahasiswa.php(32): view('layouts/wrapper', Array)
#12 C:\xampp\htdocs\ci4App\system\CodeIgniter.php(832): App\Controllers\Mahasiswa->index()
#13 C:\xampp\htdocs\ci4App\system\CodeIgniter.php(419): CodeIgniter\CodeIgniter->runController(Object(App\Controllers\Mahasiswa))
#14 C:\xampp\htdocs\ci4App\system\CodeIgniter.php(326): CodeIgniter\CodeIgniter->handleRequest(NULL, Object(Config\Cache), false)
#15 C:\xampp\htdocs\ci4App\public\index.php(37): CodeIgniter\CodeIgniter->run()
#16 C:\xampp\htdocs\ci4App\system\Commands\Server\rewrite.php(43): require_once('C:\\xampp\\htdocs...')
#17 {main}
