CRITICAL - 2022-03-28 01:19:24 --> Undefined variable $title
#0 C:\xampp\htdocs\ci4App\app\Views\layouts\app.php(5): CodeIgniter\Debug\Exceptions->errorHandler(2, 'Undefined varia...', 'C:\\xampp\\htdocs...', 5)
#1 C:\xampp\htdocs\ci4App\system\View\View.php(210): include('C:\\xampp\\htdocs...')
#2 C:\xampp\htdocs\ci4App\system\View\View.php(213): CodeIgniter\View\View->CodeIgniter\View\{closure}()
#3 C:\xampp\htdocs\ci4App\system\View\View.php(226): CodeIgniter\View\View->render('layouts/app', Array, true)
#4 C:\xampp\htdocs\ci4App\system\Common.php(1089): CodeIgniter\View\View->render('login', Array, true)
#5 C:\xampp\htdocs\ci4App\app\Controllers\UserController.php(36): view('login', Array)
#6 C:\xampp\htdocs\ci4App\system\CodeIgniter.php(832): App\Controllers\UserController->login()
#7 C:\xampp\htdocs\ci4App\system\CodeIgniter.php(419): CodeIgniter\CodeIgniter->runController(Object(App\Controllers\UserController))
#8 C:\xampp\htdocs\ci4App\system\CodeIgniter.php(326): CodeIgniter\CodeIgniter->handleRequest(NULL, Object(Config\Cache), false)
#9 C:\xampp\htdocs\ci4App\public\index.php(37): CodeIgniter\CodeIgniter->run()
#10 C:\xampp\htdocs\ci4App\system\Commands\Server\rewrite.php(43): require_once('C:\\xampp\\htdocs...')
#11 {main}
CRITICAL - 2022-03-28 01:20:22 --> Undefined variable $title
#0 C:\xampp\htdocs\ci4App\app\Views\layouts\app.php(5): CodeIgniter\Debug\Exceptions->errorHandler(2, 'Undefined varia...', 'C:\\xampp\\htdocs...', 5)
#1 C:\xampp\htdocs\ci4App\system\View\View.php(210): include('C:\\xampp\\htdocs...')
#2 C:\xampp\htdocs\ci4App\system\View\View.php(213): CodeIgniter\View\View->CodeIgniter\View\{closure}()
#3 C:\xampp\htdocs\ci4App\system\View\View.php(226): CodeIgniter\View\View->render('layouts/app', Array, true)
#4 C:\xampp\htdocs\ci4App\system\Common.php(1089): CodeIgniter\View\View->render('login', Array, true)
#5 C:\xampp\htdocs\ci4App\app\Controllers\UserController.php(36): view('login', Array)
#6 C:\xampp\htdocs\ci4App\system\CodeIgniter.php(832): App\Controllers\UserController->login()
#7 C:\xampp\htdocs\ci4App\system\CodeIgniter.php(419): CodeIgniter\CodeIgniter->runController(Object(App\Controllers\UserController))
#8 C:\xampp\htdocs\ci4App\system\CodeIgniter.php(326): CodeIgniter\CodeIgniter->handleRequest(NULL, Object(Config\Cache), false)
#9 C:\xampp\htdocs\ci4App\public\index.php(37): CodeIgniter\CodeIgniter->run()
#10 C:\xampp\htdocs\ci4App\system\Commands\Server\rewrite.php(43): require_once('C:\\xampp\\htdocs...')
#11 {main}
CRITICAL - 2022-03-28 01:34:26 --> Undefined variable $title
#0 C:\xampp\htdocs\ci4App\app\Views\layouts\app.php(5): CodeIgniter\Debug\Exceptions->errorHandler(2, 'Undefined varia...', 'C:\\xampp\\htdocs...', 5)
#1 C:\xampp\htdocs\ci4App\system\View\View.php(210): include('C:\\xampp\\htdocs...')
#2 C:\xampp\htdocs\ci4App\system\View\View.php(213): CodeIgniter\View\View->CodeIgniter\View\{closure}()
#3 C:\xampp\htdocs\ci4App\system\View\View.php(226): CodeIgniter\View\View->render('layouts/app', Array, true)
#4 C:\xampp\htdocs\ci4App\system\Common.php(1089): CodeIgniter\View\View->render('register', Array, true)
#5 C:\xampp\htdocs\ci4App\app\Controllers\UserController.php(96): view('register', Array)
#6 C:\xampp\htdocs\ci4App\system\CodeIgniter.php(832): App\Controllers\UserController->register()
#7 C:\xampp\htdocs\ci4App\system\CodeIgniter.php(419): CodeIgniter\CodeIgniter->runController(Object(App\Controllers\UserController))
#8 C:\xampp\htdocs\ci4App\system\CodeIgniter.php(326): CodeIgniter\CodeIgniter->handleRequest(NULL, Object(Config\Cache), false)
#9 C:\xampp\htdocs\ci4App\public\index.php(37): CodeIgniter\CodeIgniter->run()
#10 C:\xampp\htdocs\ci4App\system\Commands\Server\rewrite.php(43): require_once('C:\\xampp\\htdocs...')
#11 {main}
CRITICAL - 2022-03-28 01:35:19 --> Undefined variable $title
#0 C:\xampp\htdocs\ci4App\app\Views\layouts\app.php(5): CodeIgniter\Debug\Exceptions->errorHandler(2, 'Undefined varia...', 'C:\\xampp\\htdocs...', 5)
#1 C:\xampp\htdocs\ci4App\system\View\View.php(210): include('C:\\xampp\\htdocs...')
#2 C:\xampp\htdocs\ci4App\system\View\View.php(213): CodeIgniter\View\View->CodeIgniter\View\{closure}()
#3 C:\xampp\htdocs\ci4App\system\View\View.php(226): CodeIgniter\View\View->render('layouts/app', Array, true)
#4 C:\xampp\htdocs\ci4App\system\Common.php(1089): CodeIgniter\View\View->render('register', Array, true)
#5 C:\xampp\htdocs\ci4App\app\Controllers\UserController.php(96): view('register', Array)
#6 C:\xampp\htdocs\ci4App\system\CodeIgniter.php(832): App\Controllers\UserController->register()
#7 C:\xampp\htdocs\ci4App\system\CodeIgniter.php(419): CodeIgniter\CodeIgniter->runController(Object(App\Controllers\UserController))
#8 C:\xampp\htdocs\ci4App\system\CodeIgniter.php(326): CodeIgniter\CodeIgniter->handleRequest(NULL, Object(Config\Cache), false)
#9 C:\xampp\htdocs\ci4App\public\index.php(37): CodeIgniter\CodeIgniter->run()
#10 C:\xampp\htdocs\ci4App\system\Commands\Server\rewrite.php(43): require_once('C:\\xampp\\htdocs...')
#11 {main}
CRITICAL - 2022-03-28 01:35:28 --> Undefined variable $title
#0 C:\xampp\htdocs\ci4App\app\Views\layouts\app.php(5): CodeIgniter\Debug\Exceptions->errorHandler(2, 'Undefined varia...', 'C:\\xampp\\htdocs...', 5)
#1 C:\xampp\htdocs\ci4App\system\View\View.php(210): include('C:\\xampp\\htdocs...')
#2 C:\xampp\htdocs\ci4App\system\View\View.php(213): CodeIgniter\View\View->CodeIgniter\View\{closure}()
#3 C:\xampp\htdocs\ci4App\system\View\View.php(226): CodeIgniter\View\View->render('layouts/app', Array, true)
#4 C:\xampp\htdocs\ci4App\system\Common.php(1089): CodeIgniter\View\View->render('register', Array, true)
#5 C:\xampp\htdocs\ci4App\app\Controllers\UserController.php(96): view('register', Array)
#6 C:\xampp\htdocs\ci4App\system\CodeIgniter.php(832): App\Controllers\UserController->register()
#7 C:\xampp\htdocs\ci4App\system\CodeIgniter.php(419): CodeIgniter\CodeIgniter->runController(Object(App\Controllers\UserController))
#8 C:\xampp\htdocs\ci4App\system\CodeIgniter.php(326): CodeIgniter\CodeIgniter->handleRequest(NULL, Object(Config\Cache), false)
#9 C:\xampp\htdocs\ci4App\public\index.php(37): CodeIgniter\CodeIgniter->run()
#10 C:\xampp\htdocs\ci4App\system\Commands\Server\rewrite.php(43): require_once('C:\\xampp\\htdocs...')
#11 {main}
CRITICAL - 2022-03-28 01:37:19 --> Undefined variable $title
#0 C:\xampp\htdocs\ci4App\app\Views\layouts\app.php(5): CodeIgniter\Debug\Exceptions->errorHandler(2, 'Undefined varia...', 'C:\\xampp\\htdocs...', 5)
#1 C:\xampp\htdocs\ci4App\system\View\View.php(210): include('C:\\xampp\\htdocs...')
#2 C:\xampp\htdocs\ci4App\system\View\View.php(213): CodeIgniter\View\View->CodeIgniter\View\{closure}()
#3 C:\xampp\htdocs\ci4App\system\Common.php(1089): CodeIgniter\View\View->render('layouts/app', Array, true)
#4 C:\xampp\htdocs\ci4App\app\Views\layouts\wrapper.php(2): view('layouts/app')
#5 C:\xampp\htdocs\ci4App\system\View\View.php(210): include('C:\\xampp\\htdocs...')
#6 C:\xampp\htdocs\ci4App\system\View\View.php(213): CodeIgniter\View\View->CodeIgniter\View\{closure}()
#7 C:\xampp\htdocs\ci4App\system\Common.php(1089): CodeIgniter\View\View->render('layouts/wrapper', Array, true)
#8 C:\xampp\htdocs\ci4App\app\Controllers\UserController.php(100): view('layouts/wrapper')
#9 C:\xampp\htdocs\ci4App\system\CodeIgniter.php(832): App\Controllers\UserController->register()
#10 C:\xampp\htdocs\ci4App\system\CodeIgniter.php(419): CodeIgniter\CodeIgniter->runController(Object(App\Controllers\UserController))
#11 C:\xampp\htdocs\ci4App\system\CodeIgniter.php(326): CodeIgniter\CodeIgniter->handleRequest(NULL, Object(Config\Cache), false)
#12 C:\xampp\htdocs\ci4App\public\index.php(37): CodeIgniter\CodeIgniter->run()
#13 C:\xampp\htdocs\ci4App\system\Commands\Server\rewrite.php(43): require_once('C:\\xampp\\htdocs...')
#14 {main}
CRITICAL - 2022-03-28 01:37:39 --> Undefined variable $title
#0 C:\xampp\htdocs\ci4App\app\Views\layouts\app.php(5): CodeIgniter\Debug\Exceptions->errorHandler(2, 'Undefined varia...', 'C:\\xampp\\htdocs...', 5)
#1 C:\xampp\htdocs\ci4App\system\View\View.php(210): include('C:\\xampp\\htdocs...')
#2 C:\xampp\htdocs\ci4App\system\View\View.php(213): CodeIgniter\View\View->CodeIgniter\View\{closure}()
#3 C:\xampp\htdocs\ci4App\system\Common.php(1089): CodeIgniter\View\View->render('layouts/app', Array, true)
#4 C:\xampp\htdocs\ci4App\app\Views\layouts\wrapper.php(2): view('layouts/app')
#5 C:\xampp\htdocs\ci4App\system\View\View.php(210): include('C:\\xampp\\htdocs...')
#6 C:\xampp\htdocs\ci4App\system\View\View.php(213): CodeIgniter\View\View->CodeIgniter\View\{closure}()
#7 C:\xampp\htdocs\ci4App\system\Common.php(1089): CodeIgniter\View\View->render('layouts/wrapper', Array, true)
#8 C:\xampp\htdocs\ci4App\app\Controllers\UserController.php(100): view('layouts/wrapper')
#9 C:\xampp\htdocs\ci4App\system\CodeIgniter.php(832): App\Controllers\UserController->register()
#10 C:\xampp\htdocs\ci4App\system\CodeIgniter.php(419): CodeIgniter\CodeIgniter->runController(Object(App\Controllers\UserController))
#11 C:\xampp\htdocs\ci4App\system\CodeIgniter.php(326): CodeIgniter\CodeIgniter->handleRequest(NULL, Object(Config\Cache), false)
#12 C:\xampp\htdocs\ci4App\public\index.php(37): CodeIgniter\CodeIgniter->run()
#13 C:\xampp\htdocs\ci4App\system\Commands\Server\rewrite.php(43): require_once('C:\\xampp\\htdocs...')
#14 {main}
CRITICAL - 2022-03-28 01:38:02 --> Undefined variable $title
#0 C:\xampp\htdocs\ci4App\app\Views\layouts\app.php(5): CodeIgniter\Debug\Exceptions->errorHandler(2, 'Undefined varia...', 'C:\\xampp\\htdocs...', 5)
#1 C:\xampp\htdocs\ci4App\system\View\View.php(210): include('C:\\xampp\\htdocs...')
#2 C:\xampp\htdocs\ci4App\system\View\View.php(213): CodeIgniter\View\View->CodeIgniter\View\{closure}()
#3 C:\xampp\htdocs\ci4App\system\Common.php(1089): CodeIgniter\View\View->render('layouts/app', Array, true)
#4 C:\xampp\htdocs\ci4App\app\Views\layouts\wrapper.php(2): view('layouts/app')
#5 C:\xampp\htdocs\ci4App\system\View\View.php(210): include('C:\\xampp\\htdocs...')
#6 C:\xampp\htdocs\ci4App\system\View\View.php(213): CodeIgniter\View\View->CodeIgniter\View\{closure}()
#7 C:\xampp\htdocs\ci4App\system\Common.php(1089): CodeIgniter\View\View->render('layouts/wrapper', Array, true)
#8 C:\xampp\htdocs\ci4App\app\Controllers\UserController.php(100): view('layouts/wrapper')
#9 C:\xampp\htdocs\ci4App\system\CodeIgniter.php(832): App\Controllers\UserController->register()
#10 C:\xampp\htdocs\ci4App\system\CodeIgniter.php(419): CodeIgniter\CodeIgniter->runController(Object(App\Controllers\UserController))
#11 C:\xampp\htdocs\ci4App\system\CodeIgniter.php(326): CodeIgniter\CodeIgniter->handleRequest(NULL, Object(Config\Cache), false)
#12 C:\xampp\htdocs\ci4App\public\index.php(37): CodeIgniter\CodeIgniter->run()
#13 C:\xampp\htdocs\ci4App\system\Commands\Server\rewrite.php(43): require_once('C:\\xampp\\htdocs...')
#14 {main}
CRITICAL - 2022-03-28 01:50:17 --> CodeIgniter\Validation\Rules::is_unique(): Argument #2 ($field) must be of type string, null given, called in C:\xampp\htdocs\ci4App\system\Validation\Validation.php on line 291
#0 C:\xampp\htdocs\ci4App\system\Validation\Validation.php(291): CodeIgniter\Validation\Rules->is_unique('3213123', NULL)
#1 C:\xampp\htdocs\ci4App\system\Validation\Validation.php(157): CodeIgniter\Validation\Validation->processRules('nim', 'nim', '3213123', Array, Array)
#2 C:\xampp\htdocs\ci4App\system\Controller.php(160): CodeIgniter\Validation\Validation->run()
#3 C:\xampp\htdocs\ci4App\app\Controllers\Mahasiswa.php(39): CodeIgniter\Controller->validate(Array)
#4 C:\xampp\htdocs\ci4App\system\CodeIgniter.php(832): App\Controllers\Mahasiswa->SimpanData()
#5 C:\xampp\htdocs\ci4App\system\CodeIgniter.php(419): CodeIgniter\CodeIgniter->runController(Object(App\Controllers\Mahasiswa))
#6 C:\xampp\htdocs\ci4App\system\CodeIgniter.php(326): CodeIgniter\CodeIgniter->handleRequest(NULL, Object(Config\Cache), false)
#7 C:\xampp\htdocs\ci4App\public\index.php(37): CodeIgniter\CodeIgniter->run()
#8 C:\xampp\htdocs\ci4App\system\Commands\Server\rewrite.php(43): require_once('C:\\xampp\\htdocs...')
#9 {main}
CRITICAL - 2022-03-28 19:29:11 --> Undefined variable $title
#0 C:\xampp\htdocs\ci4App\app\Views\layouts\app.php(5): CodeIgniter\Debug\Exceptions->errorHandler(2, 'Undefined varia...', 'C:\\xampp\\htdocs...', 5)
#1 C:\xampp\htdocs\ci4App\system\View\View.php(210): include('C:\\xampp\\htdocs...')
#2 C:\xampp\htdocs\ci4App\system\View\View.php(213): CodeIgniter\View\View->CodeIgniter\View\{closure}()
#3 C:\xampp\htdocs\ci4App\system\View\View.php(226): CodeIgniter\View\View->render('layouts/app', Array, true)
#4 C:\xampp\htdocs\ci4App\system\Common.php(1089): CodeIgniter\View\View->render('login', Array, true)
#5 C:\xampp\htdocs\ci4App\app\Controllers\UserController.php(114): view('login')
#6 C:\xampp\htdocs\ci4App\system\CodeIgniter.php(832): App\Controllers\UserController->register()
#7 C:\xampp\htdocs\ci4App\system\CodeIgniter.php(419): CodeIgniter\CodeIgniter->runController(Object(App\Controllers\UserController))
#8 C:\xampp\htdocs\ci4App\system\CodeIgniter.php(326): CodeIgniter\CodeIgniter->handleRequest(NULL, Object(Config\Cache), false)
#9 C:\xampp\htdocs\ci4App\public\index.php(37): CodeIgniter\CodeIgniter->run()
#10 C:\xampp\htdocs\ci4App\system\Commands\Server\rewrite.php(43): require_once('C:\\xampp\\htdocs...')
#11 {main}
CRITICAL - 2022-03-28 20:33:24 --> CodeIgniter\Validation\Rules::is_unique(): Argument #2 ($field) must be of type string, null given, called in C:\xampp\htdocs\ci4App\system\Validation\Validation.php on line 291
#0 C:\xampp\htdocs\ci4App\system\Validation\Validation.php(291): CodeIgniter\Validation\Rules->is_unique('2132', NULL)
#1 C:\xampp\htdocs\ci4App\system\Validation\Validation.php(157): CodeIgniter\Validation\Validation->processRules('nim', 'nim', '2132', Array, Array)
#2 C:\xampp\htdocs\ci4App\system\Controller.php(160): CodeIgniter\Validation\Validation->run()
#3 C:\xampp\htdocs\ci4App\app\Controllers\Mahasiswa.php(124): CodeIgniter\Controller->validate(Array)
#4 C:\xampp\htdocs\ci4App\system\CodeIgniter.php(832): App\Controllers\Mahasiswa->SimpanData()
#5 C:\xampp\htdocs\ci4App\system\CodeIgniter.php(419): CodeIgniter\CodeIgniter->runController(Object(App\Controllers\Mahasiswa))
#6 C:\xampp\htdocs\ci4App\system\CodeIgniter.php(326): CodeIgniter\CodeIgniter->handleRequest(NULL, Object(Config\Cache), false)
#7 C:\xampp\htdocs\ci4App\public\index.php(37): CodeIgniter\CodeIgniter->run()
#8 C:\xampp\htdocs\ci4App\system\Commands\Server\rewrite.php(43): require_once('C:\\xampp\\htdocs...')
#9 {main}
CRITICAL - 2022-03-28 20:34:14 --> CodeIgniter\Validation\Rules::is_unique(): Argument #2 ($field) must be of type string, null given, called in C:\xampp\htdocs\ci4App\system\Validation\Validation.php on line 291
#0 C:\xampp\htdocs\ci4App\system\Validation\Validation.php(291): CodeIgniter\Validation\Rules->is_unique('123', NULL)
#1 C:\xampp\htdocs\ci4App\system\Validation\Validation.php(157): CodeIgniter\Validation\Validation->processRules('nim', 'nim', '123', Array, Array)
#2 C:\xampp\htdocs\ci4App\system\Controller.php(160): CodeIgniter\Validation\Validation->run()
#3 C:\xampp\htdocs\ci4App\app\Controllers\Mahasiswa.php(124): CodeIgniter\Controller->validate(Array)
#4 C:\xampp\htdocs\ci4App\system\CodeIgniter.php(832): App\Controllers\Mahasiswa->SimpanData()
#5 C:\xampp\htdocs\ci4App\system\CodeIgniter.php(419): CodeIgniter\CodeIgniter->runController(Object(App\Controllers\Mahasiswa))
#6 C:\xampp\htdocs\ci4App\system\CodeIgniter.php(326): CodeIgniter\CodeIgniter->handleRequest(NULL, Object(Config\Cache), false)
#7 C:\xampp\htdocs\ci4App\public\index.php(37): CodeIgniter\CodeIgniter->run()
#8 C:\xampp\htdocs\ci4App\system\Commands\Server\rewrite.php(43): require_once('C:\\xampp\\htdocs...')
#9 {main}
CRITICAL - 2022-03-28 20:40:05 --> Invalid file: layouts/form.php
#0 C:\xampp\htdocs\ci4App\system\View\View.php(198): CodeIgniter\Exceptions\FrameworkException::forInvalidFile('layouts/form.ph...')
#1 C:\xampp\htdocs\ci4App\system\Common.php(1089): CodeIgniter\View\View->render('layouts/form', Array, true)
#2 C:\xampp\htdocs\ci4App\app\Controllers\Mahasiswa.php(109): view('layouts/form', Array)
#3 C:\xampp\htdocs\ci4App\system\CodeIgniter.php(832): App\Controllers\Mahasiswa->SimpanData()
#4 C:\xampp\htdocs\ci4App\system\CodeIgniter.php(419): CodeIgniter\CodeIgniter->runController(Object(App\Controllers\Mahasiswa))
#5 C:\xampp\htdocs\ci4App\system\CodeIgniter.php(326): CodeIgniter\CodeIgniter->handleRequest(NULL, Object(Config\Cache), false)
#6 C:\xampp\htdocs\ci4App\public\index.php(37): CodeIgniter\CodeIgniter->run()
#7 C:\xampp\htdocs\ci4App\system\Commands\Server\rewrite.php(43): require_once('C:\\xampp\\htdocs...')
#8 {main}
CRITICAL - 2022-03-28 20:40:23 --> Undefined variable $title
#0 C:\xampp\htdocs\ci4App\app\Views\layouts\app.php(5): CodeIgniter\Debug\Exceptions->errorHandler(2, 'Undefined varia...', 'C:\\xampp\\htdocs...', 5)
#1 C:\xampp\htdocs\ci4App\system\View\View.php(210): include('C:\\xampp\\htdocs...')
#2 C:\xampp\htdocs\ci4App\system\View\View.php(213): CodeIgniter\View\View->CodeIgniter\View\{closure}()
#3 C:\xampp\htdocs\ci4App\system\Common.php(1089): CodeIgniter\View\View->render('layouts/app', Array, true)
#4 C:\xampp\htdocs\ci4App\app\Views\layouts\wrapper.php(2): view('layouts/app')
#5 C:\xampp\htdocs\ci4App\system\View\View.php(210): include('C:\\xampp\\htdocs...')
#6 C:\xampp\htdocs\ci4App\system\View\View.php(213): CodeIgniter\View\View->CodeIgniter\View\{closure}()
#7 C:\xampp\htdocs\ci4App\system\Common.php(1089): CodeIgniter\View\View->render('layouts/wrapper', Array, true)
#8 C:\xampp\htdocs\ci4App\app\Controllers\Mahasiswa.php(109): view('layouts/wrapper', Array)
#9 C:\xampp\htdocs\ci4App\system\CodeIgniter.php(832): App\Controllers\Mahasiswa->SimpanData()
#10 C:\xampp\htdocs\ci4App\system\CodeIgniter.php(419): CodeIgniter\CodeIgniter->runController(Object(App\Controllers\Mahasiswa))
#11 C:\xampp\htdocs\ci4App\system\CodeIgniter.php(326): CodeIgniter\CodeIgniter->handleRequest(NULL, Object(Config\Cache), false)
#12 C:\xampp\htdocs\ci4App\public\index.php(37): CodeIgniter\CodeIgniter->run()
#13 C:\xampp\htdocs\ci4App\system\Commands\Server\rewrite.php(43): require_once('C:\\xampp\\htdocs...')
#14 {main}
CRITICAL - 2022-03-28 20:40:48 --> Undefined variable $TampilData
#0 C:\xampp\htdocs\ci4App\app\Views\ViewDataMahasiswa.php(41): CodeIgniter\Debug\Exceptions->errorHandler(2, 'Undefined varia...', 'C:\\xampp\\htdocs...', 41)
#1 C:\xampp\htdocs\ci4App\system\View\View.php(210): include('C:\\xampp\\htdocs...')
#2 C:\xampp\htdocs\ci4App\system\View\View.php(213): CodeIgniter\View\View->CodeIgniter\View\{closure}()
#3 C:\xampp\htdocs\ci4App\system\Common.php(1089): CodeIgniter\View\View->render('viewdatamahasis...', Array, true)
#4 C:\xampp\htdocs\ci4App\app\Views\layouts\content.php(2): view('viewdatamahasis...')
#5 C:\xampp\htdocs\ci4App\system\View\View.php(210): include('C:\\xampp\\htdocs...')
#6 C:\xampp\htdocs\ci4App\system\View\View.php(213): CodeIgniter\View\View->CodeIgniter\View\{closure}()
#7 C:\xampp\htdocs\ci4App\system\Common.php(1089): CodeIgniter\View\View->render('layouts/content', Array, true)
#8 C:\xampp\htdocs\ci4App\app\Views\layouts\wrapper.php(3): view('layouts/content')
#9 C:\xampp\htdocs\ci4App\system\View\View.php(210): include('C:\\xampp\\htdocs...')
#10 C:\xampp\htdocs\ci4App\system\View\View.php(213): CodeIgniter\View\View->CodeIgniter\View\{closure}()
#11 C:\xampp\htdocs\ci4App\system\Common.php(1089): CodeIgniter\View\View->render('layouts/wrapper', Array, true)
#12 C:\xampp\htdocs\ci4App\app\Controllers\Mahasiswa.php(109): view('layouts/wrapper', Array)
#13 C:\xampp\htdocs\ci4App\system\CodeIgniter.php(832): App\Controllers\Mahasiswa->SimpanData()
#14 C:\xampp\htdocs\ci4App\system\CodeIgniter.php(419): CodeIgniter\CodeIgniter->runController(Object(App\Controllers\Mahasiswa))
#15 C:\xampp\htdocs\ci4App\system\CodeIgniter.php(326): CodeIgniter\CodeIgniter->handleRequest(NULL, Object(Config\Cache), false)
#16 C:\xampp\htdocs\ci4App\public\index.php(37): CodeIgniter\CodeIgniter->run()
#17 C:\xampp\htdocs\ci4App\system\Commands\Server\rewrite.php(43): require_once('C:\\xampp\\htdocs...')
#18 {main}
CRITICAL - 2022-03-28 20:41:13 --> Invalid file: mahasiswa.php
#0 C:\xampp\htdocs\ci4App\system\View\View.php(198): CodeIgniter\Exceptions\FrameworkException::forInvalidFile('mahasiswa.php')
#1 C:\xampp\htdocs\ci4App\system\Common.php(1089): CodeIgniter\View\View->render('mahasiswa', Array, true)
#2 C:\xampp\htdocs\ci4App\app\Controllers\Mahasiswa.php(109): view('mahasiswa', Array)
#3 C:\xampp\htdocs\ci4App\system\CodeIgniter.php(832): App\Controllers\Mahasiswa->SimpanData()
#4 C:\xampp\htdocs\ci4App\system\CodeIgniter.php(419): CodeIgniter\CodeIgniter->runController(Object(App\Controllers\Mahasiswa))
#5 C:\xampp\htdocs\ci4App\system\CodeIgniter.php(326): CodeIgniter\CodeIgniter->handleRequest(NULL, Object(Config\Cache), false)
#6 C:\xampp\htdocs\ci4App\public\index.php(37): CodeIgniter\CodeIgniter->run()
#7 C:\xampp\htdocs\ci4App\system\Commands\Server\rewrite.php(43): require_once('C:\\xampp\\htdocs...')
#8 {main}
CRITICAL - 2022-03-28 20:41:24 --> Undefined variable $TampilData
#0 C:\xampp\htdocs\ci4App\app\Views\ViewDataMahasiswa.php(41): CodeIgniter\Debug\Exceptions->errorHandler(2, 'Undefined varia...', 'C:\\xampp\\htdocs...', 41)
#1 C:\xampp\htdocs\ci4App\system\View\View.php(210): include('C:\\xampp\\htdocs...')
#2 C:\xampp\htdocs\ci4App\system\View\View.php(213): CodeIgniter\View\View->CodeIgniter\View\{closure}()
#3 C:\xampp\htdocs\ci4App\system\Common.php(1089): CodeIgniter\View\View->render('viewdatamahasis...', Array, true)
#4 C:\xampp\htdocs\ci4App\app\Controllers\Mahasiswa.php(109): view('viewdatamahasis...', Array)
#5 C:\xampp\htdocs\ci4App\system\CodeIgniter.php(832): App\Controllers\Mahasiswa->SimpanData()
#6 C:\xampp\htdocs\ci4App\system\CodeIgniter.php(419): CodeIgniter\CodeIgniter->runController(Object(App\Controllers\Mahasiswa))
#7 C:\xampp\htdocs\ci4App\system\CodeIgniter.php(326): CodeIgniter\CodeIgniter->handleRequest(NULL, Object(Config\Cache), false)
#8 C:\xampp\htdocs\ci4App\public\index.php(37): CodeIgniter\CodeIgniter->run()
#9 C:\xampp\htdocs\ci4App\system\Commands\Server\rewrite.php(43): require_once('C:\\xampp\\htdocs...')
#10 {main}
CRITICAL - 2022-03-28 20:59:57 --> Undefined variable $title
#0 C:\xampp\htdocs\ci4App\app\Views\layouts\app.php(5): CodeIgniter\Debug\Exceptions->errorHandler(2, 'Undefined varia...', 'C:\\xampp\\htdocs...', 5)
#1 C:\xampp\htdocs\ci4App\system\View\View.php(210): include('C:\\xampp\\htdocs...')
#2 C:\xampp\htdocs\ci4App\system\View\View.php(213): CodeIgniter\View\View->CodeIgniter\View\{closure}()
#3 C:\xampp\htdocs\ci4App\system\View\View.php(226): CodeIgniter\View\View->render('layouts/app', Array, true)
#4 C:\xampp\htdocs\ci4App\system\Common.php(1089): CodeIgniter\View\View->render('login', Array, true)
#5 C:\xampp\htdocs\ci4App\app\Controllers\UserController.php(114): view('login')
#6 C:\xampp\htdocs\ci4App\system\CodeIgniter.php(832): App\Controllers\UserController->register()
#7 C:\xampp\htdocs\ci4App\system\CodeIgniter.php(419): CodeIgniter\CodeIgniter->runController(Object(App\Controllers\UserController))
#8 C:\xampp\htdocs\ci4App\system\CodeIgniter.php(326): CodeIgniter\CodeIgniter->handleRequest(NULL, Object(Config\Cache), false)
#9 C:\xampp\htdocs\ci4App\public\index.php(37): CodeIgniter\CodeIgniter->run()
#10 C:\xampp\htdocs\ci4App\system\Commands\Server\rewrite.php(43): require_once('C:\\xampp\\htdocs...')
#11 {main}
CRITICAL - 2022-03-28 21:01:47 --> Undefined variable $title
#0 C:\xampp\htdocs\ci4App\app\Views\layouts\app.php(5): CodeIgniter\Debug\Exceptions->errorHandler(2, 'Undefined varia...', 'C:\\xampp\\htdocs...', 5)
#1 C:\xampp\htdocs\ci4App\system\View\View.php(210): include('C:\\xampp\\htdocs...')
#2 C:\xampp\htdocs\ci4App\system\View\View.php(213): CodeIgniter\View\View->CodeIgniter\View\{closure}()
#3 C:\xampp\htdocs\ci4App\system\View\View.php(226): CodeIgniter\View\View->render('layouts/app', Array, true)
#4 C:\xampp\htdocs\ci4App\system\Common.php(1089): CodeIgniter\View\View->render('login', Array, true)
#5 C:\xampp\htdocs\ci4App\app\Controllers\UserController.php(114): view('login')
#6 C:\xampp\htdocs\ci4App\system\CodeIgniter.php(832): App\Controllers\UserController->register()
#7 C:\xampp\htdocs\ci4App\system\CodeIgniter.php(419): CodeIgniter\CodeIgniter->runController(Object(App\Controllers\UserController))
#8 C:\xampp\htdocs\ci4App\system\CodeIgniter.php(326): CodeIgniter\CodeIgniter->handleRequest(NULL, Object(Config\Cache), false)
#9 C:\xampp\htdocs\ci4App\public\index.php(37): CodeIgniter\CodeIgniter->run()
#10 C:\xampp\htdocs\ci4App\system\Commands\Server\rewrite.php(43): require_once('C:\\xampp\\htdocs...')
#11 {main}
CRITICAL - 2022-03-28 22:55:08 --> syntax error, unexpected token ","
#0 C:\xampp\htdocs\ci4App\system\Router\Router.php(175): CodeIgniter\Router\Router->autoRoute('Mahasiswa')
#1 C:\xampp\htdocs\ci4App\system\CodeIgniter.php(726): CodeIgniter\Router\Router->handle('Mahasiswa')
#2 C:\xampp\htdocs\ci4App\system\CodeIgniter.php(368): CodeIgniter\CodeIgniter->tryToRouteIt(Object(CodeIgniter\Router\RouteCollection))
#3 C:\xampp\htdocs\ci4App\system\CodeIgniter.php(326): CodeIgniter\CodeIgniter->handleRequest(NULL, Object(Config\Cache), false)
#4 C:\xampp\htdocs\ci4App\public\index.php(37): CodeIgniter\CodeIgniter->run()
#5 C:\xampp\htdocs\ci4App\system\Commands\Server\rewrite.php(43): require_once('C:\\xampp\\htdocs...')
#6 {main}
CRITICAL - 2022-03-28 22:55:31 --> syntax error, unexpected token "}"
#0 C:\xampp\htdocs\ci4App\system\View\View.php(213): CodeIgniter\View\View->CodeIgniter\View\{closure}()
#1 C:\xampp\htdocs\ci4App\system\Common.php(1089): CodeIgniter\View\View->render('viewdatamahasis...', Array, true)
#2 C:\xampp\htdocs\ci4App\app\Views\layouts\content.php(2): view('viewdatamahasis...')
#3 C:\xampp\htdocs\ci4App\system\View\View.php(210): include('C:\\xampp\\htdocs...')
#4 C:\xampp\htdocs\ci4App\system\View\View.php(213): CodeIgniter\View\View->CodeIgniter\View\{closure}()
#5 C:\xampp\htdocs\ci4App\system\Common.php(1089): CodeIgniter\View\View->render('layouts/content', Array, true)
#6 C:\xampp\htdocs\ci4App\app\Views\layouts\wrapper.php(3): view('layouts/content')
#7 C:\xampp\htdocs\ci4App\system\View\View.php(210): include('C:\\xampp\\htdocs...')
#8 C:\xampp\htdocs\ci4App\system\View\View.php(213): CodeIgniter\View\View->CodeIgniter\View\{closure}()
#9 C:\xampp\htdocs\ci4App\system\Common.php(1089): CodeIgniter\View\View->render('layouts/wrapper', Array, true)
#10 C:\xampp\htdocs\ci4App\app\Controllers\Mahasiswa.php(35): view('layouts/wrapper', Array)
#11 C:\xampp\htdocs\ci4App\system\CodeIgniter.php(832): App\Controllers\Mahasiswa->index()
#12 C:\xampp\htdocs\ci4App\system\CodeIgniter.php(419): CodeIgniter\CodeIgniter->runController(Object(App\Controllers\Mahasiswa))
#13 C:\xampp\htdocs\ci4App\system\CodeIgniter.php(326): CodeIgniter\CodeIgniter->handleRequest(NULL, Object(Config\Cache), false)
#14 C:\xampp\htdocs\ci4App\public\index.php(37): CodeIgniter\CodeIgniter->run()
#15 C:\xampp\htdocs\ci4App\system\Commands\Server\rewrite.php(43): require_once('C:\\xampp\\htdocs...')
#16 {main}
