CRITICAL - 2022-03-09 01:19:33 --> Undefined variable $row
#0 C:\xampp\htdocs\CI4-CRUD\app\Views\ViewFormUpdate.php(52): CodeIgniter\Debug\Exceptions->errorHandler(2, 'Undefined varia...', 'C:\\xampp\\htdocs...', 52)
#1 C:\xampp\htdocs\CI4-CRUD\system\View\View.php(210): include('C:\\xampp\\htdocs...')
#2 C:\xampp\htdocs\CI4-CRUD\system\View\View.php(213): CodeIgniter\View\View->CodeIgniter\View\{closure}()
#3 C:\xampp\htdocs\CI4-CRUD\system\Common.php(1089): CodeIgniter\View\View->render('ViewFormUpdate', Array, true)
#4 C:\xampp\htdocs\CI4-CRUD\app\Controllers\Mahasiswa.php(78): view('ViewFormUpdate', Array)
#5 C:\xampp\htdocs\CI4-CRUD\system\CodeIgniter.php(832): App\Controllers\Mahasiswa->FormEdit('02193021390')
#6 C:\xampp\htdocs\CI4-CRUD\system\CodeIgniter.php(419): CodeIgniter\CodeIgniter->runController(Object(App\Controllers\Mahasiswa))
#7 C:\xampp\htdocs\CI4-CRUD\system\CodeIgniter.php(326): CodeIgniter\CodeIgniter->handleRequest(NULL, Object(Config\Cache), false)
#8 C:\xampp\htdocs\CI4-CRUD\public\index.php(37): CodeIgniter\CodeIgniter->run()
#9 C:\xampp\htdocs\CI4-CRUD\system\Commands\Server\rewrite.php(43): require_once('C:\\xampp\\htdocs...')
#10 {main}
CRITICAL - 2022-03-09 02:08:03 --> Undefined variable $nim
#0 C:\xampp\htdocs\CI4-CRUD\app\Views\ViewDataMahasiswa.php(131): CodeIgniter\Debug\Exceptions->errorHandler(2, 'Undefined varia...', 'C:\\xampp\\htdocs...', 131)
#1 C:\xampp\htdocs\CI4-CRUD\system\View\View.php(210): include('C:\\xampp\\htdocs...')
#2 C:\xampp\htdocs\CI4-CRUD\system\View\View.php(213): CodeIgniter\View\View->CodeIgniter\View\{closure}()
#3 C:\xampp\htdocs\CI4-CRUD\system\Common.php(1089): CodeIgniter\View\View->render('ViewDataMahasis...', Array, true)
#4 C:\xampp\htdocs\CI4-CRUD\app\Controllers\Mahasiswa.php(21): view('ViewDataMahasis...', Array)
#5 C:\xampp\htdocs\CI4-CRUD\system\CodeIgniter.php(832): App\Controllers\Mahasiswa->index()
#6 C:\xampp\htdocs\CI4-CRUD\system\CodeIgniter.php(419): CodeIgniter\CodeIgniter->runController(Object(App\Controllers\Mahasiswa))
#7 C:\xampp\htdocs\CI4-CRUD\system\CodeIgniter.php(326): CodeIgniter\CodeIgniter->handleRequest(NULL, Object(Config\Cache), false)
#8 C:\xampp\htdocs\CI4-CRUD\public\index.php(37): CodeIgniter\CodeIgniter->run()
#9 C:\xampp\htdocs\CI4-CRUD\system\Commands\Server\rewrite.php(43): require_once('C:\\xampp\\htdocs...')
#10 {main}
CRITICAL - 2022-03-09 02:18:50 --> Undefined variable $nim
#0 C:\xampp\htdocs\CI4-CRUD\app\Views\ViewDataMahasiswa.php(131): CodeIgniter\Debug\Exceptions->errorHandler(2, 'Undefined varia...', 'C:\\xampp\\htdocs...', 131)
#1 C:\xampp\htdocs\CI4-CRUD\system\View\View.php(210): include('C:\\xampp\\htdocs...')
#2 C:\xampp\htdocs\CI4-CRUD\system\View\View.php(213): CodeIgniter\View\View->CodeIgniter\View\{closure}()
#3 C:\xampp\htdocs\CI4-CRUD\system\Common.php(1089): CodeIgniter\View\View->render('ViewDataMahasis...', Array, true)
#4 C:\xampp\htdocs\CI4-CRUD\app\Controllers\Mahasiswa.php(20): view('ViewDataMahasis...', Array)
#5 C:\xampp\htdocs\CI4-CRUD\system\CodeIgniter.php(832): App\Controllers\Mahasiswa->index()
#6 C:\xampp\htdocs\CI4-CRUD\system\CodeIgniter.php(419): CodeIgniter\CodeIgniter->runController(Object(App\Controllers\Mahasiswa))
#7 C:\xampp\htdocs\CI4-CRUD\system\CodeIgniter.php(326): CodeIgniter\CodeIgniter->handleRequest(NULL, Object(Config\Cache), false)
#8 C:\xampp\htdocs\CI4-CRUD\public\index.php(37): CodeIgniter\CodeIgniter->run()
#9 C:\xampp\htdocs\CI4-CRUD\system\Commands\Server\rewrite.php(43): require_once('C:\\xampp\\htdocs...')
#10 {main}
CRITICAL - 2022-03-09 02:27:27 --> Undefined variable $nim
#0 C:\xampp\htdocs\CI4-CRUD\app\Views\ViewDataMahasiswa.php(131): CodeIgniter\Debug\Exceptions->errorHandler(2, 'Undefined varia...', 'C:\\xampp\\htdocs...', 131)
#1 C:\xampp\htdocs\CI4-CRUD\system\View\View.php(210): include('C:\\xampp\\htdocs...')
#2 C:\xampp\htdocs\CI4-CRUD\system\View\View.php(213): CodeIgniter\View\View->CodeIgniter\View\{closure}()
#3 C:\xampp\htdocs\CI4-CRUD\system\Common.php(1089): CodeIgniter\View\View->render('ViewDataMahasis...', Array, true)
#4 C:\xampp\htdocs\CI4-CRUD\app\Controllers\Mahasiswa.php(20): view('ViewDataMahasis...', Array)
#5 C:\xampp\htdocs\CI4-CRUD\system\CodeIgniter.php(832): App\Controllers\Mahasiswa->index()
#6 C:\xampp\htdocs\CI4-CRUD\system\CodeIgniter.php(419): CodeIgniter\CodeIgniter->runController(Object(App\Controllers\Mahasiswa))
#7 C:\xampp\htdocs\CI4-CRUD\system\CodeIgniter.php(326): CodeIgniter\CodeIgniter->handleRequest(NULL, Object(Config\Cache), false)
#8 C:\xampp\htdocs\CI4-CRUD\public\index.php(37): CodeIgniter\CodeIgniter->run()
#9 C:\xampp\htdocs\CI4-CRUD\system\Commands\Server\rewrite.php(43): require_once('C:\\xampp\\htdocs...')
#10 {main}
CRITICAL - 2022-03-09 07:37:49 --> Undefined variable $nim
#0 C:\xampp\htdocs\CI4-CRUD\app\Views\ViewDataMahasiswa.php(131): CodeIgniter\Debug\Exceptions->errorHandler(2, 'Undefined varia...', 'C:\\xampp\\htdocs...', 131)
#1 C:\xampp\htdocs\CI4-CRUD\system\View\View.php(210): include('C:\\xampp\\htdocs...')
#2 C:\xampp\htdocs\CI4-CRUD\system\View\View.php(213): CodeIgniter\View\View->CodeIgniter\View\{closure}()
#3 C:\xampp\htdocs\CI4-CRUD\system\Common.php(1089): CodeIgniter\View\View->render('ViewDataMahasis...', Array, true)
#4 C:\xampp\htdocs\CI4-CRUD\app\Controllers\Mahasiswa.php(20): view('ViewDataMahasis...', Array)
#5 C:\xampp\htdocs\CI4-CRUD\system\CodeIgniter.php(832): App\Controllers\Mahasiswa->index()
#6 C:\xampp\htdocs\CI4-CRUD\system\CodeIgniter.php(419): CodeIgniter\CodeIgniter->runController(Object(App\Controllers\Mahasiswa))
#7 C:\xampp\htdocs\CI4-CRUD\system\CodeIgniter.php(326): CodeIgniter\CodeIgniter->handleRequest(NULL, Object(Config\Cache), false)
#8 C:\xampp\htdocs\CI4-CRUD\public\index.php(37): CodeIgniter\CodeIgniter->run()
#9 C:\xampp\htdocs\CI4-CRUD\system\Commands\Server\rewrite.php(43): require_once('C:\\xampp\\htdocs...')
#10 {main}
CRITICAL - 2022-03-09 19:43:39 --> Undefined variable $nim
#0 C:\xampp\htdocs\CI4-CRUD\app\Views\ViewDataMahasiswa.php(131): CodeIgniter\Debug\Exceptions->errorHandler(2, 'Undefined varia...', 'C:\\xampp\\htdocs...', 131)
#1 C:\xampp\htdocs\CI4-CRUD\system\View\View.php(210): include('C:\\xampp\\htdocs...')
#2 C:\xampp\htdocs\CI4-CRUD\system\View\View.php(213): CodeIgniter\View\View->CodeIgniter\View\{closure}()
#3 C:\xampp\htdocs\CI4-CRUD\system\Common.php(1089): CodeIgniter\View\View->render('ViewDataMahasis...', Array, true)
#4 C:\xampp\htdocs\CI4-CRUD\app\Controllers\Mahasiswa.php(20): view('ViewDataMahasis...', Array)
#5 C:\xampp\htdocs\CI4-CRUD\system\CodeIgniter.php(832): App\Controllers\Mahasiswa->index()
#6 C:\xampp\htdocs\CI4-CRUD\system\CodeIgniter.php(419): CodeIgniter\CodeIgniter->runController(Object(App\Controllers\Mahasiswa))
#7 C:\xampp\htdocs\CI4-CRUD\system\CodeIgniter.php(326): CodeIgniter\CodeIgniter->handleRequest(NULL, Object(Config\Cache), false)
#8 C:\xampp\htdocs\CI4-CRUD\public\index.php(37): CodeIgniter\CodeIgniter->run()
#9 C:\xampp\htdocs\CI4-CRUD\system\Commands\Server\rewrite.php(43): require_once('C:\\xampp\\htdocs...')
#10 {main}
CRITICAL - 2022-03-09 19:58:46 --> Undefined variable $nim
#0 C:\xampp\htdocs\CI4-CRUD\app\Views\ViewDataMahasiswa.php(133): CodeIgniter\Debug\Exceptions->errorHandler(2, 'Undefined varia...', 'C:\\xampp\\htdocs...', 133)
#1 C:\xampp\htdocs\CI4-CRUD\system\View\View.php(210): include('C:\\xampp\\htdocs...')
#2 C:\xampp\htdocs\CI4-CRUD\system\View\View.php(213): CodeIgniter\View\View->CodeIgniter\View\{closure}()
#3 C:\xampp\htdocs\CI4-CRUD\system\Common.php(1089): CodeIgniter\View\View->render('ViewDataMahasis...', Array, true)
#4 C:\xampp\htdocs\CI4-CRUD\app\Controllers\Mahasiswa.php(20): view('ViewDataMahasis...', Array)
#5 C:\xampp\htdocs\CI4-CRUD\system\CodeIgniter.php(832): App\Controllers\Mahasiswa->index()
#6 C:\xampp\htdocs\CI4-CRUD\system\CodeIgniter.php(419): CodeIgniter\CodeIgniter->runController(Object(App\Controllers\Mahasiswa))
#7 C:\xampp\htdocs\CI4-CRUD\system\CodeIgniter.php(326): CodeIgniter\CodeIgniter->handleRequest(NULL, Object(Config\Cache), false)
#8 C:\xampp\htdocs\CI4-CRUD\public\index.php(37): CodeIgniter\CodeIgniter->run()
#9 C:\xampp\htdocs\CI4-CRUD\system\Commands\Server\rewrite.php(43): require_once('C:\\xampp\\htdocs...')
#10 {main}
CRITICAL - 2022-03-09 19:58:51 --> Undefined variable $nim
#0 C:\xampp\htdocs\CI4-CRUD\app\Views\ViewDataMahasiswa.php(133): CodeIgniter\Debug\Exceptions->errorHandler(2, 'Undefined varia...', 'C:\\xampp\\htdocs...', 133)
#1 C:\xampp\htdocs\CI4-CRUD\system\View\View.php(210): include('C:\\xampp\\htdocs...')
#2 C:\xampp\htdocs\CI4-CRUD\system\View\View.php(213): CodeIgniter\View\View->CodeIgniter\View\{closure}()
#3 C:\xampp\htdocs\CI4-CRUD\system\Common.php(1089): CodeIgniter\View\View->render('ViewDataMahasis...', Array, true)
#4 C:\xampp\htdocs\CI4-CRUD\app\Controllers\Mahasiswa.php(20): view('ViewDataMahasis...', Array)
#5 C:\xampp\htdocs\CI4-CRUD\system\CodeIgniter.php(832): App\Controllers\Mahasiswa->index()
#6 C:\xampp\htdocs\CI4-CRUD\system\CodeIgniter.php(419): CodeIgniter\CodeIgniter->runController(Object(App\Controllers\Mahasiswa))
#7 C:\xampp\htdocs\CI4-CRUD\system\CodeIgniter.php(326): CodeIgniter\CodeIgniter->handleRequest(NULL, Object(Config\Cache), false)
#8 C:\xampp\htdocs\CI4-CRUD\public\index.php(37): CodeIgniter\CodeIgniter->run()
#9 C:\xampp\htdocs\CI4-CRUD\system\Commands\Server\rewrite.php(43): require_once('C:\\xampp\\htdocs...')
#10 {main}
CRITICAL - 2022-03-09 20:12:27 --> Undefined variable $nim
#0 C:\xampp\htdocs\CI4-CRUD\app\Views\ViewDataMahasiswa.php(133): CodeIgniter\Debug\Exceptions->errorHandler(2, 'Undefined varia...', 'C:\\xampp\\htdocs...', 133)
#1 C:\xampp\htdocs\CI4-CRUD\system\View\View.php(210): include('C:\\xampp\\htdocs...')
#2 C:\xampp\htdocs\CI4-CRUD\system\View\View.php(213): CodeIgniter\View\View->CodeIgniter\View\{closure}()
#3 C:\xampp\htdocs\CI4-CRUD\system\Common.php(1089): CodeIgniter\View\View->render('ViewDataMahasis...', Array, true)
#4 C:\xampp\htdocs\CI4-CRUD\app\Controllers\Mahasiswa.php(20): view('ViewDataMahasis...', Array)
#5 C:\xampp\htdocs\CI4-CRUD\system\CodeIgniter.php(832): App\Controllers\Mahasiswa->index()
#6 C:\xampp\htdocs\CI4-CRUD\system\CodeIgniter.php(419): CodeIgniter\CodeIgniter->runController(Object(App\Controllers\Mahasiswa))
#7 C:\xampp\htdocs\CI4-CRUD\system\CodeIgniter.php(326): CodeIgniter\CodeIgniter->handleRequest(NULL, Object(Config\Cache), false)
#8 C:\xampp\htdocs\CI4-CRUD\public\index.php(37): CodeIgniter\CodeIgniter->run()
#9 C:\xampp\htdocs\CI4-CRUD\system\Commands\Server\rewrite.php(43): require_once('C:\\xampp\\htdocs...')
#10 {main}
CRITICAL - 2022-03-09 20:17:55 --> Undefined variable $nim
#0 C:\xampp\htdocs\CI4-CRUD\app\Views\ViewDataMahasiswa.php(133): CodeIgniter\Debug\Exceptions->errorHandler(2, 'Undefined varia...', 'C:\\xampp\\htdocs...', 133)
#1 C:\xampp\htdocs\CI4-CRUD\system\View\View.php(210): include('C:\\xampp\\htdocs...')
#2 C:\xampp\htdocs\CI4-CRUD\system\View\View.php(213): CodeIgniter\View\View->CodeIgniter\View\{closure}()
#3 C:\xampp\htdocs\CI4-CRUD\system\Common.php(1089): CodeIgniter\View\View->render('ViewDataMahasis...', Array, true)
#4 C:\xampp\htdocs\CI4-CRUD\app\Controllers\Mahasiswa.php(20): view('ViewDataMahasis...', Array)
#5 C:\xampp\htdocs\CI4-CRUD\system\CodeIgniter.php(832): App\Controllers\Mahasiswa->index()
#6 C:\xampp\htdocs\CI4-CRUD\system\CodeIgniter.php(419): CodeIgniter\CodeIgniter->runController(Object(App\Controllers\Mahasiswa))
#7 C:\xampp\htdocs\CI4-CRUD\system\CodeIgniter.php(326): CodeIgniter\CodeIgniter->handleRequest(NULL, Object(Config\Cache), false)
#8 C:\xampp\htdocs\CI4-CRUD\public\index.php(37): CodeIgniter\CodeIgniter->run()
#9 C:\xampp\htdocs\CI4-CRUD\system\Commands\Server\rewrite.php(43): require_once('C:\\xampp\\htdocs...')
#10 {main}
CRITICAL - 2022-03-09 20:58:14 --> Undefined property: stdClass::$product_id
#0 C:\xampp\htdocs\CI4-CRUD\app\Views\ViewDataMahasiswa.php(55): CodeIgniter\Debug\Exceptions->errorHandler(2, 'Undefined prope...', 'C:\\xampp\\htdocs...', 55)
#1 C:\xampp\htdocs\CI4-CRUD\system\View\View.php(210): include('C:\\xampp\\htdocs...')
#2 C:\xampp\htdocs\CI4-CRUD\system\View\View.php(213): CodeIgniter\View\View->CodeIgniter\View\{closure}()
#3 C:\xampp\htdocs\CI4-CRUD\system\Common.php(1089): CodeIgniter\View\View->render('ViewDataMahasis...', Array, true)
#4 C:\xampp\htdocs\CI4-CRUD\app\Controllers\Mahasiswa.php(20): view('ViewDataMahasis...', Array)
#5 C:\xampp\htdocs\CI4-CRUD\system\CodeIgniter.php(832): App\Controllers\Mahasiswa->index()
#6 C:\xampp\htdocs\CI4-CRUD\system\CodeIgniter.php(419): CodeIgniter\CodeIgniter->runController(Object(App\Controllers\Mahasiswa))
#7 C:\xampp\htdocs\CI4-CRUD\system\CodeIgniter.php(326): CodeIgniter\CodeIgniter->handleRequest(NULL, Object(Config\Cache), false)
#8 C:\xampp\htdocs\CI4-CRUD\public\index.php(37): CodeIgniter\CodeIgniter->run()
#9 C:\xampp\htdocs\CI4-CRUD\system\Commands\Server\rewrite.php(43): require_once('C:\\xampp\\htdocs...')
#10 {main}
CRITICAL - 2022-03-09 21:47:28 --> Undefined variable $nim
#0 C:\xampp\htdocs\CI4-CRUD\app\Views\ViewDataMahasiswa.php(134): CodeIgniter\Debug\Exceptions->errorHandler(2, 'Undefined varia...', 'C:\\xampp\\htdocs...', 134)
#1 C:\xampp\htdocs\CI4-CRUD\system\View\View.php(210): include('C:\\xampp\\htdocs...')
#2 C:\xampp\htdocs\CI4-CRUD\system\View\View.php(213): CodeIgniter\View\View->CodeIgniter\View\{closure}()
#3 C:\xampp\htdocs\CI4-CRUD\system\Common.php(1089): CodeIgniter\View\View->render('ViewDataMahasis...', Array, true)
#4 C:\xampp\htdocs\CI4-CRUD\app\Controllers\Mahasiswa.php(20): view('ViewDataMahasis...', Array)
#5 C:\xampp\htdocs\CI4-CRUD\system\CodeIgniter.php(832): App\Controllers\Mahasiswa->index()
#6 C:\xampp\htdocs\CI4-CRUD\system\CodeIgniter.php(419): CodeIgniter\CodeIgniter->runController(Object(App\Controllers\Mahasiswa))
#7 C:\xampp\htdocs\CI4-CRUD\system\CodeIgniter.php(326): CodeIgniter\CodeIgniter->handleRequest(NULL, Object(Config\Cache), false)
#8 C:\xampp\htdocs\CI4-CRUD\public\index.php(37): CodeIgniter\CodeIgniter->run()
#9 C:\xampp\htdocs\CI4-CRUD\system\Commands\Server\rewrite.php(43): require_once('C:\\xampp\\htdocs...')
#10 {main}
